[2026-06-07T03:27:02.227+0000] {local_task_job_runner.py:120} INFO - ::group::Pre task execution logs
[2026-06-07T03:27:02.255+0000] {taskinstance.py:2076} INFO - Dependencies all met for dep_context=non-requeueable deps ti=<TaskInstance: lms_etl_dag.load_disciplines manual__2026-06-07T03:26:52.011353+00:00 [queued]>
[2026-06-07T03:27:02.262+0000] {taskinstance.py:2076} INFO - Dependencies all met for dep_context=requeueable deps ti=<TaskInstance: lms_etl_dag.load_disciplines manual__2026-06-07T03:26:52.011353+00:00 [queued]>
[2026-06-07T03:27:02.264+0000] {taskinstance.py:2306} INFO - Starting attempt 1 of 2
[2026-06-07T03:27:02.343+0000] {taskinstance.py:2330} INFO - Executing <Task(PythonOperator): load_disciplines> on 2026-06-07 03:26:52.011353+00:00
[2026-06-07T03:27:02.348+0000] {standard_task_runner.py:64} INFO - Started process 350 to run task
[2026-06-07T03:27:02.351+0000] {standard_task_runner.py:90} INFO - Running: ['airflow', 'tasks', 'run', 'lms_etl_dag', 'load_disciplines', 'manual__2026-06-07T03:26:52.011353+00:00', '--job-id', '30', '--raw', '--subdir', 'DAGS_FOLDER/lms_etl_dag.py', '--cfg-path', '/tmp/tmp7jai4ynz']
[2026-06-07T03:27:02.353+0000] {standard_task_runner.py:91} INFO - Job 30: Subtask load_disciplines
[2026-06-07T03:27:02.524+0000] {task_command.py:426} INFO - Running <TaskInstance: lms_etl_dag.load_disciplines manual__2026-06-07T03:26:52.011353+00:00 [running]> on host 5672866a0c22
[2026-06-07T03:27:02.791+0000] {taskinstance.py:2648} INFO - Exporting env vars: AIRFLOW_CTX_DAG_OWNER='lms' AIRFLOW_CTX_DAG_ID='lms_etl_dag' AIRFLOW_CTX_TASK_ID='load_disciplines' AIRFLOW_CTX_EXECUTION_DATE='2026-06-07T03:26:52.011353+00:00' AIRFLOW_CTX_TRY_NUMBER='1' AIRFLOW_CTX_DAG_RUN_ID='manual__2026-06-07T03:26:52.011353+00:00'
[2026-06-07T03:27:02.792+0000] {taskinstance.py:430} INFO - ::endgroup::
[2026-06-07T03:27:02.951+0000] {base.py:84} INFO - Using connection ID 'postgres_lms' for task execution.
[2026-06-07T03:27:02.959+0000] {sql.py:495} INFO - Running statement: DELETE FROM discipline WHERE code LIKE 'TMP_DQ_%', parameters: None
[2026-06-07T03:27:03.127+0000] {sql.py:504} INFO - Rows affected: 0
[2026-06-07T03:27:03.129+0000] {base.py:84} INFO - Using connection ID 'postgres_lms' for task execution.
[2026-06-07T03:27:03.429+0000] {python.py:237} INFO - Done. Returned value was: None
[2026-06-07T03:27:03.431+0000] {taskinstance.py:441} INFO - ::group::Post task execution logs
[2026-06-07T03:27:03.444+0000] {taskinstance.py:1206} INFO - Marking task as SUCCESS. dag_id=lms_etl_dag, task_id=load_disciplines, run_id=manual__2026-06-07T03:26:52.011353+00:00, execution_date=20260607T032652, start_date=20260607T032702, end_date=20260607T032703
[2026-06-07T03:27:03.648+0000] {local_task_job_runner.py:243} INFO - Task exited with return code 0
[2026-06-07T03:27:03.676+0000] {taskinstance.py:3503} INFO - 1 downstream tasks scheduled from follow-on schedule check
[2026-06-07T03:27:03.761+0000] {local_task_job_runner.py:222} INFO - ::endgroup::
