[2026-06-07T03:24:03.087+0000] {processor.py:161} INFO - Started process (PID=190) to work on /opt/airflow/dags/lms_analytics_dag.py
[2026-06-07T03:24:03.089+0000] {processor.py:830} INFO - Processing file /opt/airflow/dags/lms_analytics_dag.py for tasks to queue
[2026-06-07T03:24:03.091+0000] {logging_mixin.py:188} INFO - [2026-06-07T03:24:03.090+0000] {dagbag.py:545} INFO - Filling up the DagBag from /opt/airflow/dags/lms_analytics_dag.py
[2026-06-07T03:24:03.128+0000] {processor.py:840} INFO - DAG(s) 'lms_analytics_dag' retrieved from /opt/airflow/dags/lms_analytics_dag.py
[2026-06-07T03:24:03.651+0000] {logging_mixin.py:188} INFO - [2026-06-07T03:24:03.651+0000] {dag.py:3089} INFO - Sync 1 DAGs
[2026-06-07T03:24:03.660+0000] {logging_mixin.py:188} INFO - [2026-06-07T03:24:03.660+0000] {dag.py:3947} INFO - Setting next_dagrun for lms_analytics_dag to None, run_after=None
[2026-06-07T03:24:04.661+0000] {processor.py:183} INFO - Processing /opt/airflow/dags/lms_analytics_dag.py took 1.580 seconds
[2026-06-07T03:24:34.934+0000] {processor.py:161} INFO - Started process (PID=213) to work on /opt/airflow/dags/lms_analytics_dag.py
[2026-06-07T03:24:34.935+0000] {processor.py:830} INFO - Processing file /opt/airflow/dags/lms_analytics_dag.py for tasks to queue
[2026-06-07T03:24:34.938+0000] {logging_mixin.py:188} INFO - [2026-06-07T03:24:34.937+0000] {dagbag.py:545} INFO - Filling up the DagBag from /opt/airflow/dags/lms_analytics_dag.py
[2026-06-07T03:24:34.962+0000] {processor.py:840} INFO - DAG(s) 'lms_analytics_dag' retrieved from /opt/airflow/dags/lms_analytics_dag.py
[2026-06-07T03:24:34.992+0000] {logging_mixin.py:188} INFO - [2026-06-07T03:24:34.991+0000] {dag.py:3089} INFO - Sync 1 DAGs
[2026-06-07T03:24:35.004+0000] {logging_mixin.py:188} INFO - [2026-06-07T03:24:35.003+0000] {dag.py:3947} INFO - Setting next_dagrun for lms_analytics_dag to None, run_after=None
[2026-06-07T03:24:35.200+0000] {processor.py:183} INFO - Processing /opt/airflow/dags/lms_analytics_dag.py took 0.273 seconds
[2026-06-07T03:25:05.536+0000] {processor.py:161} INFO - Started process (PID=235) to work on /opt/airflow/dags/lms_analytics_dag.py
[2026-06-07T03:25:05.537+0000] {processor.py:830} INFO - Processing file /opt/airflow/dags/lms_analytics_dag.py for tasks to queue
[2026-06-07T03:25:05.540+0000] {logging_mixin.py:188} INFO - [2026-06-07T03:25:05.539+0000] {dagbag.py:545} INFO - Filling up the DagBag from /opt/airflow/dags/lms_analytics_dag.py
[2026-06-07T03:25:05.565+0000] {processor.py:840} INFO - DAG(s) 'lms_analytics_dag' retrieved from /opt/airflow/dags/lms_analytics_dag.py
[2026-06-07T03:25:05.593+0000] {logging_mixin.py:188} INFO - [2026-06-07T03:25:05.593+0000] {dag.py:3089} INFO - Sync 1 DAGs
[2026-06-07T03:25:05.760+0000] {logging_mixin.py:188} INFO - [2026-06-07T03:25:05.760+0000] {dag.py:3947} INFO - Setting next_dagrun for lms_analytics_dag to None, run_after=None
[2026-06-07T03:25:05.903+0000] {processor.py:183} INFO - Processing /opt/airflow/dags/lms_analytics_dag.py took 0.377 seconds
[2026-06-07T03:25:36.289+0000] {processor.py:161} INFO - Started process (PID=257) to work on /opt/airflow/dags/lms_analytics_dag.py
[2026-06-07T03:25:36.291+0000] {processor.py:830} INFO - Processing file /opt/airflow/dags/lms_analytics_dag.py for tasks to queue
[2026-06-07T03:25:36.293+0000] {logging_mixin.py:188} INFO - [2026-06-07T03:25:36.293+0000] {dagbag.py:545} INFO - Filling up the DagBag from /opt/airflow/dags/lms_analytics_dag.py
[2026-06-07T03:25:36.317+0000] {processor.py:840} INFO - DAG(s) 'lms_analytics_dag' retrieved from /opt/airflow/dags/lms_analytics_dag.py
[2026-06-07T03:25:36.349+0000] {logging_mixin.py:188} INFO - [2026-06-07T03:25:36.348+0000] {dag.py:3089} INFO - Sync 1 DAGs
[2026-06-07T03:25:36.363+0000] {logging_mixin.py:188} INFO - [2026-06-07T03:25:36.363+0000] {dag.py:3947} INFO - Setting next_dagrun for lms_analytics_dag to None, run_after=None
[2026-06-07T03:25:36.538+0000] {processor.py:183} INFO - Processing /opt/airflow/dags/lms_analytics_dag.py took 0.255 seconds
[2026-06-07T03:26:06.790+0000] {processor.py:161} INFO - Started process (PID=279) to work on /opt/airflow/dags/lms_analytics_dag.py
[2026-06-07T03:26:06.792+0000] {processor.py:830} INFO - Processing file /opt/airflow/dags/lms_analytics_dag.py for tasks to queue
[2026-06-07T03:26:06.793+0000] {logging_mixin.py:188} INFO - [2026-06-07T03:26:06.793+0000] {dagbag.py:545} INFO - Filling up the DagBag from /opt/airflow/dags/lms_analytics_dag.py
[2026-06-07T03:26:06.821+0000] {processor.py:840} INFO - DAG(s) 'lms_analytics_dag' retrieved from /opt/airflow/dags/lms_analytics_dag.py
[2026-06-07T03:26:06.849+0000] {logging_mixin.py:188} INFO - [2026-06-07T03:26:06.849+0000] {dag.py:3089} INFO - Sync 1 DAGs
[2026-06-07T03:26:06.862+0000] {logging_mixin.py:188} INFO - [2026-06-07T03:26:06.861+0000] {dag.py:3947} INFO - Setting next_dagrun for lms_analytics_dag to None, run_after=None
[2026-06-07T03:26:07.012+0000] {processor.py:183} INFO - Processing /opt/airflow/dags/lms_analytics_dag.py took 0.229 seconds
[2026-06-07T03:26:37.115+0000] {processor.py:161} INFO - Started process (PID=301) to work on /opt/airflow/dags/lms_analytics_dag.py
[2026-06-07T03:26:37.117+0000] {processor.py:830} INFO - Processing file /opt/airflow/dags/lms_analytics_dag.py for tasks to queue
[2026-06-07T03:26:37.119+0000] {logging_mixin.py:188} INFO - [2026-06-07T03:26:37.118+0000] {dagbag.py:545} INFO - Filling up the DagBag from /opt/airflow/dags/lms_analytics_dag.py
[2026-06-07T03:26:37.150+0000] {processor.py:840} INFO - DAG(s) 'lms_analytics_dag' retrieved from /opt/airflow/dags/lms_analytics_dag.py
[2026-06-07T03:26:37.184+0000] {logging_mixin.py:188} INFO - [2026-06-07T03:26:37.184+0000] {dag.py:3089} INFO - Sync 1 DAGs
[2026-06-07T03:26:37.195+0000] {logging_mixin.py:188} INFO - [2026-06-07T03:26:37.195+0000] {dag.py:3947} INFO - Setting next_dagrun for lms_analytics_dag to None, run_after=None
[2026-06-07T03:26:37.311+0000] {processor.py:183} INFO - Processing /opt/airflow/dags/lms_analytics_dag.py took 0.206 seconds
[2026-06-07T03:27:07.575+0000] {processor.py:161} INFO - Started process (PID=363) to work on /opt/airflow/dags/lms_analytics_dag.py
[2026-06-07T03:27:07.576+0000] {processor.py:830} INFO - Processing file /opt/airflow/dags/lms_analytics_dag.py for tasks to queue
[2026-06-07T03:27:07.578+0000] {logging_mixin.py:188} INFO - [2026-06-07T03:27:07.578+0000] {dagbag.py:545} INFO - Filling up the DagBag from /opt/airflow/dags/lms_analytics_dag.py
[2026-06-07T03:27:07.602+0000] {processor.py:840} INFO - DAG(s) 'lms_analytics_dag' retrieved from /opt/airflow/dags/lms_analytics_dag.py
[2026-06-07T03:27:07.628+0000] {logging_mixin.py:188} INFO - [2026-06-07T03:27:07.628+0000] {dag.py:3089} INFO - Sync 1 DAGs
[2026-06-07T03:27:07.640+0000] {logging_mixin.py:188} INFO - [2026-06-07T03:27:07.640+0000] {dag.py:3947} INFO - Setting next_dagrun for lms_analytics_dag to None, run_after=None
[2026-06-07T03:27:07.923+0000] {processor.py:183} INFO - Processing /opt/airflow/dags/lms_analytics_dag.py took 0.355 seconds
[2026-06-07T03:27:38.809+0000] {processor.py:161} INFO - Started process (PID=406) to work on /opt/airflow/dags/lms_analytics_dag.py
[2026-06-07T03:27:38.811+0000] {processor.py:830} INFO - Processing file /opt/airflow/dags/lms_analytics_dag.py for tasks to queue
[2026-06-07T03:27:38.813+0000] {logging_mixin.py:188} INFO - [2026-06-07T03:27:38.813+0000] {dagbag.py:545} INFO - Filling up the DagBag from /opt/airflow/dags/lms_analytics_dag.py
[2026-06-07T03:27:38.917+0000] {processor.py:840} INFO - DAG(s) 'lms_analytics_dag' retrieved from /opt/airflow/dags/lms_analytics_dag.py
[2026-06-07T03:27:38.998+0000] {logging_mixin.py:188} INFO - [2026-06-07T03:27:38.998+0000] {dag.py:3089} INFO - Sync 1 DAGs
[2026-06-07T03:27:39.084+0000] {logging_mixin.py:188} INFO - [2026-06-07T03:27:39.083+0000] {dag.py:3947} INFO - Setting next_dagrun for lms_analytics_dag to None, run_after=None
[2026-06-07T03:27:39.213+0000] {processor.py:183} INFO - Processing /opt/airflow/dags/lms_analytics_dag.py took 0.422 seconds
[2026-06-07T03:28:09.539+0000] {processor.py:161} INFO - Started process (PID=437) to work on /opt/airflow/dags/lms_analytics_dag.py
[2026-06-07T03:28:09.540+0000] {processor.py:830} INFO - Processing file /opt/airflow/dags/lms_analytics_dag.py for tasks to queue
[2026-06-07T03:28:09.542+0000] {logging_mixin.py:188} INFO - [2026-06-07T03:28:09.542+0000] {dagbag.py:545} INFO - Filling up the DagBag from /opt/airflow/dags/lms_analytics_dag.py
[2026-06-07T03:28:09.569+0000] {processor.py:840} INFO - DAG(s) 'lms_analytics_dag' retrieved from /opt/airflow/dags/lms_analytics_dag.py
[2026-06-07T03:28:09.599+0000] {logging_mixin.py:188} INFO - [2026-06-07T03:28:09.599+0000] {dag.py:3089} INFO - Sync 1 DAGs
[2026-06-07T03:28:09.613+0000] {logging_mixin.py:188} INFO - [2026-06-07T03:28:09.613+0000] {dag.py:3947} INFO - Setting next_dagrun for lms_analytics_dag to None, run_after=None
[2026-06-07T03:28:09.807+0000] {processor.py:183} INFO - Processing /opt/airflow/dags/lms_analytics_dag.py took 0.275 seconds
[2026-06-07T03:28:40.094+0000] {processor.py:161} INFO - Started process (PID=459) to work on /opt/airflow/dags/lms_analytics_dag.py
[2026-06-07T03:28:40.095+0000] {processor.py:830} INFO - Processing file /opt/airflow/dags/lms_analytics_dag.py for tasks to queue
[2026-06-07T03:28:40.097+0000] {logging_mixin.py:188} INFO - [2026-06-07T03:28:40.097+0000] {dagbag.py:545} INFO - Filling up the DagBag from /opt/airflow/dags/lms_analytics_dag.py
[2026-06-07T03:28:40.122+0000] {processor.py:840} INFO - DAG(s) 'lms_analytics_dag' retrieved from /opt/airflow/dags/lms_analytics_dag.py
[2026-06-07T03:28:40.150+0000] {logging_mixin.py:188} INFO - [2026-06-07T03:28:40.150+0000] {dag.py:3089} INFO - Sync 1 DAGs
[2026-06-07T03:28:40.163+0000] {logging_mixin.py:188} INFO - [2026-06-07T03:28:40.163+0000] {dag.py:3947} INFO - Setting next_dagrun for lms_analytics_dag to None, run_after=None
[2026-06-07T03:28:40.382+0000] {processor.py:183} INFO - Processing /opt/airflow/dags/lms_analytics_dag.py took 0.295 seconds
[2026-06-07T03:29:10.654+0000] {processor.py:161} INFO - Started process (PID=481) to work on /opt/airflow/dags/lms_analytics_dag.py
[2026-06-07T03:29:10.655+0000] {processor.py:830} INFO - Processing file /opt/airflow/dags/lms_analytics_dag.py for tasks to queue
[2026-06-07T03:29:10.657+0000] {logging_mixin.py:188} INFO - [2026-06-07T03:29:10.657+0000] {dagbag.py:545} INFO - Filling up the DagBag from /opt/airflow/dags/lms_analytics_dag.py
[2026-06-07T03:29:10.683+0000] {processor.py:840} INFO - DAG(s) 'lms_analytics_dag' retrieved from /opt/airflow/dags/lms_analytics_dag.py
[2026-06-07T03:29:10.710+0000] {logging_mixin.py:188} INFO - [2026-06-07T03:29:10.709+0000] {dag.py:3089} INFO - Sync 1 DAGs
[2026-06-07T03:29:10.721+0000] {logging_mixin.py:188} INFO - [2026-06-07T03:29:10.721+0000] {dag.py:3947} INFO - Setting next_dagrun for lms_analytics_dag to None, run_after=None
[2026-06-07T03:29:10.886+0000] {processor.py:183} INFO - Processing /opt/airflow/dags/lms_analytics_dag.py took 0.239 seconds
[2026-06-07T03:29:41.763+0000] {processor.py:161} INFO - Started process (PID=503) to work on /opt/airflow/dags/lms_analytics_dag.py
[2026-06-07T03:29:41.764+0000] {processor.py:830} INFO - Processing file /opt/airflow/dags/lms_analytics_dag.py for tasks to queue
[2026-06-07T03:29:41.766+0000] {logging_mixin.py:188} INFO - [2026-06-07T03:29:41.766+0000] {dagbag.py:545} INFO - Filling up the DagBag from /opt/airflow/dags/lms_analytics_dag.py
[2026-06-07T03:29:41.788+0000] {processor.py:840} INFO - DAG(s) 'lms_analytics_dag' retrieved from /opt/airflow/dags/lms_analytics_dag.py
[2026-06-07T03:29:41.815+0000] {logging_mixin.py:188} INFO - [2026-06-07T03:29:41.814+0000] {dag.py:3089} INFO - Sync 1 DAGs
[2026-06-07T03:29:41.826+0000] {logging_mixin.py:188} INFO - [2026-06-07T03:29:41.826+0000] {dag.py:3947} INFO - Setting next_dagrun for lms_analytics_dag to None, run_after=None
[2026-06-07T03:29:42.164+0000] {processor.py:183} INFO - Processing /opt/airflow/dags/lms_analytics_dag.py took 0.408 seconds
[2026-06-07T03:30:12.600+0000] {processor.py:161} INFO - Started process (PID=525) to work on /opt/airflow/dags/lms_analytics_dag.py
[2026-06-07T03:30:12.601+0000] {processor.py:830} INFO - Processing file /opt/airflow/dags/lms_analytics_dag.py for tasks to queue
[2026-06-07T03:30:12.605+0000] {logging_mixin.py:188} INFO - [2026-06-07T03:30:12.604+0000] {dagbag.py:545} INFO - Filling up the DagBag from /opt/airflow/dags/lms_analytics_dag.py
[2026-06-07T03:30:12.633+0000] {processor.py:840} INFO - DAG(s) 'lms_analytics_dag' retrieved from /opt/airflow/dags/lms_analytics_dag.py
[2026-06-07T03:30:12.659+0000] {logging_mixin.py:188} INFO - [2026-06-07T03:30:12.659+0000] {dag.py:3089} INFO - Sync 1 DAGs
[2026-06-07T03:30:12.671+0000] {logging_mixin.py:188} INFO - [2026-06-07T03:30:12.671+0000] {dag.py:3947} INFO - Setting next_dagrun for lms_analytics_dag to None, run_after=None
[2026-06-07T03:30:13.331+0000] {processor.py:183} INFO - Processing /opt/airflow/dags/lms_analytics_dag.py took 0.741 seconds
[2026-06-07T03:30:43.849+0000] {processor.py:161} INFO - Started process (PID=547) to work on /opt/airflow/dags/lms_analytics_dag.py
[2026-06-07T03:30:43.850+0000] {processor.py:830} INFO - Processing file /opt/airflow/dags/lms_analytics_dag.py for tasks to queue
[2026-06-07T03:30:43.853+0000] {logging_mixin.py:188} INFO - [2026-06-07T03:30:43.852+0000] {dagbag.py:545} INFO - Filling up the DagBag from /opt/airflow/dags/lms_analytics_dag.py
[2026-06-07T03:30:43.878+0000] {processor.py:840} INFO - DAG(s) 'lms_analytics_dag' retrieved from /opt/airflow/dags/lms_analytics_dag.py
[2026-06-07T03:30:43.907+0000] {logging_mixin.py:188} INFO - [2026-06-07T03:30:43.907+0000] {dag.py:3089} INFO - Sync 1 DAGs
[2026-06-07T03:30:43.924+0000] {logging_mixin.py:188} INFO - [2026-06-07T03:30:43.924+0000] {dag.py:3947} INFO - Setting next_dagrun for lms_analytics_dag to None, run_after=None
[2026-06-07T03:30:44.036+0000] {processor.py:183} INFO - Processing /opt/airflow/dags/lms_analytics_dag.py took 0.195 seconds
[2026-06-07T03:31:14.308+0000] {processor.py:161} INFO - Started process (PID=563) to work on /opt/airflow/dags/lms_analytics_dag.py
[2026-06-07T03:31:14.309+0000] {processor.py:830} INFO - Processing file /opt/airflow/dags/lms_analytics_dag.py for tasks to queue
[2026-06-07T03:31:14.311+0000] {logging_mixin.py:188} INFO - [2026-06-07T03:31:14.311+0000] {dagbag.py:545} INFO - Filling up the DagBag from /opt/airflow/dags/lms_analytics_dag.py
[2026-06-07T03:31:14.334+0000] {processor.py:840} INFO - DAG(s) 'lms_analytics_dag' retrieved from /opt/airflow/dags/lms_analytics_dag.py
[2026-06-07T03:31:14.361+0000] {logging_mixin.py:188} INFO - [2026-06-07T03:31:14.361+0000] {dag.py:3089} INFO - Sync 1 DAGs
[2026-06-07T03:31:14.372+0000] {logging_mixin.py:188} INFO - [2026-06-07T03:31:14.372+0000] {dag.py:3947} INFO - Setting next_dagrun for lms_analytics_dag to None, run_after=None
[2026-06-07T03:31:14.597+0000] {processor.py:183} INFO - Processing /opt/airflow/dags/lms_analytics_dag.py took 0.297 seconds
[2026-06-07T03:31:45.425+0000] {processor.py:161} INFO - Started process (PID=585) to work on /opt/airflow/dags/lms_analytics_dag.py
[2026-06-07T03:31:45.427+0000] {processor.py:830} INFO - Processing file /opt/airflow/dags/lms_analytics_dag.py for tasks to queue
[2026-06-07T03:31:45.429+0000] {logging_mixin.py:188} INFO - [2026-06-07T03:31:45.428+0000] {dagbag.py:545} INFO - Filling up the DagBag from /opt/airflow/dags/lms_analytics_dag.py
[2026-06-07T03:31:45.453+0000] {processor.py:840} INFO - DAG(s) 'lms_analytics_dag' retrieved from /opt/airflow/dags/lms_analytics_dag.py
[2026-06-07T03:31:45.479+0000] {logging_mixin.py:188} INFO - [2026-06-07T03:31:45.479+0000] {dag.py:3089} INFO - Sync 1 DAGs
[2026-06-07T03:31:45.491+0000] {logging_mixin.py:188} INFO - [2026-06-07T03:31:45.491+0000] {dag.py:3947} INFO - Setting next_dagrun for lms_analytics_dag to None, run_after=None
[2026-06-07T03:31:45.592+0000] {processor.py:183} INFO - Processing /opt/airflow/dags/lms_analytics_dag.py took 0.173 seconds
[2026-06-07T03:32:15.874+0000] {processor.py:161} INFO - Started process (PID=607) to work on /opt/airflow/dags/lms_analytics_dag.py
[2026-06-07T03:32:15.875+0000] {processor.py:830} INFO - Processing file /opt/airflow/dags/lms_analytics_dag.py for tasks to queue
[2026-06-07T03:32:15.878+0000] {logging_mixin.py:188} INFO - [2026-06-07T03:32:15.877+0000] {dagbag.py:545} INFO - Filling up the DagBag from /opt/airflow/dags/lms_analytics_dag.py
[2026-06-07T03:32:15.909+0000] {processor.py:840} INFO - DAG(s) 'lms_analytics_dag' retrieved from /opt/airflow/dags/lms_analytics_dag.py
[2026-06-07T03:32:15.970+0000] {logging_mixin.py:188} INFO - [2026-06-07T03:32:15.969+0000] {dag.py:3089} INFO - Sync 1 DAGs
[2026-06-07T03:32:16.033+0000] {logging_mixin.py:188} INFO - [2026-06-07T03:32:16.032+0000] {dag.py:3947} INFO - Setting next_dagrun for lms_analytics_dag to None, run_after=None
[2026-06-07T03:32:16.230+0000] {processor.py:183} INFO - Processing /opt/airflow/dags/lms_analytics_dag.py took 0.365 seconds
[2026-06-07T03:32:46.297+0000] {processor.py:161} INFO - Started process (PID=629) to work on /opt/airflow/dags/lms_analytics_dag.py
[2026-06-07T03:32:46.298+0000] {processor.py:830} INFO - Processing file /opt/airflow/dags/lms_analytics_dag.py for tasks to queue
[2026-06-07T03:32:46.301+0000] {logging_mixin.py:188} INFO - [2026-06-07T03:32:46.300+0000] {dagbag.py:545} INFO - Filling up the DagBag from /opt/airflow/dags/lms_analytics_dag.py
[2026-06-07T03:32:46.334+0000] {processor.py:840} INFO - DAG(s) 'lms_analytics_dag' retrieved from /opt/airflow/dags/lms_analytics_dag.py
[2026-06-07T03:32:46.374+0000] {logging_mixin.py:188} INFO - [2026-06-07T03:32:46.374+0000] {dag.py:3089} INFO - Sync 1 DAGs
[2026-06-07T03:32:46.392+0000] {logging_mixin.py:188} INFO - [2026-06-07T03:32:46.392+0000] {dag.py:3947} INFO - Setting next_dagrun for lms_analytics_dag to None, run_after=None
[2026-06-07T03:32:46.730+0000] {processor.py:183} INFO - Processing /opt/airflow/dags/lms_analytics_dag.py took 0.442 seconds
[2026-06-07T03:33:17.385+0000] {processor.py:161} INFO - Started process (PID=651) to work on /opt/airflow/dags/lms_analytics_dag.py
[2026-06-07T03:33:17.386+0000] {processor.py:830} INFO - Processing file /opt/airflow/dags/lms_analytics_dag.py for tasks to queue
[2026-06-07T03:33:17.388+0000] {logging_mixin.py:188} INFO - [2026-06-07T03:33:17.388+0000] {dagbag.py:545} INFO - Filling up the DagBag from /opt/airflow/dags/lms_analytics_dag.py
[2026-06-07T03:33:17.412+0000] {processor.py:840} INFO - DAG(s) 'lms_analytics_dag' retrieved from /opt/airflow/dags/lms_analytics_dag.py
[2026-06-07T03:33:17.438+0000] {logging_mixin.py:188} INFO - [2026-06-07T03:33:17.438+0000] {dag.py:3089} INFO - Sync 1 DAGs
[2026-06-07T03:33:17.449+0000] {logging_mixin.py:188} INFO - [2026-06-07T03:33:17.449+0000] {dag.py:3947} INFO - Setting next_dagrun for lms_analytics_dag to None, run_after=None
[2026-06-07T03:33:17.633+0000] {processor.py:183} INFO - Processing /opt/airflow/dags/lms_analytics_dag.py took 0.254 seconds
[2026-06-07T03:33:47.913+0000] {processor.py:161} INFO - Started process (PID=673) to work on /opt/airflow/dags/lms_analytics_dag.py
[2026-06-07T03:33:47.914+0000] {processor.py:830} INFO - Processing file /opt/airflow/dags/lms_analytics_dag.py for tasks to queue
[2026-06-07T03:33:47.917+0000] {logging_mixin.py:188} INFO - [2026-06-07T03:33:47.917+0000] {dagbag.py:545} INFO - Filling up the DagBag from /opt/airflow/dags/lms_analytics_dag.py
[2026-06-07T03:33:47.947+0000] {processor.py:840} INFO - DAG(s) 'lms_analytics_dag' retrieved from /opt/airflow/dags/lms_analytics_dag.py
[2026-06-07T03:33:47.976+0000] {logging_mixin.py:188} INFO - [2026-06-07T03:33:47.976+0000] {dag.py:3089} INFO - Sync 1 DAGs
[2026-06-07T03:33:47.989+0000] {logging_mixin.py:188} INFO - [2026-06-07T03:33:47.989+0000] {dag.py:3947} INFO - Setting next_dagrun for lms_analytics_dag to None, run_after=None
[2026-06-07T03:33:48.195+0000] {processor.py:183} INFO - Processing /opt/airflow/dags/lms_analytics_dag.py took 0.295 seconds
[2026-06-07T03:34:19.111+0000] {processor.py:161} INFO - Started process (PID=695) to work on /opt/airflow/dags/lms_analytics_dag.py
[2026-06-07T03:34:19.112+0000] {processor.py:830} INFO - Processing file /opt/airflow/dags/lms_analytics_dag.py for tasks to queue
[2026-06-07T03:34:19.114+0000] {logging_mixin.py:188} INFO - [2026-06-07T03:34:19.114+0000] {dagbag.py:545} INFO - Filling up the DagBag from /opt/airflow/dags/lms_analytics_dag.py
[2026-06-07T03:34:19.139+0000] {processor.py:840} INFO - DAG(s) 'lms_analytics_dag' retrieved from /opt/airflow/dags/lms_analytics_dag.py
[2026-06-07T03:34:19.167+0000] {logging_mixin.py:188} INFO - [2026-06-07T03:34:19.167+0000] {dag.py:3089} INFO - Sync 1 DAGs
[2026-06-07T03:34:19.179+0000] {logging_mixin.py:188} INFO - [2026-06-07T03:34:19.178+0000] {dag.py:3947} INFO - Setting next_dagrun for lms_analytics_dag to None, run_after=None
[2026-06-07T03:34:19.304+0000] {processor.py:183} INFO - Processing /opt/airflow/dags/lms_analytics_dag.py took 0.200 seconds
[2026-06-07T03:34:49.578+0000] {processor.py:161} INFO - Started process (PID=717) to work on /opt/airflow/dags/lms_analytics_dag.py
[2026-06-07T03:34:49.579+0000] {processor.py:830} INFO - Processing file /opt/airflow/dags/lms_analytics_dag.py for tasks to queue
[2026-06-07T03:34:49.581+0000] {logging_mixin.py:188} INFO - [2026-06-07T03:34:49.581+0000] {dagbag.py:545} INFO - Filling up the DagBag from /opt/airflow/dags/lms_analytics_dag.py
[2026-06-07T03:34:49.608+0000] {processor.py:840} INFO - DAG(s) 'lms_analytics_dag' retrieved from /opt/airflow/dags/lms_analytics_dag.py
[2026-06-07T03:34:49.638+0000] {logging_mixin.py:188} INFO - [2026-06-07T03:34:49.637+0000] {dag.py:3089} INFO - Sync 1 DAGs
[2026-06-07T03:34:49.652+0000] {logging_mixin.py:188} INFO - [2026-06-07T03:34:49.652+0000] {dag.py:3947} INFO - Setting next_dagrun for lms_analytics_dag to None, run_after=None
[2026-06-07T03:34:49.756+0000] {processor.py:183} INFO - Processing /opt/airflow/dags/lms_analytics_dag.py took 0.186 seconds
[2026-06-07T03:35:20.035+0000] {processor.py:161} INFO - Started process (PID=739) to work on /opt/airflow/dags/lms_analytics_dag.py
[2026-06-07T03:35:20.036+0000] {processor.py:830} INFO - Processing file /opt/airflow/dags/lms_analytics_dag.py for tasks to queue
[2026-06-07T03:35:20.038+0000] {logging_mixin.py:188} INFO - [2026-06-07T03:35:20.038+0000] {dagbag.py:545} INFO - Filling up the DagBag from /opt/airflow/dags/lms_analytics_dag.py
[2026-06-07T03:35:20.064+0000] {processor.py:840} INFO - DAG(s) 'lms_analytics_dag' retrieved from /opt/airflow/dags/lms_analytics_dag.py
[2026-06-07T03:35:20.092+0000] {logging_mixin.py:188} INFO - [2026-06-07T03:35:20.092+0000] {dag.py:3089} INFO - Sync 1 DAGs
[2026-06-07T03:35:20.106+0000] {logging_mixin.py:188} INFO - [2026-06-07T03:35:20.106+0000] {dag.py:3947} INFO - Setting next_dagrun for lms_analytics_dag to None, run_after=None
[2026-06-07T03:35:20.354+0000] {processor.py:183} INFO - Processing /opt/airflow/dags/lms_analytics_dag.py took 0.326 seconds
[2026-06-07T03:35:51.185+0000] {processor.py:161} INFO - Started process (PID=761) to work on /opt/airflow/dags/lms_analytics_dag.py
[2026-06-07T03:35:51.186+0000] {processor.py:830} INFO - Processing file /opt/airflow/dags/lms_analytics_dag.py for tasks to queue
[2026-06-07T03:35:51.189+0000] {logging_mixin.py:188} INFO - [2026-06-07T03:35:51.188+0000] {dagbag.py:545} INFO - Filling up the DagBag from /opt/airflow/dags/lms_analytics_dag.py
[2026-06-07T03:35:51.215+0000] {processor.py:840} INFO - DAG(s) 'lms_analytics_dag' retrieved from /opt/airflow/dags/lms_analytics_dag.py
[2026-06-07T03:35:51.242+0000] {logging_mixin.py:188} INFO - [2026-06-07T03:35:51.242+0000] {dag.py:3089} INFO - Sync 1 DAGs
[2026-06-07T03:35:51.254+0000] {logging_mixin.py:188} INFO - [2026-06-07T03:35:51.254+0000] {dag.py:3947} INFO - Setting next_dagrun for lms_analytics_dag to None, run_after=None
[2026-06-07T03:35:51.453+0000] {processor.py:183} INFO - Processing /opt/airflow/dags/lms_analytics_dag.py took 0.275 seconds
[2026-06-07T03:36:21.747+0000] {processor.py:161} INFO - Started process (PID=783) to work on /opt/airflow/dags/lms_analytics_dag.py
[2026-06-07T03:36:21.749+0000] {processor.py:830} INFO - Processing file /opt/airflow/dags/lms_analytics_dag.py for tasks to queue
[2026-06-07T03:36:21.751+0000] {logging_mixin.py:188} INFO - [2026-06-07T03:36:21.751+0000] {dagbag.py:545} INFO - Filling up the DagBag from /opt/airflow/dags/lms_analytics_dag.py
[2026-06-07T03:36:21.777+0000] {processor.py:840} INFO - DAG(s) 'lms_analytics_dag' retrieved from /opt/airflow/dags/lms_analytics_dag.py
[2026-06-07T03:36:21.811+0000] {logging_mixin.py:188} INFO - [2026-06-07T03:36:21.810+0000] {dag.py:3089} INFO - Sync 1 DAGs
[2026-06-07T03:36:21.826+0000] {logging_mixin.py:188} INFO - [2026-06-07T03:36:21.826+0000] {dag.py:3947} INFO - Setting next_dagrun for lms_analytics_dag to None, run_after=None
[2026-06-07T03:36:21.992+0000] {processor.py:183} INFO - Processing /opt/airflow/dags/lms_analytics_dag.py took 0.251 seconds
[2026-06-07T03:36:52.286+0000] {processor.py:161} INFO - Started process (PID=805) to work on /opt/airflow/dags/lms_analytics_dag.py
[2026-06-07T03:36:52.287+0000] {processor.py:830} INFO - Processing file /opt/airflow/dags/lms_analytics_dag.py for tasks to queue
[2026-06-07T03:36:52.289+0000] {logging_mixin.py:188} INFO - [2026-06-07T03:36:52.289+0000] {dagbag.py:545} INFO - Filling up the DagBag from /opt/airflow/dags/lms_analytics_dag.py
[2026-06-07T03:36:52.316+0000] {processor.py:840} INFO - DAG(s) 'lms_analytics_dag' retrieved from /opt/airflow/dags/lms_analytics_dag.py
[2026-06-07T03:36:52.350+0000] {logging_mixin.py:188} INFO - [2026-06-07T03:36:52.349+0000] {dag.py:3089} INFO - Sync 1 DAGs
[2026-06-07T03:36:52.363+0000] {logging_mixin.py:188} INFO - [2026-06-07T03:36:52.363+0000] {dag.py:3947} INFO - Setting next_dagrun for lms_analytics_dag to None, run_after=None
[2026-06-07T03:36:52.482+0000] {processor.py:183} INFO - Processing /opt/airflow/dags/lms_analytics_dag.py took 0.205 seconds
[2026-06-07T03:37:22.749+0000] {processor.py:161} INFO - Started process (PID=827) to work on /opt/airflow/dags/lms_analytics_dag.py
[2026-06-07T03:37:22.751+0000] {processor.py:830} INFO - Processing file /opt/airflow/dags/lms_analytics_dag.py for tasks to queue
[2026-06-07T03:37:22.753+0000] {logging_mixin.py:188} INFO - [2026-06-07T03:37:22.752+0000] {dagbag.py:545} INFO - Filling up the DagBag from /opt/airflow/dags/lms_analytics_dag.py
[2026-06-07T03:37:22.780+0000] {processor.py:840} INFO - DAG(s) 'lms_analytics_dag' retrieved from /opt/airflow/dags/lms_analytics_dag.py
[2026-06-07T03:37:22.807+0000] {logging_mixin.py:188} INFO - [2026-06-07T03:37:22.806+0000] {dag.py:3089} INFO - Sync 1 DAGs
[2026-06-07T03:37:22.818+0000] {logging_mixin.py:188} INFO - [2026-06-07T03:37:22.817+0000] {dag.py:3947} INFO - Setting next_dagrun for lms_analytics_dag to None, run_after=None
[2026-06-07T03:37:23.003+0000] {processor.py:183} INFO - Processing /opt/airflow/dags/lms_analytics_dag.py took 0.260 seconds
[2026-06-07T03:37:53.285+0000] {processor.py:161} INFO - Started process (PID=849) to work on /opt/airflow/dags/lms_analytics_dag.py
[2026-06-07T03:37:53.287+0000] {processor.py:830} INFO - Processing file /opt/airflow/dags/lms_analytics_dag.py for tasks to queue
[2026-06-07T03:37:53.289+0000] {logging_mixin.py:188} INFO - [2026-06-07T03:37:53.289+0000] {dagbag.py:545} INFO - Filling up the DagBag from /opt/airflow/dags/lms_analytics_dag.py
[2026-06-07T03:37:53.315+0000] {processor.py:840} INFO - DAG(s) 'lms_analytics_dag' retrieved from /opt/airflow/dags/lms_analytics_dag.py
[2026-06-07T03:37:53.343+0000] {logging_mixin.py:188} INFO - [2026-06-07T03:37:53.343+0000] {dag.py:3089} INFO - Sync 1 DAGs
[2026-06-07T03:37:53.355+0000] {logging_mixin.py:188} INFO - [2026-06-07T03:37:53.355+0000] {dag.py:3947} INFO - Setting next_dagrun for lms_analytics_dag to None, run_after=None
[2026-06-07T03:37:53.567+0000] {processor.py:183} INFO - Processing /opt/airflow/dags/lms_analytics_dag.py took 0.288 seconds
[2026-06-07T03:38:24.447+0000] {processor.py:161} INFO - Started process (PID=871) to work on /opt/airflow/dags/lms_analytics_dag.py
[2026-06-07T03:38:24.448+0000] {processor.py:830} INFO - Processing file /opt/airflow/dags/lms_analytics_dag.py for tasks to queue
[2026-06-07T03:38:24.450+0000] {logging_mixin.py:188} INFO - [2026-06-07T03:38:24.450+0000] {dagbag.py:545} INFO - Filling up the DagBag from /opt/airflow/dags/lms_analytics_dag.py
[2026-06-07T03:38:24.479+0000] {processor.py:840} INFO - DAG(s) 'lms_analytics_dag' retrieved from /opt/airflow/dags/lms_analytics_dag.py
[2026-06-07T03:38:24.506+0000] {logging_mixin.py:188} INFO - [2026-06-07T03:38:24.506+0000] {dag.py:3089} INFO - Sync 1 DAGs
[2026-06-07T03:38:24.517+0000] {logging_mixin.py:188} INFO - [2026-06-07T03:38:24.517+0000] {dag.py:3947} INFO - Setting next_dagrun for lms_analytics_dag to None, run_after=None
[2026-06-07T03:38:24.696+0000] {processor.py:183} INFO - Processing /opt/airflow/dags/lms_analytics_dag.py took 0.258 seconds
[2026-06-07T03:38:54.984+0000] {processor.py:161} INFO - Started process (PID=893) to work on /opt/airflow/dags/lms_analytics_dag.py
[2026-06-07T03:38:54.986+0000] {processor.py:830} INFO - Processing file /opt/airflow/dags/lms_analytics_dag.py for tasks to queue
[2026-06-07T03:38:54.987+0000] {logging_mixin.py:188} INFO - [2026-06-07T03:38:54.987+0000] {dagbag.py:545} INFO - Filling up the DagBag from /opt/airflow/dags/lms_analytics_dag.py
[2026-06-07T03:38:55.013+0000] {processor.py:840} INFO - DAG(s) 'lms_analytics_dag' retrieved from /opt/airflow/dags/lms_analytics_dag.py
[2026-06-07T03:38:55.041+0000] {logging_mixin.py:188} INFO - [2026-06-07T03:38:55.040+0000] {dag.py:3089} INFO - Sync 1 DAGs
[2026-06-07T03:38:55.055+0000] {logging_mixin.py:188} INFO - [2026-06-07T03:38:55.054+0000] {dag.py:3947} INFO - Setting next_dagrun for lms_analytics_dag to None, run_after=None
[2026-06-07T03:38:55.370+0000] {processor.py:183} INFO - Processing /opt/airflow/dags/lms_analytics_dag.py took 0.393 seconds
[2026-06-07T03:39:26.249+0000] {processor.py:161} INFO - Started process (PID=909) to work on /opt/airflow/dags/lms_analytics_dag.py
[2026-06-07T03:39:26.250+0000] {processor.py:830} INFO - Processing file /opt/airflow/dags/lms_analytics_dag.py for tasks to queue
[2026-06-07T03:39:26.252+0000] {logging_mixin.py:188} INFO - [2026-06-07T03:39:26.252+0000] {dagbag.py:545} INFO - Filling up the DagBag from /opt/airflow/dags/lms_analytics_dag.py
[2026-06-07T03:39:26.277+0000] {processor.py:840} INFO - DAG(s) 'lms_analytics_dag' retrieved from /opt/airflow/dags/lms_analytics_dag.py
[2026-06-07T03:39:26.319+0000] {logging_mixin.py:188} INFO - [2026-06-07T03:39:26.318+0000] {dag.py:3089} INFO - Sync 1 DAGs
[2026-06-07T03:39:26.335+0000] {logging_mixin.py:188} INFO - [2026-06-07T03:39:26.334+0000] {dag.py:3947} INFO - Setting next_dagrun for lms_analytics_dag to None, run_after=None
[2026-06-07T03:39:26.474+0000] {processor.py:183} INFO - Processing /opt/airflow/dags/lms_analytics_dag.py took 0.234 seconds
[2026-06-07T03:39:57.406+0000] {processor.py:161} INFO - Started process (PID=931) to work on /opt/airflow/dags/lms_analytics_dag.py
[2026-06-07T03:39:57.408+0000] {processor.py:830} INFO - Processing file /opt/airflow/dags/lms_analytics_dag.py for tasks to queue
[2026-06-07T03:39:57.410+0000] {logging_mixin.py:188} INFO - [2026-06-07T03:39:57.410+0000] {dagbag.py:545} INFO - Filling up the DagBag from /opt/airflow/dags/lms_analytics_dag.py
[2026-06-07T03:39:57.434+0000] {processor.py:840} INFO - DAG(s) 'lms_analytics_dag' retrieved from /opt/airflow/dags/lms_analytics_dag.py
[2026-06-07T03:39:57.463+0000] {logging_mixin.py:188} INFO - [2026-06-07T03:39:57.462+0000] {dag.py:3089} INFO - Sync 1 DAGs
[2026-06-07T03:39:57.476+0000] {logging_mixin.py:188} INFO - [2026-06-07T03:39:57.476+0000] {dag.py:3947} INFO - Setting next_dagrun for lms_analytics_dag to None, run_after=None
[2026-06-07T03:39:57.698+0000] {processor.py:183} INFO - Processing /opt/airflow/dags/lms_analytics_dag.py took 0.299 seconds
[2026-06-07T03:40:28.032+0000] {processor.py:161} INFO - Started process (PID=953) to work on /opt/airflow/dags/lms_analytics_dag.py
[2026-06-07T03:40:28.033+0000] {processor.py:830} INFO - Processing file /opt/airflow/dags/lms_analytics_dag.py for tasks to queue
[2026-06-07T03:40:28.035+0000] {logging_mixin.py:188} INFO - [2026-06-07T03:40:28.035+0000] {dagbag.py:545} INFO - Filling up the DagBag from /opt/airflow/dags/lms_analytics_dag.py
[2026-06-07T03:40:28.066+0000] {processor.py:840} INFO - DAG(s) 'lms_analytics_dag' retrieved from /opt/airflow/dags/lms_analytics_dag.py
[2026-06-07T03:40:28.101+0000] {logging_mixin.py:188} INFO - [2026-06-07T03:40:28.100+0000] {dag.py:3089} INFO - Sync 1 DAGs
[2026-06-07T03:40:28.116+0000] {logging_mixin.py:188} INFO - [2026-06-07T03:40:28.116+0000] {dag.py:3947} INFO - Setting next_dagrun for lms_analytics_dag to None, run_after=None
[2026-06-07T03:40:28.250+0000] {processor.py:183} INFO - Processing /opt/airflow/dags/lms_analytics_dag.py took 0.225 seconds
[2026-06-07T03:40:58.615+0000] {processor.py:161} INFO - Started process (PID=975) to work on /opt/airflow/dags/lms_analytics_dag.py
[2026-06-07T03:40:58.616+0000] {processor.py:830} INFO - Processing file /opt/airflow/dags/lms_analytics_dag.py for tasks to queue
[2026-06-07T03:40:58.618+0000] {logging_mixin.py:188} INFO - [2026-06-07T03:40:58.618+0000] {dagbag.py:545} INFO - Filling up the DagBag from /opt/airflow/dags/lms_analytics_dag.py
[2026-06-07T03:40:58.642+0000] {processor.py:840} INFO - DAG(s) 'lms_analytics_dag' retrieved from /opt/airflow/dags/lms_analytics_dag.py
[2026-06-07T03:40:58.669+0000] {logging_mixin.py:188} INFO - [2026-06-07T03:40:58.669+0000] {dag.py:3089} INFO - Sync 1 DAGs
[2026-06-07T03:40:58.682+0000] {logging_mixin.py:188} INFO - [2026-06-07T03:40:58.682+0000] {dag.py:3947} INFO - Setting next_dagrun for lms_analytics_dag to None, run_after=None
[2026-06-07T03:40:58.818+0000] {processor.py:183} INFO - Processing /opt/airflow/dags/lms_analytics_dag.py took 0.210 seconds
[2026-06-07T03:41:29.092+0000] {processor.py:161} INFO - Started process (PID=997) to work on /opt/airflow/dags/lms_analytics_dag.py
[2026-06-07T03:41:29.094+0000] {processor.py:830} INFO - Processing file /opt/airflow/dags/lms_analytics_dag.py for tasks to queue
[2026-06-07T03:41:29.096+0000] {logging_mixin.py:188} INFO - [2026-06-07T03:41:29.096+0000] {dagbag.py:545} INFO - Filling up the DagBag from /opt/airflow/dags/lms_analytics_dag.py
[2026-06-07T03:41:29.121+0000] {processor.py:840} INFO - DAG(s) 'lms_analytics_dag' retrieved from /opt/airflow/dags/lms_analytics_dag.py
[2026-06-07T03:41:29.149+0000] {logging_mixin.py:188} INFO - [2026-06-07T03:41:29.149+0000] {dag.py:3089} INFO - Sync 1 DAGs
[2026-06-07T03:41:29.162+0000] {logging_mixin.py:188} INFO - [2026-06-07T03:41:29.161+0000] {dag.py:3947} INFO - Setting next_dagrun for lms_analytics_dag to None, run_after=None
[2026-06-07T03:41:29.322+0000] {processor.py:183} INFO - Processing /opt/airflow/dags/lms_analytics_dag.py took 0.237 seconds
[2026-06-07T03:41:59.575+0000] {processor.py:161} INFO - Started process (PID=1019) to work on /opt/airflow/dags/lms_analytics_dag.py
[2026-06-07T03:41:59.576+0000] {processor.py:830} INFO - Processing file /opt/airflow/dags/lms_analytics_dag.py for tasks to queue
[2026-06-07T03:41:59.578+0000] {logging_mixin.py:188} INFO - [2026-06-07T03:41:59.577+0000] {dagbag.py:545} INFO - Filling up the DagBag from /opt/airflow/dags/lms_analytics_dag.py
[2026-06-07T03:41:59.601+0000] {processor.py:840} INFO - DAG(s) 'lms_analytics_dag' retrieved from /opt/airflow/dags/lms_analytics_dag.py
[2026-06-07T03:41:59.631+0000] {logging_mixin.py:188} INFO - [2026-06-07T03:41:59.631+0000] {dag.py:3089} INFO - Sync 1 DAGs
[2026-06-07T03:41:59.643+0000] {logging_mixin.py:188} INFO - [2026-06-07T03:41:59.643+0000] {dag.py:3947} INFO - Setting next_dagrun for lms_analytics_dag to None, run_after=None
[2026-06-07T03:41:59.881+0000] {processor.py:183} INFO - Processing /opt/airflow/dags/lms_analytics_dag.py took 0.313 seconds
[2026-06-07T03:42:30.193+0000] {processor.py:161} INFO - Started process (PID=1041) to work on /opt/airflow/dags/lms_analytics_dag.py
[2026-06-07T03:42:30.194+0000] {processor.py:830} INFO - Processing file /opt/airflow/dags/lms_analytics_dag.py for tasks to queue
[2026-06-07T03:42:30.197+0000] {logging_mixin.py:188} INFO - [2026-06-07T03:42:30.196+0000] {dagbag.py:545} INFO - Filling up the DagBag from /opt/airflow/dags/lms_analytics_dag.py
[2026-06-07T03:42:30.222+0000] {processor.py:840} INFO - DAG(s) 'lms_analytics_dag' retrieved from /opt/airflow/dags/lms_analytics_dag.py
[2026-06-07T03:42:30.250+0000] {logging_mixin.py:188} INFO - [2026-06-07T03:42:30.249+0000] {dag.py:3089} INFO - Sync 1 DAGs
[2026-06-07T03:42:30.263+0000] {logging_mixin.py:188} INFO - [2026-06-07T03:42:30.263+0000] {dag.py:3947} INFO - Setting next_dagrun for lms_analytics_dag to None, run_after=None
[2026-06-07T03:42:30.434+0000] {processor.py:183} INFO - Processing /opt/airflow/dags/lms_analytics_dag.py took 0.250 seconds
[2026-06-07T03:43:00.703+0000] {processor.py:161} INFO - Started process (PID=1063) to work on /opt/airflow/dags/lms_analytics_dag.py
[2026-06-07T03:43:00.705+0000] {processor.py:830} INFO - Processing file /opt/airflow/dags/lms_analytics_dag.py for tasks to queue
[2026-06-07T03:43:00.707+0000] {logging_mixin.py:188} INFO - [2026-06-07T03:43:00.707+0000] {dagbag.py:545} INFO - Filling up the DagBag from /opt/airflow/dags/lms_analytics_dag.py
[2026-06-07T03:43:00.731+0000] {processor.py:840} INFO - DAG(s) 'lms_analytics_dag' retrieved from /opt/airflow/dags/lms_analytics_dag.py
[2026-06-07T03:43:00.757+0000] {logging_mixin.py:188} INFO - [2026-06-07T03:43:00.757+0000] {dag.py:3089} INFO - Sync 1 DAGs
[2026-06-07T03:43:00.769+0000] {logging_mixin.py:188} INFO - [2026-06-07T03:43:00.768+0000] {dag.py:3947} INFO - Setting next_dagrun for lms_analytics_dag to None, run_after=None
[2026-06-07T03:43:00.933+0000] {processor.py:183} INFO - Processing /opt/airflow/dags/lms_analytics_dag.py took 0.236 seconds
[2026-06-07T03:43:31.562+0000] {processor.py:161} INFO - Started process (PID=1085) to work on /opt/airflow/dags/lms_analytics_dag.py
[2026-06-07T03:43:31.565+0000] {processor.py:830} INFO - Processing file /opt/airflow/dags/lms_analytics_dag.py for tasks to queue
[2026-06-07T03:43:31.569+0000] {logging_mixin.py:188} INFO - [2026-06-07T03:43:31.568+0000] {dagbag.py:545} INFO - Filling up the DagBag from /opt/airflow/dags/lms_analytics_dag.py
[2026-06-07T03:43:31.627+0000] {processor.py:840} INFO - DAG(s) 'lms_analytics_dag' retrieved from /opt/airflow/dags/lms_analytics_dag.py
[2026-06-07T03:43:31.681+0000] {logging_mixin.py:188} INFO - [2026-06-07T03:43:31.680+0000] {dag.py:3089} INFO - Sync 1 DAGs
[2026-06-07T03:43:31.700+0000] {logging_mixin.py:188} INFO - [2026-06-07T03:43:31.699+0000] {dag.py:3947} INFO - Setting next_dagrun for lms_analytics_dag to None, run_after=None
[2026-06-07T03:43:31.823+0000] {processor.py:183} INFO - Processing /opt/airflow/dags/lms_analytics_dag.py took 0.279 seconds
[2026-06-07T03:44:02.372+0000] {processor.py:161} INFO - Started process (PID=1107) to work on /opt/airflow/dags/lms_analytics_dag.py
[2026-06-07T03:44:02.373+0000] {processor.py:830} INFO - Processing file /opt/airflow/dags/lms_analytics_dag.py for tasks to queue
[2026-06-07T03:44:02.375+0000] {logging_mixin.py:188} INFO - [2026-06-07T03:44:02.375+0000] {dagbag.py:545} INFO - Filling up the DagBag from /opt/airflow/dags/lms_analytics_dag.py
[2026-06-07T03:44:02.397+0000] {processor.py:840} INFO - DAG(s) 'lms_analytics_dag' retrieved from /opt/airflow/dags/lms_analytics_dag.py
[2026-06-07T03:44:02.423+0000] {logging_mixin.py:188} INFO - [2026-06-07T03:44:02.423+0000] {dag.py:3089} INFO - Sync 1 DAGs
[2026-06-07T03:44:02.435+0000] {logging_mixin.py:188} INFO - [2026-06-07T03:44:02.435+0000] {dag.py:3947} INFO - Setting next_dagrun for lms_analytics_dag to None, run_after=None
[2026-06-07T03:44:02.564+0000] {processor.py:183} INFO - Processing /opt/airflow/dags/lms_analytics_dag.py took 0.199 seconds
[2026-06-07T03:44:32.885+0000] {processor.py:161} INFO - Started process (PID=1129) to work on /opt/airflow/dags/lms_analytics_dag.py
[2026-06-07T03:44:32.887+0000] {processor.py:830} INFO - Processing file /opt/airflow/dags/lms_analytics_dag.py for tasks to queue
[2026-06-07T03:44:32.889+0000] {logging_mixin.py:188} INFO - [2026-06-07T03:44:32.889+0000] {dagbag.py:545} INFO - Filling up the DagBag from /opt/airflow/dags/lms_analytics_dag.py
[2026-06-07T03:44:32.917+0000] {processor.py:840} INFO - DAG(s) 'lms_analytics_dag' retrieved from /opt/airflow/dags/lms_analytics_dag.py
[2026-06-07T03:44:32.945+0000] {logging_mixin.py:188} INFO - [2026-06-07T03:44:32.945+0000] {dag.py:3089} INFO - Sync 1 DAGs
[2026-06-07T03:44:32.959+0000] {logging_mixin.py:188} INFO - [2026-06-07T03:44:32.958+0000] {dag.py:3947} INFO - Setting next_dagrun for lms_analytics_dag to None, run_after=None
[2026-06-07T03:44:33.081+0000] {processor.py:183} INFO - Processing /opt/airflow/dags/lms_analytics_dag.py took 0.203 seconds
[2026-06-07T03:45:03.373+0000] {processor.py:161} INFO - Started process (PID=1151) to work on /opt/airflow/dags/lms_analytics_dag.py
[2026-06-07T03:45:03.374+0000] {processor.py:830} INFO - Processing file /opt/airflow/dags/lms_analytics_dag.py for tasks to queue
[2026-06-07T03:45:03.376+0000] {logging_mixin.py:188} INFO - [2026-06-07T03:45:03.376+0000] {dagbag.py:545} INFO - Filling up the DagBag from /opt/airflow/dags/lms_analytics_dag.py
[2026-06-07T03:45:03.401+0000] {processor.py:840} INFO - DAG(s) 'lms_analytics_dag' retrieved from /opt/airflow/dags/lms_analytics_dag.py
[2026-06-07T03:45:03.426+0000] {logging_mixin.py:188} INFO - [2026-06-07T03:45:03.426+0000] {dag.py:3089} INFO - Sync 1 DAGs
[2026-06-07T03:45:03.437+0000] {logging_mixin.py:188} INFO - [2026-06-07T03:45:03.437+0000] {dag.py:3947} INFO - Setting next_dagrun for lms_analytics_dag to None, run_after=None
[2026-06-07T03:45:03.558+0000] {processor.py:183} INFO - Processing /opt/airflow/dags/lms_analytics_dag.py took 0.191 seconds
[2026-06-07T03:45:33.820+0000] {processor.py:161} INFO - Started process (PID=1173) to work on /opt/airflow/dags/lms_analytics_dag.py
[2026-06-07T03:45:33.822+0000] {processor.py:830} INFO - Processing file /opt/airflow/dags/lms_analytics_dag.py for tasks to queue
[2026-06-07T03:45:33.824+0000] {logging_mixin.py:188} INFO - [2026-06-07T03:45:33.824+0000] {dagbag.py:545} INFO - Filling up the DagBag from /opt/airflow/dags/lms_analytics_dag.py
[2026-06-07T03:45:33.852+0000] {processor.py:840} INFO - DAG(s) 'lms_analytics_dag' retrieved from /opt/airflow/dags/lms_analytics_dag.py
[2026-06-07T03:45:33.889+0000] {logging_mixin.py:188} INFO - [2026-06-07T03:45:33.888+0000] {dag.py:3089} INFO - Sync 1 DAGs
[2026-06-07T03:45:33.903+0000] {logging_mixin.py:188} INFO - [2026-06-07T03:45:33.903+0000] {dag.py:3947} INFO - Setting next_dagrun for lms_analytics_dag to None, run_after=None
[2026-06-07T03:45:34.033+0000] {processor.py:183} INFO - Processing /opt/airflow/dags/lms_analytics_dag.py took 0.221 seconds
[2026-06-07T03:46:04.302+0000] {processor.py:161} INFO - Started process (PID=1189) to work on /opt/airflow/dags/lms_analytics_dag.py
[2026-06-07T03:46:04.304+0000] {processor.py:830} INFO - Processing file /opt/airflow/dags/lms_analytics_dag.py for tasks to queue
[2026-06-07T03:46:04.306+0000] {logging_mixin.py:188} INFO - [2026-06-07T03:46:04.305+0000] {dagbag.py:545} INFO - Filling up the DagBag from /opt/airflow/dags/lms_analytics_dag.py
[2026-06-07T03:46:04.329+0000] {processor.py:840} INFO - DAG(s) 'lms_analytics_dag' retrieved from /opt/airflow/dags/lms_analytics_dag.py
[2026-06-07T03:46:04.355+0000] {logging_mixin.py:188} INFO - [2026-06-07T03:46:04.355+0000] {dag.py:3089} INFO - Sync 1 DAGs
[2026-06-07T03:46:04.369+0000] {logging_mixin.py:188} INFO - [2026-06-07T03:46:04.368+0000] {dag.py:3947} INFO - Setting next_dagrun for lms_analytics_dag to None, run_after=None
[2026-06-07T03:46:04.486+0000] {processor.py:183} INFO - Processing /opt/airflow/dags/lms_analytics_dag.py took 0.190 seconds
[2026-06-07T03:46:34.815+0000] {processor.py:161} INFO - Started process (PID=1211) to work on /opt/airflow/dags/lms_analytics_dag.py
[2026-06-07T03:46:34.816+0000] {processor.py:830} INFO - Processing file /opt/airflow/dags/lms_analytics_dag.py for tasks to queue
[2026-06-07T03:46:34.818+0000] {logging_mixin.py:188} INFO - [2026-06-07T03:46:34.818+0000] {dagbag.py:545} INFO - Filling up the DagBag from /opt/airflow/dags/lms_analytics_dag.py
[2026-06-07T03:46:34.842+0000] {processor.py:840} INFO - DAG(s) 'lms_analytics_dag' retrieved from /opt/airflow/dags/lms_analytics_dag.py
[2026-06-07T03:46:34.867+0000] {logging_mixin.py:188} INFO - [2026-06-07T03:46:34.867+0000] {dag.py:3089} INFO - Sync 1 DAGs
[2026-06-07T03:46:34.878+0000] {logging_mixin.py:188} INFO - [2026-06-07T03:46:34.878+0000] {dag.py:3947} INFO - Setting next_dagrun for lms_analytics_dag to None, run_after=None
[2026-06-07T03:46:34.970+0000] {processor.py:183} INFO - Processing /opt/airflow/dags/lms_analytics_dag.py took 0.160 seconds
[2026-06-07T03:47:05.241+0000] {processor.py:161} INFO - Started process (PID=1233) to work on /opt/airflow/dags/lms_analytics_dag.py
[2026-06-07T03:47:05.242+0000] {processor.py:830} INFO - Processing file /opt/airflow/dags/lms_analytics_dag.py for tasks to queue
[2026-06-07T03:47:05.244+0000] {logging_mixin.py:188} INFO - [2026-06-07T03:47:05.244+0000] {dagbag.py:545} INFO - Filling up the DagBag from /opt/airflow/dags/lms_analytics_dag.py
[2026-06-07T03:47:05.269+0000] {processor.py:840} INFO - DAG(s) 'lms_analytics_dag' retrieved from /opt/airflow/dags/lms_analytics_dag.py
[2026-06-07T03:47:05.304+0000] {logging_mixin.py:188} INFO - [2026-06-07T03:47:05.304+0000] {dag.py:3089} INFO - Sync 1 DAGs
[2026-06-07T03:47:05.319+0000] {logging_mixin.py:188} INFO - [2026-06-07T03:47:05.318+0000] {dag.py:3947} INFO - Setting next_dagrun for lms_analytics_dag to None, run_after=None
[2026-06-07T03:47:05.462+0000] {processor.py:183} INFO - Processing /opt/airflow/dags/lms_analytics_dag.py took 0.227 seconds
[2026-06-07T03:47:36.379+0000] {processor.py:161} INFO - Started process (PID=1255) to work on /opt/airflow/dags/lms_analytics_dag.py
[2026-06-07T03:47:36.381+0000] {processor.py:830} INFO - Processing file /opt/airflow/dags/lms_analytics_dag.py for tasks to queue
[2026-06-07T03:47:36.383+0000] {logging_mixin.py:188} INFO - [2026-06-07T03:47:36.383+0000] {dagbag.py:545} INFO - Filling up the DagBag from /opt/airflow/dags/lms_analytics_dag.py
[2026-06-07T03:47:36.407+0000] {processor.py:840} INFO - DAG(s) 'lms_analytics_dag' retrieved from /opt/airflow/dags/lms_analytics_dag.py
[2026-06-07T03:47:36.432+0000] {logging_mixin.py:188} INFO - [2026-06-07T03:47:36.431+0000] {dag.py:3089} INFO - Sync 1 DAGs
[2026-06-07T03:47:36.443+0000] {logging_mixin.py:188} INFO - [2026-06-07T03:47:36.442+0000] {dag.py:3947} INFO - Setting next_dagrun for lms_analytics_dag to None, run_after=None
[2026-06-07T03:47:36.573+0000] {processor.py:183} INFO - Processing /opt/airflow/dags/lms_analytics_dag.py took 0.201 seconds
[2026-06-07T03:48:06.663+0000] {processor.py:161} INFO - Started process (PID=1277) to work on /opt/airflow/dags/lms_analytics_dag.py
[2026-06-07T03:48:06.664+0000] {processor.py:830} INFO - Processing file /opt/airflow/dags/lms_analytics_dag.py for tasks to queue
[2026-06-07T03:48:06.667+0000] {logging_mixin.py:188} INFO - [2026-06-07T03:48:06.666+0000] {dagbag.py:545} INFO - Filling up the DagBag from /opt/airflow/dags/lms_analytics_dag.py
[2026-06-07T03:48:06.692+0000] {processor.py:840} INFO - DAG(s) 'lms_analytics_dag' retrieved from /opt/airflow/dags/lms_analytics_dag.py
[2026-06-07T03:48:06.718+0000] {logging_mixin.py:188} INFO - [2026-06-07T03:48:06.718+0000] {dag.py:3089} INFO - Sync 1 DAGs
[2026-06-07T03:48:06.729+0000] {logging_mixin.py:188} INFO - [2026-06-07T03:48:06.729+0000] {dag.py:3947} INFO - Setting next_dagrun for lms_analytics_dag to None, run_after=None
[2026-06-07T03:48:06.832+0000] {processor.py:183} INFO - Processing /opt/airflow/dags/lms_analytics_dag.py took 0.176 seconds
[2026-06-07T03:48:37.089+0000] {processor.py:161} INFO - Started process (PID=1299) to work on /opt/airflow/dags/lms_analytics_dag.py
[2026-06-07T03:48:37.091+0000] {processor.py:830} INFO - Processing file /opt/airflow/dags/lms_analytics_dag.py for tasks to queue
[2026-06-07T03:48:37.093+0000] {logging_mixin.py:188} INFO - [2026-06-07T03:48:37.092+0000] {dagbag.py:545} INFO - Filling up the DagBag from /opt/airflow/dags/lms_analytics_dag.py
[2026-06-07T03:48:37.117+0000] {processor.py:840} INFO - DAG(s) 'lms_analytics_dag' retrieved from /opt/airflow/dags/lms_analytics_dag.py
[2026-06-07T03:48:37.148+0000] {logging_mixin.py:188} INFO - [2026-06-07T03:48:37.147+0000] {dag.py:3089} INFO - Sync 1 DAGs
[2026-06-07T03:48:37.160+0000] {logging_mixin.py:188} INFO - [2026-06-07T03:48:37.160+0000] {dag.py:3947} INFO - Setting next_dagrun for lms_analytics_dag to None, run_after=None
[2026-06-07T03:48:37.298+0000] {processor.py:183} INFO - Processing /opt/airflow/dags/lms_analytics_dag.py took 0.215 seconds
[2026-06-07T03:49:07.612+0000] {processor.py:161} INFO - Started process (PID=1321) to work on /opt/airflow/dags/lms_analytics_dag.py
[2026-06-07T03:49:07.614+0000] {processor.py:830} INFO - Processing file /opt/airflow/dags/lms_analytics_dag.py for tasks to queue
[2026-06-07T03:49:07.616+0000] {logging_mixin.py:188} INFO - [2026-06-07T03:49:07.615+0000] {dagbag.py:545} INFO - Filling up the DagBag from /opt/airflow/dags/lms_analytics_dag.py
[2026-06-07T03:49:07.643+0000] {processor.py:840} INFO - DAG(s) 'lms_analytics_dag' retrieved from /opt/airflow/dags/lms_analytics_dag.py
[2026-06-07T03:49:07.672+0000] {logging_mixin.py:188} INFO - [2026-06-07T03:49:07.672+0000] {dag.py:3089} INFO - Sync 1 DAGs
[2026-06-07T03:49:07.684+0000] {logging_mixin.py:188} INFO - [2026-06-07T03:49:07.684+0000] {dag.py:3947} INFO - Setting next_dagrun for lms_analytics_dag to None, run_after=None
[2026-06-07T03:49:07.871+0000] {processor.py:183} INFO - Processing /opt/airflow/dags/lms_analytics_dag.py took 0.266 seconds
[2026-06-07T03:49:38.153+0000] {processor.py:161} INFO - Started process (PID=1343) to work on /opt/airflow/dags/lms_analytics_dag.py
[2026-06-07T03:49:38.154+0000] {processor.py:830} INFO - Processing file /opt/airflow/dags/lms_analytics_dag.py for tasks to queue
[2026-06-07T03:49:38.156+0000] {logging_mixin.py:188} INFO - [2026-06-07T03:49:38.156+0000] {dagbag.py:545} INFO - Filling up the DagBag from /opt/airflow/dags/lms_analytics_dag.py
[2026-06-07T03:49:38.187+0000] {processor.py:840} INFO - DAG(s) 'lms_analytics_dag' retrieved from /opt/airflow/dags/lms_analytics_dag.py
[2026-06-07T03:49:38.212+0000] {logging_mixin.py:188} INFO - [2026-06-07T03:49:38.212+0000] {dag.py:3089} INFO - Sync 1 DAGs
[2026-06-07T03:49:38.225+0000] {logging_mixin.py:188} INFO - [2026-06-07T03:49:38.224+0000] {dag.py:3947} INFO - Setting next_dagrun for lms_analytics_dag to None, run_after=None
[2026-06-07T03:49:38.343+0000] {processor.py:183} INFO - Processing /opt/airflow/dags/lms_analytics_dag.py took 0.197 seconds
[2026-06-07T03:50:08.661+0000] {processor.py:161} INFO - Started process (PID=1365) to work on /opt/airflow/dags/lms_analytics_dag.py
[2026-06-07T03:50:08.664+0000] {processor.py:830} INFO - Processing file /opt/airflow/dags/lms_analytics_dag.py for tasks to queue
[2026-06-07T03:50:08.668+0000] {logging_mixin.py:188} INFO - [2026-06-07T03:50:08.666+0000] {dagbag.py:545} INFO - Filling up the DagBag from /opt/airflow/dags/lms_analytics_dag.py
[2026-06-07T03:50:08.709+0000] {processor.py:840} INFO - DAG(s) 'lms_analytics_dag' retrieved from /opt/airflow/dags/lms_analytics_dag.py
[2026-06-07T03:50:08.746+0000] {logging_mixin.py:188} INFO - [2026-06-07T03:50:08.746+0000] {dag.py:3089} INFO - Sync 1 DAGs
[2026-06-07T03:50:08.759+0000] {logging_mixin.py:188} INFO - [2026-06-07T03:50:08.759+0000] {dag.py:3947} INFO - Setting next_dagrun for lms_analytics_dag to None, run_after=None
[2026-06-07T03:50:08.958+0000] {processor.py:183} INFO - Processing /opt/airflow/dags/lms_analytics_dag.py took 0.308 seconds
[2026-06-07T03:50:39.084+0000] {processor.py:161} INFO - Started process (PID=1387) to work on /opt/airflow/dags/lms_analytics_dag.py
[2026-06-07T03:50:39.085+0000] {processor.py:830} INFO - Processing file /opt/airflow/dags/lms_analytics_dag.py for tasks to queue
[2026-06-07T03:50:39.087+0000] {logging_mixin.py:188} INFO - [2026-06-07T03:50:39.086+0000] {dagbag.py:545} INFO - Filling up the DagBag from /opt/airflow/dags/lms_analytics_dag.py
[2026-06-07T03:50:39.132+0000] {processor.py:840} INFO - DAG(s) 'lms_analytics_dag' retrieved from /opt/airflow/dags/lms_analytics_dag.py
[2026-06-07T03:50:39.199+0000] {logging_mixin.py:188} INFO - [2026-06-07T03:50:39.198+0000] {dag.py:3089} INFO - Sync 1 DAGs
[2026-06-07T03:50:39.218+0000] {logging_mixin.py:188} INFO - [2026-06-07T03:50:39.217+0000] {dag.py:3947} INFO - Setting next_dagrun for lms_analytics_dag to None, run_after=None
[2026-06-07T03:50:39.454+0000] {processor.py:183} INFO - Processing /opt/airflow/dags/lms_analytics_dag.py took 0.383 seconds
[2026-06-07T03:51:09.889+0000] {processor.py:161} INFO - Started process (PID=1409) to work on /opt/airflow/dags/lms_analytics_dag.py
[2026-06-07T03:51:09.891+0000] {processor.py:830} INFO - Processing file /opt/airflow/dags/lms_analytics_dag.py for tasks to queue
[2026-06-07T03:51:09.895+0000] {logging_mixin.py:188} INFO - [2026-06-07T03:51:09.894+0000] {dagbag.py:545} INFO - Filling up the DagBag from /opt/airflow/dags/lms_analytics_dag.py
[2026-06-07T03:51:09.923+0000] {processor.py:840} INFO - DAG(s) 'lms_analytics_dag' retrieved from /opt/airflow/dags/lms_analytics_dag.py
[2026-06-07T03:51:09.961+0000] {logging_mixin.py:188} INFO - [2026-06-07T03:51:09.960+0000] {dag.py:3089} INFO - Sync 1 DAGs
[2026-06-07T03:51:09.972+0000] {logging_mixin.py:188} INFO - [2026-06-07T03:51:09.972+0000] {dag.py:3947} INFO - Setting next_dagrun for lms_analytics_dag to None, run_after=None
[2026-06-07T03:51:10.210+0000] {processor.py:183} INFO - Processing /opt/airflow/dags/lms_analytics_dag.py took 0.330 seconds
[2026-06-07T03:51:41.138+0000] {processor.py:161} INFO - Started process (PID=1431) to work on /opt/airflow/dags/lms_analytics_dag.py
[2026-06-07T03:51:41.158+0000] {processor.py:830} INFO - Processing file /opt/airflow/dags/lms_analytics_dag.py for tasks to queue
[2026-06-07T03:51:41.173+0000] {logging_mixin.py:188} INFO - [2026-06-07T03:51:41.172+0000] {dagbag.py:545} INFO - Filling up the DagBag from /opt/airflow/dags/lms_analytics_dag.py
[2026-06-07T03:51:41.245+0000] {processor.py:840} INFO - DAG(s) 'lms_analytics_dag' retrieved from /opt/airflow/dags/lms_analytics_dag.py
[2026-06-07T03:51:41.283+0000] {logging_mixin.py:188} INFO - [2026-06-07T03:51:41.283+0000] {dag.py:3089} INFO - Sync 1 DAGs
[2026-06-07T03:51:41.307+0000] {logging_mixin.py:188} INFO - [2026-06-07T03:51:41.307+0000] {dag.py:3947} INFO - Setting next_dagrun for lms_analytics_dag to None, run_after=None
[2026-06-07T03:51:41.609+0000] {processor.py:183} INFO - Processing /opt/airflow/dags/lms_analytics_dag.py took 0.494 seconds
[2026-06-07T03:52:12.515+0000] {processor.py:161} INFO - Started process (PID=1453) to work on /opt/airflow/dags/lms_analytics_dag.py
[2026-06-07T03:52:12.516+0000] {processor.py:830} INFO - Processing file /opt/airflow/dags/lms_analytics_dag.py for tasks to queue
[2026-06-07T03:52:12.518+0000] {logging_mixin.py:188} INFO - [2026-06-07T03:52:12.518+0000] {dagbag.py:545} INFO - Filling up the DagBag from /opt/airflow/dags/lms_analytics_dag.py
[2026-06-07T03:52:12.545+0000] {processor.py:840} INFO - DAG(s) 'lms_analytics_dag' retrieved from /opt/airflow/dags/lms_analytics_dag.py
[2026-06-07T03:52:12.576+0000] {logging_mixin.py:188} INFO - [2026-06-07T03:52:12.576+0000] {dag.py:3089} INFO - Sync 1 DAGs
[2026-06-07T03:52:12.590+0000] {logging_mixin.py:188} INFO - [2026-06-07T03:52:12.590+0000] {dag.py:3947} INFO - Setting next_dagrun for lms_analytics_dag to None, run_after=None
[2026-06-07T03:52:12.768+0000] {processor.py:183} INFO - Processing /opt/airflow/dags/lms_analytics_dag.py took 0.260 seconds
[2026-06-07T03:52:43.039+0000] {processor.py:161} INFO - Started process (PID=1476) to work on /opt/airflow/dags/lms_analytics_dag.py
[2026-06-07T03:52:43.041+0000] {processor.py:830} INFO - Processing file /opt/airflow/dags/lms_analytics_dag.py for tasks to queue
[2026-06-07T03:52:43.043+0000] {logging_mixin.py:188} INFO - [2026-06-07T03:52:43.043+0000] {dagbag.py:545} INFO - Filling up the DagBag from /opt/airflow/dags/lms_analytics_dag.py
[2026-06-07T03:52:43.068+0000] {processor.py:840} INFO - DAG(s) 'lms_analytics_dag' retrieved from /opt/airflow/dags/lms_analytics_dag.py
[2026-06-07T03:52:43.096+0000] {logging_mixin.py:188} INFO - [2026-06-07T03:52:43.096+0000] {dag.py:3089} INFO - Sync 1 DAGs
[2026-06-07T03:52:43.108+0000] {logging_mixin.py:188} INFO - [2026-06-07T03:52:43.108+0000] {dag.py:3947} INFO - Setting next_dagrun for lms_analytics_dag to None, run_after=None
[2026-06-07T03:52:43.303+0000] {processor.py:183} INFO - Processing /opt/airflow/dags/lms_analytics_dag.py took 0.272 seconds
[2026-06-07T03:53:13.574+0000] {processor.py:161} INFO - Started process (PID=1498) to work on /opt/airflow/dags/lms_analytics_dag.py
[2026-06-07T03:53:13.576+0000] {processor.py:830} INFO - Processing file /opt/airflow/dags/lms_analytics_dag.py for tasks to queue
[2026-06-07T03:53:13.578+0000] {logging_mixin.py:188} INFO - [2026-06-07T03:53:13.577+0000] {dagbag.py:545} INFO - Filling up the DagBag from /opt/airflow/dags/lms_analytics_dag.py
[2026-06-07T03:53:13.605+0000] {processor.py:840} INFO - DAG(s) 'lms_analytics_dag' retrieved from /opt/airflow/dags/lms_analytics_dag.py
[2026-06-07T03:53:13.635+0000] {logging_mixin.py:188} INFO - [2026-06-07T03:53:13.634+0000] {dag.py:3089} INFO - Sync 1 DAGs
[2026-06-07T03:53:13.651+0000] {logging_mixin.py:188} INFO - [2026-06-07T03:53:13.651+0000] {dag.py:3947} INFO - Setting next_dagrun for lms_analytics_dag to None, run_after=None
[2026-06-07T03:53:13.886+0000] {processor.py:183} INFO - Processing /opt/airflow/dags/lms_analytics_dag.py took 0.319 seconds
[2026-06-07T03:53:44.681+0000] {processor.py:161} INFO - Started process (PID=1514) to work on /opt/airflow/dags/lms_analytics_dag.py
[2026-06-07T03:53:44.683+0000] {processor.py:830} INFO - Processing file /opt/airflow/dags/lms_analytics_dag.py for tasks to queue
[2026-06-07T03:53:44.685+0000] {logging_mixin.py:188} INFO - [2026-06-07T03:53:44.685+0000] {dagbag.py:545} INFO - Filling up the DagBag from /opt/airflow/dags/lms_analytics_dag.py
[2026-06-07T03:53:44.726+0000] {processor.py:840} INFO - DAG(s) 'lms_analytics_dag' retrieved from /opt/airflow/dags/lms_analytics_dag.py
[2026-06-07T03:53:44.760+0000] {logging_mixin.py:188} INFO - [2026-06-07T03:53:44.760+0000] {dag.py:3089} INFO - Sync 1 DAGs
[2026-06-07T03:53:44.782+0000] {logging_mixin.py:188} INFO - [2026-06-07T03:53:44.782+0000] {dag.py:3947} INFO - Setting next_dagrun for lms_analytics_dag to None, run_after=None
[2026-06-07T03:53:44.954+0000] {processor.py:183} INFO - Processing /opt/airflow/dags/lms_analytics_dag.py took 0.280 seconds
[2026-06-07T03:54:15.307+0000] {processor.py:161} INFO - Started process (PID=1536) to work on /opt/airflow/dags/lms_analytics_dag.py
[2026-06-07T03:54:15.308+0000] {processor.py:830} INFO - Processing file /opt/airflow/dags/lms_analytics_dag.py for tasks to queue
[2026-06-07T03:54:15.310+0000] {logging_mixin.py:188} INFO - [2026-06-07T03:54:15.310+0000] {dagbag.py:545} INFO - Filling up the DagBag from /opt/airflow/dags/lms_analytics_dag.py
[2026-06-07T03:54:15.336+0000] {processor.py:840} INFO - DAG(s) 'lms_analytics_dag' retrieved from /opt/airflow/dags/lms_analytics_dag.py
[2026-06-07T03:54:15.367+0000] {logging_mixin.py:188} INFO - [2026-06-07T03:54:15.367+0000] {dag.py:3089} INFO - Sync 1 DAGs
[2026-06-07T03:54:15.380+0000] {logging_mixin.py:188} INFO - [2026-06-07T03:54:15.380+0000] {dag.py:3947} INFO - Setting next_dagrun for lms_analytics_dag to None, run_after=None
[2026-06-07T03:54:15.507+0000] {processor.py:183} INFO - Processing /opt/airflow/dags/lms_analytics_dag.py took 0.207 seconds
[2026-06-07T03:54:45.774+0000] {processor.py:161} INFO - Started process (PID=1558) to work on /opt/airflow/dags/lms_analytics_dag.py
[2026-06-07T03:54:45.775+0000] {processor.py:830} INFO - Processing file /opt/airflow/dags/lms_analytics_dag.py for tasks to queue
[2026-06-07T03:54:45.777+0000] {logging_mixin.py:188} INFO - [2026-06-07T03:54:45.777+0000] {dagbag.py:545} INFO - Filling up the DagBag from /opt/airflow/dags/lms_analytics_dag.py
[2026-06-07T03:54:45.802+0000] {processor.py:840} INFO - DAG(s) 'lms_analytics_dag' retrieved from /opt/airflow/dags/lms_analytics_dag.py
[2026-06-07T03:54:45.828+0000] {logging_mixin.py:188} INFO - [2026-06-07T03:54:45.828+0000] {dag.py:3089} INFO - Sync 1 DAGs
[2026-06-07T03:54:45.840+0000] {logging_mixin.py:188} INFO - [2026-06-07T03:54:45.839+0000] {dag.py:3947} INFO - Setting next_dagrun for lms_analytics_dag to None, run_after=None
[2026-06-07T03:54:45.974+0000] {processor.py:183} INFO - Processing /opt/airflow/dags/lms_analytics_dag.py took 0.207 seconds
[2026-06-07T03:55:16.240+0000] {processor.py:161} INFO - Started process (PID=1580) to work on /opt/airflow/dags/lms_analytics_dag.py
[2026-06-07T03:55:16.242+0000] {processor.py:830} INFO - Processing file /opt/airflow/dags/lms_analytics_dag.py for tasks to queue
[2026-06-07T03:55:16.244+0000] {logging_mixin.py:188} INFO - [2026-06-07T03:55:16.243+0000] {dagbag.py:545} INFO - Filling up the DagBag from /opt/airflow/dags/lms_analytics_dag.py
[2026-06-07T03:55:16.270+0000] {processor.py:840} INFO - DAG(s) 'lms_analytics_dag' retrieved from /opt/airflow/dags/lms_analytics_dag.py
[2026-06-07T03:55:16.297+0000] {logging_mixin.py:188} INFO - [2026-06-07T03:55:16.297+0000] {dag.py:3089} INFO - Sync 1 DAGs
[2026-06-07T03:55:16.310+0000] {logging_mixin.py:188} INFO - [2026-06-07T03:55:16.309+0000] {dag.py:3947} INFO - Setting next_dagrun for lms_analytics_dag to None, run_after=None
[2026-06-07T03:55:16.521+0000] {processor.py:183} INFO - Processing /opt/airflow/dags/lms_analytics_dag.py took 0.288 seconds
[2026-06-07T03:55:46.800+0000] {processor.py:161} INFO - Started process (PID=1602) to work on /opt/airflow/dags/lms_analytics_dag.py
[2026-06-07T03:55:46.801+0000] {processor.py:830} INFO - Processing file /opt/airflow/dags/lms_analytics_dag.py for tasks to queue
[2026-06-07T03:55:46.803+0000] {logging_mixin.py:188} INFO - [2026-06-07T03:55:46.803+0000] {dagbag.py:545} INFO - Filling up the DagBag from /opt/airflow/dags/lms_analytics_dag.py
[2026-06-07T03:55:46.828+0000] {processor.py:840} INFO - DAG(s) 'lms_analytics_dag' retrieved from /opt/airflow/dags/lms_analytics_dag.py
[2026-06-07T03:55:46.855+0000] {logging_mixin.py:188} INFO - [2026-06-07T03:55:46.855+0000] {dag.py:3089} INFO - Sync 1 DAGs
[2026-06-07T03:55:46.866+0000] {logging_mixin.py:188} INFO - [2026-06-07T03:55:46.866+0000] {dag.py:3947} INFO - Setting next_dagrun for lms_analytics_dag to None, run_after=None
[2026-06-07T03:55:46.988+0000] {processor.py:183} INFO - Processing /opt/airflow/dags/lms_analytics_dag.py took 0.194 seconds
[2026-06-07T03:56:17.260+0000] {processor.py:161} INFO - Started process (PID=1624) to work on /opt/airflow/dags/lms_analytics_dag.py
[2026-06-07T03:56:17.261+0000] {processor.py:830} INFO - Processing file /opt/airflow/dags/lms_analytics_dag.py for tasks to queue
[2026-06-07T03:56:17.263+0000] {logging_mixin.py:188} INFO - [2026-06-07T03:56:17.263+0000] {dagbag.py:545} INFO - Filling up the DagBag from /opt/airflow/dags/lms_analytics_dag.py
[2026-06-07T03:56:17.302+0000] {processor.py:840} INFO - DAG(s) 'lms_analytics_dag' retrieved from /opt/airflow/dags/lms_analytics_dag.py
[2026-06-07T03:56:17.341+0000] {logging_mixin.py:188} INFO - [2026-06-07T03:56:17.341+0000] {dag.py:3089} INFO - Sync 1 DAGs
[2026-06-07T03:56:17.368+0000] {logging_mixin.py:188} INFO - [2026-06-07T03:56:17.367+0000] {dag.py:3947} INFO - Setting next_dagrun for lms_analytics_dag to None, run_after=None
[2026-06-07T03:56:17.531+0000] {processor.py:183} INFO - Processing /opt/airflow/dags/lms_analytics_dag.py took 0.278 seconds
[2026-06-07T03:56:47.804+0000] {processor.py:161} INFO - Started process (PID=1646) to work on /opt/airflow/dags/lms_analytics_dag.py
[2026-06-07T03:56:47.805+0000] {processor.py:830} INFO - Processing file /opt/airflow/dags/lms_analytics_dag.py for tasks to queue
[2026-06-07T03:56:47.807+0000] {logging_mixin.py:188} INFO - [2026-06-07T03:56:47.807+0000] {dagbag.py:545} INFO - Filling up the DagBag from /opt/airflow/dags/lms_analytics_dag.py
[2026-06-07T03:56:47.835+0000] {processor.py:840} INFO - DAG(s) 'lms_analytics_dag' retrieved from /opt/airflow/dags/lms_analytics_dag.py
[2026-06-07T03:56:47.869+0000] {logging_mixin.py:188} INFO - [2026-06-07T03:56:47.869+0000] {dag.py:3089} INFO - Sync 1 DAGs
[2026-06-07T03:56:47.887+0000] {logging_mixin.py:188} INFO - [2026-06-07T03:56:47.886+0000] {dag.py:3947} INFO - Setting next_dagrun for lms_analytics_dag to None, run_after=None
[2026-06-07T03:56:47.988+0000] {processor.py:183} INFO - Processing /opt/airflow/dags/lms_analytics_dag.py took 0.191 seconds
[2026-06-07T03:57:18.303+0000] {processor.py:161} INFO - Started process (PID=1668) to work on /opt/airflow/dags/lms_analytics_dag.py
[2026-06-07T03:57:18.304+0000] {processor.py:830} INFO - Processing file /opt/airflow/dags/lms_analytics_dag.py for tasks to queue
[2026-06-07T03:57:18.306+0000] {logging_mixin.py:188} INFO - [2026-06-07T03:57:18.306+0000] {dagbag.py:545} INFO - Filling up the DagBag from /opt/airflow/dags/lms_analytics_dag.py
[2026-06-07T03:57:18.331+0000] {processor.py:840} INFO - DAG(s) 'lms_analytics_dag' retrieved from /opt/airflow/dags/lms_analytics_dag.py
[2026-06-07T03:57:18.359+0000] {logging_mixin.py:188} INFO - [2026-06-07T03:57:18.359+0000] {dag.py:3089} INFO - Sync 1 DAGs
[2026-06-07T03:57:18.371+0000] {logging_mixin.py:188} INFO - [2026-06-07T03:57:18.370+0000] {dag.py:3947} INFO - Setting next_dagrun for lms_analytics_dag to None, run_after=None
[2026-06-07T03:57:18.662+0000] {processor.py:183} INFO - Processing /opt/airflow/dags/lms_analytics_dag.py took 0.365 seconds
[2026-06-07T03:57:49.221+0000] {processor.py:161} INFO - Started process (PID=1690) to work on /opt/airflow/dags/lms_analytics_dag.py
[2026-06-07T03:57:49.222+0000] {processor.py:830} INFO - Processing file /opt/airflow/dags/lms_analytics_dag.py for tasks to queue
[2026-06-07T03:57:49.224+0000] {logging_mixin.py:188} INFO - [2026-06-07T03:57:49.224+0000] {dagbag.py:545} INFO - Filling up the DagBag from /opt/airflow/dags/lms_analytics_dag.py
[2026-06-07T03:57:49.248+0000] {processor.py:840} INFO - DAG(s) 'lms_analytics_dag' retrieved from /opt/airflow/dags/lms_analytics_dag.py
[2026-06-07T03:57:49.278+0000] {logging_mixin.py:188} INFO - [2026-06-07T03:57:49.277+0000] {dag.py:3089} INFO - Sync 1 DAGs
[2026-06-07T03:57:49.289+0000] {logging_mixin.py:188} INFO - [2026-06-07T03:57:49.289+0000] {dag.py:3947} INFO - Setting next_dagrun for lms_analytics_dag to None, run_after=None
[2026-06-07T03:57:49.413+0000] {processor.py:183} INFO - Processing /opt/airflow/dags/lms_analytics_dag.py took 0.200 seconds
[2026-06-07T03:58:19.544+0000] {processor.py:161} INFO - Started process (PID=1712) to work on /opt/airflow/dags/lms_analytics_dag.py
[2026-06-07T03:58:19.545+0000] {processor.py:830} INFO - Processing file /opt/airflow/dags/lms_analytics_dag.py for tasks to queue
[2026-06-07T03:58:19.547+0000] {logging_mixin.py:188} INFO - [2026-06-07T03:58:19.547+0000] {dagbag.py:545} INFO - Filling up the DagBag from /opt/airflow/dags/lms_analytics_dag.py
[2026-06-07T03:58:19.577+0000] {processor.py:840} INFO - DAG(s) 'lms_analytics_dag' retrieved from /opt/airflow/dags/lms_analytics_dag.py
[2026-06-07T03:58:19.605+0000] {logging_mixin.py:188} INFO - [2026-06-07T03:58:19.605+0000] {dag.py:3089} INFO - Sync 1 DAGs
[2026-06-07T03:58:19.617+0000] {logging_mixin.py:188} INFO - [2026-06-07T03:58:19.616+0000] {dag.py:3947} INFO - Setting next_dagrun for lms_analytics_dag to None, run_after=None
[2026-06-07T03:58:19.886+0000] {processor.py:183} INFO - Processing /opt/airflow/dags/lms_analytics_dag.py took 0.348 seconds
[2026-06-07T03:58:50.054+0000] {processor.py:161} INFO - Started process (PID=1734) to work on /opt/airflow/dags/lms_analytics_dag.py
[2026-06-07T03:58:50.056+0000] {processor.py:830} INFO - Processing file /opt/airflow/dags/lms_analytics_dag.py for tasks to queue
[2026-06-07T03:58:50.058+0000] {logging_mixin.py:188} INFO - [2026-06-07T03:58:50.057+0000] {dagbag.py:545} INFO - Filling up the DagBag from /opt/airflow/dags/lms_analytics_dag.py
[2026-06-07T03:58:50.090+0000] {processor.py:840} INFO - DAG(s) 'lms_analytics_dag' retrieved from /opt/airflow/dags/lms_analytics_dag.py
[2026-06-07T03:58:50.129+0000] {logging_mixin.py:188} INFO - [2026-06-07T03:58:50.129+0000] {dag.py:3089} INFO - Sync 1 DAGs
[2026-06-07T03:58:50.146+0000] {logging_mixin.py:188} INFO - [2026-06-07T03:58:50.146+0000] {dag.py:3947} INFO - Setting next_dagrun for lms_analytics_dag to None, run_after=None
[2026-06-07T03:58:50.387+0000] {processor.py:183} INFO - Processing /opt/airflow/dags/lms_analytics_dag.py took 0.341 seconds
[2026-06-07T03:59:20.440+0000] {processor.py:161} INFO - Started process (PID=1756) to work on /opt/airflow/dags/lms_analytics_dag.py
[2026-06-07T03:59:20.441+0000] {processor.py:830} INFO - Processing file /opt/airflow/dags/lms_analytics_dag.py for tasks to queue
[2026-06-07T03:59:20.444+0000] {logging_mixin.py:188} INFO - [2026-06-07T03:59:20.443+0000] {dagbag.py:545} INFO - Filling up the DagBag from /opt/airflow/dags/lms_analytics_dag.py
[2026-06-07T03:59:20.469+0000] {processor.py:840} INFO - DAG(s) 'lms_analytics_dag' retrieved from /opt/airflow/dags/lms_analytics_dag.py
[2026-06-07T03:59:20.498+0000] {logging_mixin.py:188} INFO - [2026-06-07T03:59:20.497+0000] {dag.py:3089} INFO - Sync 1 DAGs
[2026-06-07T03:59:20.511+0000] {logging_mixin.py:188} INFO - [2026-06-07T03:59:20.511+0000] {dag.py:3947} INFO - Setting next_dagrun for lms_analytics_dag to None, run_after=None
[2026-06-07T03:59:20.698+0000] {processor.py:183} INFO - Processing /opt/airflow/dags/lms_analytics_dag.py took 0.265 seconds
[2026-06-07T03:59:50.920+0000] {processor.py:161} INFO - Started process (PID=1778) to work on /opt/airflow/dags/lms_analytics_dag.py
[2026-06-07T03:59:50.921+0000] {processor.py:830} INFO - Processing file /opt/airflow/dags/lms_analytics_dag.py for tasks to queue
[2026-06-07T03:59:50.923+0000] {logging_mixin.py:188} INFO - [2026-06-07T03:59:50.923+0000] {dagbag.py:545} INFO - Filling up the DagBag from /opt/airflow/dags/lms_analytics_dag.py
[2026-06-07T03:59:50.947+0000] {processor.py:840} INFO - DAG(s) 'lms_analytics_dag' retrieved from /opt/airflow/dags/lms_analytics_dag.py
[2026-06-07T03:59:50.976+0000] {logging_mixin.py:188} INFO - [2026-06-07T03:59:50.976+0000] {dag.py:3089} INFO - Sync 1 DAGs
[2026-06-07T03:59:50.989+0000] {logging_mixin.py:188} INFO - [2026-06-07T03:59:50.989+0000] {dag.py:3947} INFO - Setting next_dagrun for lms_analytics_dag to None, run_after=None
[2026-06-07T03:59:51.097+0000] {processor.py:183} INFO - Processing /opt/airflow/dags/lms_analytics_dag.py took 0.185 seconds
[2026-06-07T23:00:21.259+0000] {processor.py:161} INFO - Started process (PID=1800) to work on /opt/airflow/dags/lms_analytics_dag.py
[2026-06-07T23:00:21.260+0000] {processor.py:830} INFO - Processing file /opt/airflow/dags/lms_analytics_dag.py for tasks to queue
[2026-06-07T23:00:21.262+0000] {logging_mixin.py:188} INFO - [2026-06-07T23:00:21.261+0000] {dagbag.py:545} INFO - Filling up the DagBag from /opt/airflow/dags/lms_analytics_dag.py
[2026-06-07T23:00:21.286+0000] {processor.py:840} INFO - DAG(s) 'lms_analytics_dag' retrieved from /opt/airflow/dags/lms_analytics_dag.py
[2026-06-07T23:00:21.312+0000] {logging_mixin.py:188} INFO - [2026-06-07T23:00:21.312+0000] {dag.py:3089} INFO - Sync 1 DAGs
[2026-06-07T23:00:21.324+0000] {logging_mixin.py:188} INFO - [2026-06-07T23:00:21.323+0000] {dag.py:3947} INFO - Setting next_dagrun for lms_analytics_dag to None, run_after=None
[2026-06-07T23:00:21.437+0000] {processor.py:183} INFO - Processing /opt/airflow/dags/lms_analytics_dag.py took 0.185 seconds
[2026-06-07T23:00:51.555+0000] {processor.py:161} INFO - Started process (PID=1822) to work on /opt/airflow/dags/lms_analytics_dag.py
[2026-06-07T23:00:51.557+0000] {processor.py:830} INFO - Processing file /opt/airflow/dags/lms_analytics_dag.py for tasks to queue
[2026-06-07T23:00:51.559+0000] {logging_mixin.py:188} INFO - [2026-06-07T23:00:51.559+0000] {dagbag.py:545} INFO - Filling up the DagBag from /opt/airflow/dags/lms_analytics_dag.py
[2026-06-07T23:00:51.584+0000] {processor.py:840} INFO - DAG(s) 'lms_analytics_dag' retrieved from /opt/airflow/dags/lms_analytics_dag.py
[2026-06-07T23:00:51.611+0000] {logging_mixin.py:188} INFO - [2026-06-07T23:00:51.610+0000] {dag.py:3089} INFO - Sync 1 DAGs
[2026-06-07T23:00:51.622+0000] {logging_mixin.py:188} INFO - [2026-06-07T23:00:51.622+0000] {dag.py:3947} INFO - Setting next_dagrun for lms_analytics_dag to None, run_after=None
[2026-06-07T23:00:51.848+0000] {processor.py:183} INFO - Processing /opt/airflow/dags/lms_analytics_dag.py took 0.299 seconds
[2026-06-07T23:01:22.272+0000] {processor.py:161} INFO - Started process (PID=1844) to work on /opt/airflow/dags/lms_analytics_dag.py
[2026-06-07T23:01:22.273+0000] {processor.py:830} INFO - Processing file /opt/airflow/dags/lms_analytics_dag.py for tasks to queue
[2026-06-07T23:01:22.276+0000] {logging_mixin.py:188} INFO - [2026-06-07T23:01:22.275+0000] {dagbag.py:545} INFO - Filling up the DagBag from /opt/airflow/dags/lms_analytics_dag.py
[2026-06-07T23:01:22.299+0000] {processor.py:840} INFO - DAG(s) 'lms_analytics_dag' retrieved from /opt/airflow/dags/lms_analytics_dag.py
[2026-06-07T23:01:22.333+0000] {logging_mixin.py:188} INFO - [2026-06-07T23:01:22.332+0000] {dag.py:3089} INFO - Sync 1 DAGs
[2026-06-07T23:01:22.349+0000] {logging_mixin.py:188} INFO - [2026-06-07T23:01:22.349+0000] {dag.py:3947} INFO - Setting next_dagrun for lms_analytics_dag to None, run_after=None
[2026-06-07T23:01:22.455+0000] {processor.py:183} INFO - Processing /opt/airflow/dags/lms_analytics_dag.py took 0.190 seconds
[2026-06-07T23:01:52.573+0000] {processor.py:161} INFO - Started process (PID=1860) to work on /opt/airflow/dags/lms_analytics_dag.py
[2026-06-07T23:01:52.574+0000] {processor.py:830} INFO - Processing file /opt/airflow/dags/lms_analytics_dag.py for tasks to queue
[2026-06-07T23:01:52.576+0000] {logging_mixin.py:188} INFO - [2026-06-07T23:01:52.576+0000] {dagbag.py:545} INFO - Filling up the DagBag from /opt/airflow/dags/lms_analytics_dag.py
[2026-06-07T23:01:52.600+0000] {processor.py:840} INFO - DAG(s) 'lms_analytics_dag' retrieved from /opt/airflow/dags/lms_analytics_dag.py
[2026-06-07T23:01:52.628+0000] {logging_mixin.py:188} INFO - [2026-06-07T23:01:52.627+0000] {dag.py:3089} INFO - Sync 1 DAGs
[2026-06-07T23:01:52.640+0000] {logging_mixin.py:188} INFO - [2026-06-07T23:01:52.640+0000] {dag.py:3947} INFO - Setting next_dagrun for lms_analytics_dag to None, run_after=None
[2026-06-07T23:01:52.795+0000] {processor.py:183} INFO - Processing /opt/airflow/dags/lms_analytics_dag.py took 0.228 seconds
[2026-06-07T23:02:22.869+0000] {processor.py:161} INFO - Started process (PID=1882) to work on /opt/airflow/dags/lms_analytics_dag.py
[2026-06-07T23:02:22.870+0000] {processor.py:830} INFO - Processing file /opt/airflow/dags/lms_analytics_dag.py for tasks to queue
[2026-06-07T23:02:22.872+0000] {logging_mixin.py:188} INFO - [2026-06-07T23:02:22.872+0000] {dagbag.py:545} INFO - Filling up the DagBag from /opt/airflow/dags/lms_analytics_dag.py
[2026-06-07T23:02:22.897+0000] {processor.py:840} INFO - DAG(s) 'lms_analytics_dag' retrieved from /opt/airflow/dags/lms_analytics_dag.py
[2026-06-07T23:02:22.926+0000] {logging_mixin.py:188} INFO - [2026-06-07T23:02:22.925+0000] {dag.py:3089} INFO - Sync 1 DAGs
[2026-06-07T23:02:22.937+0000] {logging_mixin.py:188} INFO - [2026-06-07T23:02:22.937+0000] {dag.py:3947} INFO - Setting next_dagrun for lms_analytics_dag to None, run_after=None
[2026-06-07T23:02:23.066+0000] {processor.py:183} INFO - Processing /opt/airflow/dags/lms_analytics_dag.py took 0.204 seconds
[2026-06-07T23:02:53.180+0000] {processor.py:161} INFO - Started process (PID=1904) to work on /opt/airflow/dags/lms_analytics_dag.py
[2026-06-07T23:02:53.181+0000] {processor.py:830} INFO - Processing file /opt/airflow/dags/lms_analytics_dag.py for tasks to queue
[2026-06-07T23:02:53.183+0000] {logging_mixin.py:188} INFO - [2026-06-07T23:02:53.183+0000] {dagbag.py:545} INFO - Filling up the DagBag from /opt/airflow/dags/lms_analytics_dag.py
[2026-06-07T23:02:53.207+0000] {processor.py:840} INFO - DAG(s) 'lms_analytics_dag' retrieved from /opt/airflow/dags/lms_analytics_dag.py
[2026-06-07T23:02:53.234+0000] {logging_mixin.py:188} INFO - [2026-06-07T23:02:53.234+0000] {dag.py:3089} INFO - Sync 1 DAGs
[2026-06-07T23:02:53.246+0000] {logging_mixin.py:188} INFO - [2026-06-07T23:02:53.246+0000] {dag.py:3947} INFO - Setting next_dagrun for lms_analytics_dag to None, run_after=None
[2026-06-07T23:02:53.484+0000] {processor.py:183} INFO - Processing /opt/airflow/dags/lms_analytics_dag.py took 0.312 seconds
[2026-06-07T23:03:24.028+0000] {processor.py:161} INFO - Started process (PID=1926) to work on /opt/airflow/dags/lms_analytics_dag.py
[2026-06-07T23:03:24.029+0000] {processor.py:830} INFO - Processing file /opt/airflow/dags/lms_analytics_dag.py for tasks to queue
[2026-06-07T23:03:24.031+0000] {logging_mixin.py:188} INFO - [2026-06-07T23:03:24.030+0000] {dagbag.py:545} INFO - Filling up the DagBag from /opt/airflow/dags/lms_analytics_dag.py
[2026-06-07T23:03:24.056+0000] {processor.py:840} INFO - DAG(s) 'lms_analytics_dag' retrieved from /opt/airflow/dags/lms_analytics_dag.py
[2026-06-07T23:03:24.083+0000] {logging_mixin.py:188} INFO - [2026-06-07T23:03:24.083+0000] {dag.py:3089} INFO - Sync 1 DAGs
[2026-06-07T23:03:24.095+0000] {logging_mixin.py:188} INFO - [2026-06-07T23:03:24.095+0000] {dag.py:3947} INFO - Setting next_dagrun for lms_analytics_dag to None, run_after=None
[2026-06-07T23:03:24.208+0000] {processor.py:183} INFO - Processing /opt/airflow/dags/lms_analytics_dag.py took 0.187 seconds
[2026-06-07T23:03:54.574+0000] {processor.py:161} INFO - Started process (PID=1948) to work on /opt/airflow/dags/lms_analytics_dag.py
[2026-06-07T23:03:54.576+0000] {processor.py:830} INFO - Processing file /opt/airflow/dags/lms_analytics_dag.py for tasks to queue
[2026-06-07T23:03:54.578+0000] {logging_mixin.py:188} INFO - [2026-06-07T23:03:54.578+0000] {dagbag.py:545} INFO - Filling up the DagBag from /opt/airflow/dags/lms_analytics_dag.py
[2026-06-07T23:03:54.611+0000] {processor.py:840} INFO - DAG(s) 'lms_analytics_dag' retrieved from /opt/airflow/dags/lms_analytics_dag.py
[2026-06-07T23:03:54.638+0000] {logging_mixin.py:188} INFO - [2026-06-07T23:03:54.638+0000] {dag.py:3089} INFO - Sync 1 DAGs
[2026-06-07T23:03:54.649+0000] {logging_mixin.py:188} INFO - [2026-06-07T23:03:54.649+0000] {dag.py:3947} INFO - Setting next_dagrun for lms_analytics_dag to None, run_after=None
[2026-06-07T23:03:54.744+0000] {processor.py:183} INFO - Processing /opt/airflow/dags/lms_analytics_dag.py took 0.180 seconds
[2026-06-07T23:04:24.941+0000] {processor.py:161} INFO - Started process (PID=1970) to work on /opt/airflow/dags/lms_analytics_dag.py
[2026-06-07T23:04:24.942+0000] {processor.py:830} INFO - Processing file /opt/airflow/dags/lms_analytics_dag.py for tasks to queue
[2026-06-07T23:04:24.944+0000] {logging_mixin.py:188} INFO - [2026-06-07T23:04:24.943+0000] {dagbag.py:545} INFO - Filling up the DagBag from /opt/airflow/dags/lms_analytics_dag.py
[2026-06-07T23:04:24.970+0000] {processor.py:840} INFO - DAG(s) 'lms_analytics_dag' retrieved from /opt/airflow/dags/lms_analytics_dag.py
[2026-06-07T23:04:24.998+0000] {logging_mixin.py:188} INFO - [2026-06-07T23:04:24.997+0000] {dag.py:3089} INFO - Sync 1 DAGs
[2026-06-07T23:04:25.010+0000] {logging_mixin.py:188} INFO - [2026-06-07T23:04:25.010+0000] {dag.py:3947} INFO - Setting next_dagrun for lms_analytics_dag to None, run_after=None
[2026-06-07T23:04:25.140+0000] {processor.py:183} INFO - Processing /opt/airflow/dags/lms_analytics_dag.py took 0.206 seconds
[2026-06-07T23:04:55.238+0000] {processor.py:161} INFO - Started process (PID=1992) to work on /opt/airflow/dags/lms_analytics_dag.py
[2026-06-07T23:04:55.239+0000] {processor.py:830} INFO - Processing file /opt/airflow/dags/lms_analytics_dag.py for tasks to queue
[2026-06-07T23:04:55.241+0000] {logging_mixin.py:188} INFO - [2026-06-07T23:04:55.241+0000] {dagbag.py:545} INFO - Filling up the DagBag from /opt/airflow/dags/lms_analytics_dag.py
[2026-06-07T23:04:55.268+0000] {processor.py:840} INFO - DAG(s) 'lms_analytics_dag' retrieved from /opt/airflow/dags/lms_analytics_dag.py
[2026-06-07T23:04:55.298+0000] {logging_mixin.py:188} INFO - [2026-06-07T23:04:55.298+0000] {dag.py:3089} INFO - Sync 1 DAGs
[2026-06-07T23:04:55.310+0000] {logging_mixin.py:188} INFO - [2026-06-07T23:04:55.309+0000] {dag.py:3947} INFO - Setting next_dagrun for lms_analytics_dag to None, run_after=None
[2026-06-07T23:04:55.530+0000] {processor.py:183} INFO - Processing /opt/airflow/dags/lms_analytics_dag.py took 0.299 seconds
[2026-06-07T23:05:26.330+0000] {processor.py:161} INFO - Started process (PID=2014) to work on /opt/airflow/dags/lms_analytics_dag.py
[2026-06-07T23:05:26.331+0000] {processor.py:830} INFO - Processing file /opt/airflow/dags/lms_analytics_dag.py for tasks to queue
[2026-06-07T23:05:26.333+0000] {logging_mixin.py:188} INFO - [2026-06-07T23:05:26.333+0000] {dagbag.py:545} INFO - Filling up the DagBag from /opt/airflow/dags/lms_analytics_dag.py
[2026-06-07T23:05:26.356+0000] {processor.py:840} INFO - DAG(s) 'lms_analytics_dag' retrieved from /opt/airflow/dags/lms_analytics_dag.py
[2026-06-07T23:05:26.383+0000] {logging_mixin.py:188} INFO - [2026-06-07T23:05:26.383+0000] {dag.py:3089} INFO - Sync 1 DAGs
[2026-06-07T23:05:26.395+0000] {logging_mixin.py:188} INFO - [2026-06-07T23:05:26.395+0000] {dag.py:3947} INFO - Setting next_dagrun for lms_analytics_dag to None, run_after=None
[2026-06-07T23:05:26.545+0000] {processor.py:183} INFO - Processing /opt/airflow/dags/lms_analytics_dag.py took 0.222 seconds
[2026-06-07T23:05:56.841+0000] {processor.py:161} INFO - Started process (PID=2036) to work on /opt/airflow/dags/lms_analytics_dag.py
[2026-06-07T23:05:56.842+0000] {processor.py:830} INFO - Processing file /opt/airflow/dags/lms_analytics_dag.py for tasks to queue
[2026-06-07T23:05:56.844+0000] {logging_mixin.py:188} INFO - [2026-06-07T23:05:56.844+0000] {dagbag.py:545} INFO - Filling up the DagBag from /opt/airflow/dags/lms_analytics_dag.py
[2026-06-07T23:05:56.871+0000] {processor.py:840} INFO - DAG(s) 'lms_analytics_dag' retrieved from /opt/airflow/dags/lms_analytics_dag.py
[2026-06-07T23:05:56.901+0000] {logging_mixin.py:188} INFO - [2026-06-07T23:05:56.900+0000] {dag.py:3089} INFO - Sync 1 DAGs
[2026-06-07T23:05:56.914+0000] {logging_mixin.py:188} INFO - [2026-06-07T23:05:56.914+0000] {dag.py:3947} INFO - Setting next_dagrun for lms_analytics_dag to None, run_after=None
[2026-06-07T23:05:57.078+0000] {processor.py:183} INFO - Processing /opt/airflow/dags/lms_analytics_dag.py took 0.243 seconds
[2026-06-07T23:06:27.130+0000] {processor.py:161} INFO - Started process (PID=2058) to work on /opt/airflow/dags/lms_analytics_dag.py
[2026-06-07T23:06:27.132+0000] {processor.py:830} INFO - Processing file /opt/airflow/dags/lms_analytics_dag.py for tasks to queue
[2026-06-07T23:06:27.134+0000] {logging_mixin.py:188} INFO - [2026-06-07T23:06:27.133+0000] {dagbag.py:545} INFO - Filling up the DagBag from /opt/airflow/dags/lms_analytics_dag.py
[2026-06-07T23:06:27.159+0000] {processor.py:840} INFO - DAG(s) 'lms_analytics_dag' retrieved from /opt/airflow/dags/lms_analytics_dag.py
[2026-06-07T23:06:27.188+0000] {logging_mixin.py:188} INFO - [2026-06-07T23:06:27.187+0000] {dag.py:3089} INFO - Sync 1 DAGs
[2026-06-07T23:06:27.201+0000] {logging_mixin.py:188} INFO - [2026-06-07T23:06:27.200+0000] {dag.py:3947} INFO - Setting next_dagrun for lms_analytics_dag to None, run_after=None
[2026-06-07T23:06:27.350+0000] {processor.py:183} INFO - Processing /opt/airflow/dags/lms_analytics_dag.py took 0.227 seconds
[2026-06-07T23:06:57.434+0000] {processor.py:161} INFO - Started process (PID=2078) to work on /opt/airflow/dags/lms_analytics_dag.py
[2026-06-07T23:06:57.435+0000] {processor.py:830} INFO - Processing file /opt/airflow/dags/lms_analytics_dag.py for tasks to queue
[2026-06-07T23:06:57.438+0000] {logging_mixin.py:188} INFO - [2026-06-07T23:06:57.437+0000] {dagbag.py:545} INFO - Filling up the DagBag from /opt/airflow/dags/lms_analytics_dag.py
[2026-06-07T23:06:57.463+0000] {processor.py:840} INFO - DAG(s) 'lms_analytics_dag' retrieved from /opt/airflow/dags/lms_analytics_dag.py
[2026-06-07T23:06:57.491+0000] {logging_mixin.py:188} INFO - [2026-06-07T23:06:57.491+0000] {dag.py:3089} INFO - Sync 1 DAGs
[2026-06-07T23:06:57.503+0000] {logging_mixin.py:188} INFO - [2026-06-07T23:06:57.503+0000] {dag.py:3947} INFO - Setting next_dagrun for lms_analytics_dag to None, run_after=None
[2026-06-07T23:06:57.633+0000] {processor.py:183} INFO - Processing /opt/airflow/dags/lms_analytics_dag.py took 0.207 seconds
[2026-06-07T23:07:27.915+0000] {processor.py:161} INFO - Started process (PID=2096) to work on /opt/airflow/dags/lms_analytics_dag.py
[2026-06-07T23:07:27.916+0000] {processor.py:830} INFO - Processing file /opt/airflow/dags/lms_analytics_dag.py for tasks to queue
[2026-06-07T23:07:27.918+0000] {logging_mixin.py:188} INFO - [2026-06-07T23:07:27.918+0000] {dagbag.py:545} INFO - Filling up the DagBag from /opt/airflow/dags/lms_analytics_dag.py
[2026-06-07T23:07:27.945+0000] {processor.py:840} INFO - DAG(s) 'lms_analytics_dag' retrieved from /opt/airflow/dags/lms_analytics_dag.py
[2026-06-07T23:07:27.972+0000] {logging_mixin.py:188} INFO - [2026-06-07T23:07:27.971+0000] {dag.py:3089} INFO - Sync 1 DAGs
[2026-06-07T23:07:27.984+0000] {logging_mixin.py:188} INFO - [2026-06-07T23:07:27.983+0000] {dag.py:3947} INFO - Setting next_dagrun for lms_analytics_dag to None, run_after=None
[2026-06-07T23:07:28.087+0000] {processor.py:183} INFO - Processing /opt/airflow/dags/lms_analytics_dag.py took 0.180 seconds
[2026-06-07T23:07:58.365+0000] {processor.py:161} INFO - Started process (PID=2118) to work on /opt/airflow/dags/lms_analytics_dag.py
[2026-06-07T23:07:58.367+0000] {processor.py:830} INFO - Processing file /opt/airflow/dags/lms_analytics_dag.py for tasks to queue
[2026-06-07T23:07:58.369+0000] {logging_mixin.py:188} INFO - [2026-06-07T23:07:58.368+0000] {dagbag.py:545} INFO - Filling up the DagBag from /opt/airflow/dags/lms_analytics_dag.py
[2026-06-07T23:07:58.394+0000] {processor.py:840} INFO - DAG(s) 'lms_analytics_dag' retrieved from /opt/airflow/dags/lms_analytics_dag.py
[2026-06-07T23:07:58.423+0000] {logging_mixin.py:188} INFO - [2026-06-07T23:07:58.423+0000] {dag.py:3089} INFO - Sync 1 DAGs
[2026-06-07T23:07:58.435+0000] {logging_mixin.py:188} INFO - [2026-06-07T23:07:58.435+0000] {dag.py:3947} INFO - Setting next_dagrun for lms_analytics_dag to None, run_after=None
[2026-06-07T23:07:58.536+0000] {processor.py:183} INFO - Processing /opt/airflow/dags/lms_analytics_dag.py took 0.179 seconds
[2026-06-07T23:08:28.802+0000] {processor.py:161} INFO - Started process (PID=2140) to work on /opt/airflow/dags/lms_analytics_dag.py
[2026-06-07T23:08:28.803+0000] {processor.py:830} INFO - Processing file /opt/airflow/dags/lms_analytics_dag.py for tasks to queue
[2026-06-07T23:08:28.805+0000] {logging_mixin.py:188} INFO - [2026-06-07T23:08:28.804+0000] {dagbag.py:545} INFO - Filling up the DagBag from /opt/airflow/dags/lms_analytics_dag.py
[2026-06-07T23:08:28.830+0000] {processor.py:840} INFO - DAG(s) 'lms_analytics_dag' retrieved from /opt/airflow/dags/lms_analytics_dag.py
[2026-06-07T23:08:28.855+0000] {logging_mixin.py:188} INFO - [2026-06-07T23:08:28.855+0000] {dag.py:3089} INFO - Sync 1 DAGs
[2026-06-07T23:08:28.867+0000] {logging_mixin.py:188} INFO - [2026-06-07T23:08:28.866+0000] {dag.py:3947} INFO - Setting next_dagrun for lms_analytics_dag to None, run_after=None
[2026-06-07T23:08:28.977+0000] {processor.py:183} INFO - Processing /opt/airflow/dags/lms_analytics_dag.py took 0.183 seconds
[2026-06-07T23:08:59.272+0000] {processor.py:161} INFO - Started process (PID=2162) to work on /opt/airflow/dags/lms_analytics_dag.py
[2026-06-07T23:08:59.273+0000] {processor.py:830} INFO - Processing file /opt/airflow/dags/lms_analytics_dag.py for tasks to queue
[2026-06-07T23:08:59.276+0000] {logging_mixin.py:188} INFO - [2026-06-07T23:08:59.276+0000] {dagbag.py:545} INFO - Filling up the DagBag from /opt/airflow/dags/lms_analytics_dag.py
[2026-06-07T23:08:59.314+0000] {processor.py:840} INFO - DAG(s) 'lms_analytics_dag' retrieved from /opt/airflow/dags/lms_analytics_dag.py
[2026-06-07T23:08:59.348+0000] {logging_mixin.py:188} INFO - [2026-06-07T23:08:59.348+0000] {dag.py:3089} INFO - Sync 1 DAGs
[2026-06-07T23:08:59.363+0000] {logging_mixin.py:188} INFO - [2026-06-07T23:08:59.363+0000] {dag.py:3947} INFO - Setting next_dagrun for lms_analytics_dag to None, run_after=None
[2026-06-07T23:08:59.528+0000] {processor.py:183} INFO - Processing /opt/airflow/dags/lms_analytics_dag.py took 0.266 seconds
[2026-06-07T23:09:30.469+0000] {processor.py:161} INFO - Started process (PID=2185) to work on /opt/airflow/dags/lms_analytics_dag.py
[2026-06-07T23:09:30.470+0000] {processor.py:830} INFO - Processing file /opt/airflow/dags/lms_analytics_dag.py for tasks to queue
[2026-06-07T23:09:30.472+0000] {logging_mixin.py:188} INFO - [2026-06-07T23:09:30.472+0000] {dagbag.py:545} INFO - Filling up the DagBag from /opt/airflow/dags/lms_analytics_dag.py
[2026-06-07T23:09:30.497+0000] {processor.py:840} INFO - DAG(s) 'lms_analytics_dag' retrieved from /opt/airflow/dags/lms_analytics_dag.py
[2026-06-07T23:09:30.524+0000] {logging_mixin.py:188} INFO - [2026-06-07T23:09:30.523+0000] {dag.py:3089} INFO - Sync 1 DAGs
[2026-06-07T23:09:30.535+0000] {logging_mixin.py:188} INFO - [2026-06-07T23:09:30.535+0000] {dag.py:3947} INFO - Setting next_dagrun for lms_analytics_dag to None, run_after=None
[2026-06-07T23:09:30.791+0000] {processor.py:183} INFO - Processing /opt/airflow/dags/lms_analytics_dag.py took 0.330 seconds
[2026-06-07T23:10:01.068+0000] {processor.py:161} INFO - Started process (PID=2201) to work on /opt/airflow/dags/lms_analytics_dag.py
[2026-06-07T23:10:01.069+0000] {processor.py:830} INFO - Processing file /opt/airflow/dags/lms_analytics_dag.py for tasks to queue
[2026-06-07T23:10:01.072+0000] {logging_mixin.py:188} INFO - [2026-06-07T23:10:01.071+0000] {dagbag.py:545} INFO - Filling up the DagBag from /opt/airflow/dags/lms_analytics_dag.py
[2026-06-07T23:10:01.094+0000] {processor.py:840} INFO - DAG(s) 'lms_analytics_dag' retrieved from /opt/airflow/dags/lms_analytics_dag.py
[2026-06-07T23:10:01.120+0000] {logging_mixin.py:188} INFO - [2026-06-07T23:10:01.120+0000] {dag.py:3089} INFO - Sync 1 DAGs
[2026-06-07T23:10:01.132+0000] {logging_mixin.py:188} INFO - [2026-06-07T23:10:01.132+0000] {dag.py:3947} INFO - Setting next_dagrun for lms_analytics_dag to None, run_after=None
[2026-06-07T23:10:01.353+0000] {processor.py:183} INFO - Processing /opt/airflow/dags/lms_analytics_dag.py took 0.291 seconds
[2026-06-07T23:10:31.414+0000] {processor.py:161} INFO - Started process (PID=2223) to work on /opt/airflow/dags/lms_analytics_dag.py
[2026-06-07T23:10:31.416+0000] {processor.py:830} INFO - Processing file /opt/airflow/dags/lms_analytics_dag.py for tasks to queue
[2026-06-07T23:10:31.418+0000] {logging_mixin.py:188} INFO - [2026-06-07T23:10:31.418+0000] {dagbag.py:545} INFO - Filling up the DagBag from /opt/airflow/dags/lms_analytics_dag.py
[2026-06-07T23:10:31.443+0000] {processor.py:840} INFO - DAG(s) 'lms_analytics_dag' retrieved from /opt/airflow/dags/lms_analytics_dag.py
[2026-06-07T23:10:31.470+0000] {logging_mixin.py:188} INFO - [2026-06-07T23:10:31.470+0000] {dag.py:3089} INFO - Sync 1 DAGs
[2026-06-07T23:10:31.481+0000] {logging_mixin.py:188} INFO - [2026-06-07T23:10:31.481+0000] {dag.py:3947} INFO - Setting next_dagrun for lms_analytics_dag to None, run_after=None
[2026-06-07T23:10:31.700+0000] {processor.py:183} INFO - Processing /opt/airflow/dags/lms_analytics_dag.py took 0.293 seconds
[2026-06-07T23:11:01.979+0000] {processor.py:161} INFO - Started process (PID=2245) to work on /opt/airflow/dags/lms_analytics_dag.py
[2026-06-07T23:11:01.982+0000] {processor.py:830} INFO - Processing file /opt/airflow/dags/lms_analytics_dag.py for tasks to queue
[2026-06-07T23:11:01.985+0000] {logging_mixin.py:188} INFO - [2026-06-07T23:11:01.984+0000] {dagbag.py:545} INFO - Filling up the DagBag from /opt/airflow/dags/lms_analytics_dag.py
[2026-06-07T23:11:02.028+0000] {processor.py:840} INFO - DAG(s) 'lms_analytics_dag' retrieved from /opt/airflow/dags/lms_analytics_dag.py
[2026-06-07T23:11:02.058+0000] {logging_mixin.py:188} INFO - [2026-06-07T23:11:02.057+0000] {dag.py:3089} INFO - Sync 1 DAGs
[2026-06-07T23:11:02.072+0000] {logging_mixin.py:188} INFO - [2026-06-07T23:11:02.072+0000] {dag.py:3947} INFO - Setting next_dagrun for lms_analytics_dag to None, run_after=None
[2026-06-07T23:11:02.288+0000] {processor.py:183} INFO - Processing /opt/airflow/dags/lms_analytics_dag.py took 0.317 seconds
