[2026-06-07T03:24:04.725+0000] {processor.py:161} INFO - Started process (PID=202) to work on /opt/airflow/dags/lms_common.py
[2026-06-07T03:24:04.727+0000] {processor.py:830} INFO - Processing file /opt/airflow/dags/lms_common.py for tasks to queue
[2026-06-07T03:24:04.730+0000] {logging_mixin.py:188} INFO - [2026-06-07T03:24:04.729+0000] {dagbag.py:545} INFO - Filling up the DagBag from /opt/airflow/dags/lms_common.py
[2026-06-07T03:24:04.743+0000] {processor.py:842} WARNING - No viable dags retrieved from /opt/airflow/dags/lms_common.py
[2026-06-07T03:24:04.769+0000] {processor.py:183} INFO - Processing /opt/airflow/dags/lms_common.py took 0.051 seconds
[2026-06-07T03:24:35.241+0000] {processor.py:161} INFO - Started process (PID=222) to work on /opt/airflow/dags/lms_common.py
[2026-06-07T03:24:35.242+0000] {processor.py:830} INFO - Processing file /opt/airflow/dags/lms_common.py for tasks to queue
[2026-06-07T03:24:35.245+0000] {logging_mixin.py:188} INFO - [2026-06-07T03:24:35.244+0000] {dagbag.py:545} INFO - Filling up the DagBag from /opt/airflow/dags/lms_common.py
[2026-06-07T03:24:35.257+0000] {processor.py:842} WARNING - No viable dags retrieved from /opt/airflow/dags/lms_common.py
[2026-06-07T03:24:35.278+0000] {processor.py:183} INFO - Processing /opt/airflow/dags/lms_common.py took 0.044 seconds
[2026-06-07T03:25:05.540+0000] {processor.py:161} INFO - Started process (PID=238) to work on /opt/airflow/dags/lms_common.py
[2026-06-07T03:25:05.542+0000] {processor.py:830} INFO - Processing file /opt/airflow/dags/lms_common.py for tasks to queue
[2026-06-07T03:25:05.545+0000] {logging_mixin.py:188} INFO - [2026-06-07T03:25:05.544+0000] {dagbag.py:545} INFO - Filling up the DagBag from /opt/airflow/dags/lms_common.py
[2026-06-07T03:25:05.557+0000] {processor.py:842} WARNING - No viable dags retrieved from /opt/airflow/dags/lms_common.py
[2026-06-07T03:25:05.577+0000] {processor.py:183} INFO - Processing /opt/airflow/dags/lms_common.py took 0.046 seconds
[2026-06-07T03:25:36.297+0000] {processor.py:161} INFO - Started process (PID=260) to work on /opt/airflow/dags/lms_common.py
[2026-06-07T03:25:36.299+0000] {processor.py:830} INFO - Processing file /opt/airflow/dags/lms_common.py for tasks to queue
[2026-06-07T03:25:36.300+0000] {logging_mixin.py:188} INFO - [2026-06-07T03:25:36.300+0000] {dagbag.py:545} INFO - Filling up the DagBag from /opt/airflow/dags/lms_common.py
[2026-06-07T03:25:36.311+0000] {processor.py:842} WARNING - No viable dags retrieved from /opt/airflow/dags/lms_common.py
[2026-06-07T03:25:36.331+0000] {processor.py:183} INFO - Processing /opt/airflow/dags/lms_common.py took 0.041 seconds
[2026-06-07T03:26:06.802+0000] {processor.py:161} INFO - Started process (PID=282) to work on /opt/airflow/dags/lms_common.py
[2026-06-07T03:26:06.803+0000] {processor.py:830} INFO - Processing file /opt/airflow/dags/lms_common.py for tasks to queue
[2026-06-07T03:26:06.805+0000] {logging_mixin.py:188} INFO - [2026-06-07T03:26:06.805+0000] {dagbag.py:545} INFO - Filling up the DagBag from /opt/airflow/dags/lms_common.py
[2026-06-07T03:26:06.817+0000] {processor.py:842} WARNING - No viable dags retrieved from /opt/airflow/dags/lms_common.py
[2026-06-07T03:26:06.838+0000] {processor.py:183} INFO - Processing /opt/airflow/dags/lms_common.py took 0.044 seconds
[2026-06-07T03:26:37.127+0000] {processor.py:161} INFO - Started process (PID=304) to work on /opt/airflow/dags/lms_common.py
[2026-06-07T03:26:37.128+0000] {processor.py:830} INFO - Processing file /opt/airflow/dags/lms_common.py for tasks to queue
[2026-06-07T03:26:37.131+0000] {logging_mixin.py:188} INFO - [2026-06-07T03:26:37.130+0000] {dagbag.py:545} INFO - Filling up the DagBag from /opt/airflow/dags/lms_common.py
[2026-06-07T03:26:37.143+0000] {processor.py:842} WARNING - No viable dags retrieved from /opt/airflow/dags/lms_common.py
[2026-06-07T03:26:37.170+0000] {processor.py:183} INFO - Processing /opt/airflow/dags/lms_common.py took 0.051 seconds
[2026-06-07T03:27:07.584+0000] {processor.py:161} INFO - Started process (PID=366) to work on /opt/airflow/dags/lms_common.py
[2026-06-07T03:27:07.585+0000] {processor.py:830} INFO - Processing file /opt/airflow/dags/lms_common.py for tasks to queue
[2026-06-07T03:27:07.587+0000] {logging_mixin.py:188} INFO - [2026-06-07T03:27:07.587+0000] {dagbag.py:545} INFO - Filling up the DagBag from /opt/airflow/dags/lms_common.py
[2026-06-07T03:27:07.598+0000] {processor.py:842} WARNING - No viable dags retrieved from /opt/airflow/dags/lms_common.py
[2026-06-07T03:27:07.616+0000] {processor.py:183} INFO - Processing /opt/airflow/dags/lms_common.py took 0.040 seconds
[2026-06-07T03:27:37.715+0000] {processor.py:161} INFO - Started process (PID=401) to work on /opt/airflow/dags/lms_common.py
[2026-06-07T03:27:37.716+0000] {processor.py:830} INFO - Processing file /opt/airflow/dags/lms_common.py for tasks to queue
[2026-06-07T03:27:37.718+0000] {logging_mixin.py:188} INFO - [2026-06-07T03:27:37.718+0000] {dagbag.py:545} INFO - Filling up the DagBag from /opt/airflow/dags/lms_common.py
[2026-06-07T03:27:37.731+0000] {processor.py:842} WARNING - No viable dags retrieved from /opt/airflow/dags/lms_common.py
[2026-06-07T03:27:37.763+0000] {processor.py:183} INFO - Processing /opt/airflow/dags/lms_common.py took 0.055 seconds
[2026-06-07T03:28:08.510+0000] {processor.py:161} INFO - Started process (PID=432) to work on /opt/airflow/dags/lms_common.py
[2026-06-07T03:28:08.511+0000] {processor.py:830} INFO - Processing file /opt/airflow/dags/lms_common.py for tasks to queue
[2026-06-07T03:28:08.513+0000] {logging_mixin.py:188} INFO - [2026-06-07T03:28:08.513+0000] {dagbag.py:545} INFO - Filling up the DagBag from /opt/airflow/dags/lms_common.py
[2026-06-07T03:28:08.527+0000] {processor.py:842} WARNING - No viable dags retrieved from /opt/airflow/dags/lms_common.py
[2026-06-07T03:28:08.546+0000] {processor.py:183} INFO - Processing /opt/airflow/dags/lms_common.py took 0.044 seconds
[2026-06-07T03:28:39.080+0000] {processor.py:161} INFO - Started process (PID=454) to work on /opt/airflow/dags/lms_common.py
[2026-06-07T03:28:39.082+0000] {processor.py:830} INFO - Processing file /opt/airflow/dags/lms_common.py for tasks to queue
[2026-06-07T03:28:39.084+0000] {logging_mixin.py:188} INFO - [2026-06-07T03:28:39.084+0000] {dagbag.py:545} INFO - Filling up the DagBag from /opt/airflow/dags/lms_common.py
[2026-06-07T03:28:39.098+0000] {processor.py:842} WARNING - No viable dags retrieved from /opt/airflow/dags/lms_common.py
[2026-06-07T03:28:39.117+0000] {processor.py:183} INFO - Processing /opt/airflow/dags/lms_common.py took 0.045 seconds
[2026-06-07T03:29:09.637+0000] {processor.py:161} INFO - Started process (PID=476) to work on /opt/airflow/dags/lms_common.py
[2026-06-07T03:29:09.638+0000] {processor.py:830} INFO - Processing file /opt/airflow/dags/lms_common.py for tasks to queue
[2026-06-07T03:29:09.641+0000] {logging_mixin.py:188} INFO - [2026-06-07T03:29:09.640+0000] {dagbag.py:545} INFO - Filling up the DagBag from /opt/airflow/dags/lms_common.py
[2026-06-07T03:29:09.654+0000] {processor.py:842} WARNING - No viable dags retrieved from /opt/airflow/dags/lms_common.py
[2026-06-07T03:29:09.674+0000] {processor.py:183} INFO - Processing /opt/airflow/dags/lms_common.py took 0.046 seconds
[2026-06-07T03:29:39.738+0000] {processor.py:161} INFO - Started process (PID=498) to work on /opt/airflow/dags/lms_common.py
[2026-06-07T03:29:39.741+0000] {processor.py:830} INFO - Processing file /opt/airflow/dags/lms_common.py for tasks to queue
[2026-06-07T03:29:39.743+0000] {logging_mixin.py:188} INFO - [2026-06-07T03:29:39.743+0000] {dagbag.py:545} INFO - Filling up the DagBag from /opt/airflow/dags/lms_common.py
[2026-06-07T03:29:39.757+0000] {processor.py:842} WARNING - No viable dags retrieved from /opt/airflow/dags/lms_common.py
[2026-06-07T03:29:39.782+0000] {processor.py:183} INFO - Processing /opt/airflow/dags/lms_common.py took 0.052 seconds
[2026-06-07T03:30:10.512+0000] {processor.py:161} INFO - Started process (PID=520) to work on /opt/airflow/dags/lms_common.py
[2026-06-07T03:30:10.513+0000] {processor.py:830} INFO - Processing file /opt/airflow/dags/lms_common.py for tasks to queue
[2026-06-07T03:30:10.515+0000] {logging_mixin.py:188} INFO - [2026-06-07T03:30:10.515+0000] {dagbag.py:545} INFO - Filling up the DagBag from /opt/airflow/dags/lms_common.py
[2026-06-07T03:30:10.530+0000] {processor.py:842} WARNING - No viable dags retrieved from /opt/airflow/dags/lms_common.py
[2026-06-07T03:30:10.552+0000] {processor.py:183} INFO - Processing /opt/airflow/dags/lms_common.py took 0.049 seconds
[2026-06-07T03:30:40.815+0000] {processor.py:161} INFO - Started process (PID=536) to work on /opt/airflow/dags/lms_common.py
[2026-06-07T03:30:40.816+0000] {processor.py:830} INFO - Processing file /opt/airflow/dags/lms_common.py for tasks to queue
[2026-06-07T03:30:40.819+0000] {logging_mixin.py:188} INFO - [2026-06-07T03:30:40.818+0000] {dagbag.py:545} INFO - Filling up the DagBag from /opt/airflow/dags/lms_common.py
[2026-06-07T03:30:40.835+0000] {processor.py:842} WARNING - No viable dags retrieved from /opt/airflow/dags/lms_common.py
[2026-06-07T03:30:40.856+0000] {processor.py:183} INFO - Processing /opt/airflow/dags/lms_common.py took 0.049 seconds
[2026-06-07T03:31:11.282+0000] {processor.py:161} INFO - Started process (PID=558) to work on /opt/airflow/dags/lms_common.py
[2026-06-07T03:31:11.285+0000] {processor.py:830} INFO - Processing file /opt/airflow/dags/lms_common.py for tasks to queue
[2026-06-07T03:31:11.288+0000] {logging_mixin.py:188} INFO - [2026-06-07T03:31:11.287+0000] {dagbag.py:545} INFO - Filling up the DagBag from /opt/airflow/dags/lms_common.py
[2026-06-07T03:31:11.303+0000] {processor.py:842} WARNING - No viable dags retrieved from /opt/airflow/dags/lms_common.py
[2026-06-07T03:31:11.324+0000] {processor.py:183} INFO - Processing /opt/airflow/dags/lms_common.py took 0.051 seconds
[2026-06-07T03:31:41.384+0000] {processor.py:161} INFO - Started process (PID=580) to work on /opt/airflow/dags/lms_common.py
[2026-06-07T03:31:41.386+0000] {processor.py:830} INFO - Processing file /opt/airflow/dags/lms_common.py for tasks to queue
[2026-06-07T03:31:41.389+0000] {logging_mixin.py:188} INFO - [2026-06-07T03:31:41.389+0000] {dagbag.py:545} INFO - Filling up the DagBag from /opt/airflow/dags/lms_common.py
[2026-06-07T03:31:41.403+0000] {processor.py:842} WARNING - No viable dags retrieved from /opt/airflow/dags/lms_common.py
[2026-06-07T03:31:41.421+0000] {processor.py:183} INFO - Processing /opt/airflow/dags/lms_common.py took 0.043 seconds
[2026-06-07T03:32:11.830+0000] {processor.py:161} INFO - Started process (PID=602) to work on /opt/airflow/dags/lms_common.py
[2026-06-07T03:32:11.831+0000] {processor.py:830} INFO - Processing file /opt/airflow/dags/lms_common.py for tasks to queue
[2026-06-07T03:32:11.834+0000] {logging_mixin.py:188} INFO - [2026-06-07T03:32:11.833+0000] {dagbag.py:545} INFO - Filling up the DagBag from /opt/airflow/dags/lms_common.py
[2026-06-07T03:32:11.852+0000] {processor.py:842} WARNING - No viable dags retrieved from /opt/airflow/dags/lms_common.py
[2026-06-07T03:32:11.875+0000] {processor.py:183} INFO - Processing /opt/airflow/dags/lms_common.py took 0.053 seconds
[2026-06-07T03:32:42.174+0000] {processor.py:161} INFO - Started process (PID=624) to work on /opt/airflow/dags/lms_common.py
[2026-06-07T03:32:42.175+0000] {processor.py:830} INFO - Processing file /opt/airflow/dags/lms_common.py for tasks to queue
[2026-06-07T03:32:42.178+0000] {logging_mixin.py:188} INFO - [2026-06-07T03:32:42.178+0000] {dagbag.py:545} INFO - Filling up the DagBag from /opt/airflow/dags/lms_common.py
[2026-06-07T03:32:42.192+0000] {processor.py:842} WARNING - No viable dags retrieved from /opt/airflow/dags/lms_common.py
[2026-06-07T03:32:42.211+0000] {processor.py:183} INFO - Processing /opt/airflow/dags/lms_common.py took 0.044 seconds
[2026-06-07T03:33:12.341+0000] {processor.py:161} INFO - Started process (PID=646) to work on /opt/airflow/dags/lms_common.py
[2026-06-07T03:33:12.342+0000] {processor.py:830} INFO - Processing file /opt/airflow/dags/lms_common.py for tasks to queue
[2026-06-07T03:33:12.345+0000] {logging_mixin.py:188} INFO - [2026-06-07T03:33:12.344+0000] {dagbag.py:545} INFO - Filling up the DagBag from /opt/airflow/dags/lms_common.py
[2026-06-07T03:33:12.357+0000] {processor.py:842} WARNING - No viable dags retrieved from /opt/airflow/dags/lms_common.py
[2026-06-07T03:33:12.376+0000] {processor.py:183} INFO - Processing /opt/airflow/dags/lms_common.py took 0.041 seconds
[2026-06-07T03:33:42.855+0000] {processor.py:161} INFO - Started process (PID=668) to work on /opt/airflow/dags/lms_common.py
[2026-06-07T03:33:42.856+0000] {processor.py:830} INFO - Processing file /opt/airflow/dags/lms_common.py for tasks to queue
[2026-06-07T03:33:42.858+0000] {logging_mixin.py:188} INFO - [2026-06-07T03:33:42.858+0000] {dagbag.py:545} INFO - Filling up the DagBag from /opt/airflow/dags/lms_common.py
[2026-06-07T03:33:42.871+0000] {processor.py:842} WARNING - No viable dags retrieved from /opt/airflow/dags/lms_common.py
[2026-06-07T03:33:42.890+0000] {processor.py:183} INFO - Processing /opt/airflow/dags/lms_common.py took 0.041 seconds
[2026-06-07T03:34:13.059+0000] {processor.py:161} INFO - Started process (PID=690) to work on /opt/airflow/dags/lms_common.py
[2026-06-07T03:34:13.061+0000] {processor.py:830} INFO - Processing file /opt/airflow/dags/lms_common.py for tasks to queue
[2026-06-07T03:34:13.062+0000] {logging_mixin.py:188} INFO - [2026-06-07T03:34:13.062+0000] {dagbag.py:545} INFO - Filling up the DagBag from /opt/airflow/dags/lms_common.py
[2026-06-07T03:34:13.075+0000] {processor.py:842} WARNING - No viable dags retrieved from /opt/airflow/dags/lms_common.py
[2026-06-07T03:34:13.095+0000] {processor.py:183} INFO - Processing /opt/airflow/dags/lms_common.py took 0.046 seconds
[2026-06-07T03:34:43.517+0000] {processor.py:161} INFO - Started process (PID=712) to work on /opt/airflow/dags/lms_common.py
[2026-06-07T03:34:43.518+0000] {processor.py:830} INFO - Processing file /opt/airflow/dags/lms_common.py for tasks to queue
[2026-06-07T03:34:43.521+0000] {logging_mixin.py:188} INFO - [2026-06-07T03:34:43.520+0000] {dagbag.py:545} INFO - Filling up the DagBag from /opt/airflow/dags/lms_common.py
[2026-06-07T03:34:43.534+0000] {processor.py:842} WARNING - No viable dags retrieved from /opt/airflow/dags/lms_common.py
[2026-06-07T03:34:43.553+0000] {processor.py:183} INFO - Processing /opt/airflow/dags/lms_common.py took 0.042 seconds
[2026-06-07T03:35:13.979+0000] {processor.py:161} INFO - Started process (PID=734) to work on /opt/airflow/dags/lms_common.py
[2026-06-07T03:35:13.980+0000] {processor.py:830} INFO - Processing file /opt/airflow/dags/lms_common.py for tasks to queue
[2026-06-07T03:35:13.982+0000] {logging_mixin.py:188} INFO - [2026-06-07T03:35:13.982+0000] {dagbag.py:545} INFO - Filling up the DagBag from /opt/airflow/dags/lms_common.py
[2026-06-07T03:35:13.995+0000] {processor.py:842} WARNING - No viable dags retrieved from /opt/airflow/dags/lms_common.py
[2026-06-07T03:35:14.014+0000] {processor.py:183} INFO - Processing /opt/airflow/dags/lms_common.py took 0.041 seconds
[2026-06-07T03:35:44.116+0000] {processor.py:161} INFO - Started process (PID=756) to work on /opt/airflow/dags/lms_common.py
[2026-06-07T03:35:44.117+0000] {processor.py:830} INFO - Processing file /opt/airflow/dags/lms_common.py for tasks to queue
[2026-06-07T03:35:44.119+0000] {logging_mixin.py:188} INFO - [2026-06-07T03:35:44.119+0000] {dagbag.py:545} INFO - Filling up the DagBag from /opt/airflow/dags/lms_common.py
[2026-06-07T03:35:44.132+0000] {processor.py:842} WARNING - No viable dags retrieved from /opt/airflow/dags/lms_common.py
[2026-06-07T03:35:44.153+0000] {processor.py:183} INFO - Processing /opt/airflow/dags/lms_common.py took 0.043 seconds
[2026-06-07T03:36:14.682+0000] {processor.py:161} INFO - Started process (PID=778) to work on /opt/airflow/dags/lms_common.py
[2026-06-07T03:36:14.683+0000] {processor.py:830} INFO - Processing file /opt/airflow/dags/lms_common.py for tasks to queue
[2026-06-07T03:36:14.685+0000] {logging_mixin.py:188} INFO - [2026-06-07T03:36:14.685+0000] {dagbag.py:545} INFO - Filling up the DagBag from /opt/airflow/dags/lms_common.py
[2026-06-07T03:36:14.696+0000] {processor.py:842} WARNING - No viable dags retrieved from /opt/airflow/dags/lms_common.py
[2026-06-07T03:36:14.716+0000] {processor.py:183} INFO - Processing /opt/airflow/dags/lms_common.py took 0.041 seconds
[2026-06-07T03:36:45.224+0000] {processor.py:161} INFO - Started process (PID=800) to work on /opt/airflow/dags/lms_common.py
[2026-06-07T03:36:45.226+0000] {processor.py:830} INFO - Processing file /opt/airflow/dags/lms_common.py for tasks to queue
[2026-06-07T03:36:45.229+0000] {logging_mixin.py:188} INFO - [2026-06-07T03:36:45.228+0000] {dagbag.py:545} INFO - Filling up the DagBag from /opt/airflow/dags/lms_common.py
[2026-06-07T03:36:45.241+0000] {processor.py:842} WARNING - No viable dags retrieved from /opt/airflow/dags/lms_common.py
[2026-06-07T03:36:45.266+0000] {processor.py:183} INFO - Processing /opt/airflow/dags/lms_common.py took 0.052 seconds
[2026-06-07T03:37:15.693+0000] {processor.py:161} INFO - Started process (PID=822) to work on /opt/airflow/dags/lms_common.py
[2026-06-07T03:37:15.695+0000] {processor.py:830} INFO - Processing file /opt/airflow/dags/lms_common.py for tasks to queue
[2026-06-07T03:37:15.698+0000] {logging_mixin.py:188} INFO - [2026-06-07T03:37:15.697+0000] {dagbag.py:545} INFO - Filling up the DagBag from /opt/airflow/dags/lms_common.py
[2026-06-07T03:37:15.711+0000] {processor.py:842} WARNING - No viable dags retrieved from /opt/airflow/dags/lms_common.py
[2026-06-07T03:37:15.734+0000] {processor.py:183} INFO - Processing /opt/airflow/dags/lms_common.py took 0.049 seconds
[2026-06-07T03:37:46.220+0000] {processor.py:161} INFO - Started process (PID=838) to work on /opt/airflow/dags/lms_common.py
[2026-06-07T03:37:46.221+0000] {processor.py:830} INFO - Processing file /opt/airflow/dags/lms_common.py for tasks to queue
[2026-06-07T03:37:46.223+0000] {logging_mixin.py:188} INFO - [2026-06-07T03:37:46.223+0000] {dagbag.py:545} INFO - Filling up the DagBag from /opt/airflow/dags/lms_common.py
[2026-06-07T03:37:46.236+0000] {processor.py:842} WARNING - No viable dags retrieved from /opt/airflow/dags/lms_common.py
[2026-06-07T03:37:46.255+0000] {processor.py:183} INFO - Processing /opt/airflow/dags/lms_common.py took 0.042 seconds
[2026-06-07T03:38:16.369+0000] {processor.py:161} INFO - Started process (PID=860) to work on /opt/airflow/dags/lms_common.py
[2026-06-07T03:38:16.370+0000] {processor.py:830} INFO - Processing file /opt/airflow/dags/lms_common.py for tasks to queue
[2026-06-07T03:38:16.372+0000] {logging_mixin.py:188} INFO - [2026-06-07T03:38:16.372+0000] {dagbag.py:545} INFO - Filling up the DagBag from /opt/airflow/dags/lms_common.py
[2026-06-07T03:38:16.385+0000] {processor.py:842} WARNING - No viable dags retrieved from /opt/airflow/dags/lms_common.py
[2026-06-07T03:38:16.405+0000] {processor.py:183} INFO - Processing /opt/airflow/dags/lms_common.py took 0.043 seconds
[2026-06-07T03:38:46.925+0000] {processor.py:161} INFO - Started process (PID=882) to work on /opt/airflow/dags/lms_common.py
[2026-06-07T03:38:46.927+0000] {processor.py:830} INFO - Processing file /opt/airflow/dags/lms_common.py for tasks to queue
[2026-06-07T03:38:46.929+0000] {logging_mixin.py:188} INFO - [2026-06-07T03:38:46.929+0000] {dagbag.py:545} INFO - Filling up the DagBag from /opt/airflow/dags/lms_common.py
[2026-06-07T03:38:46.943+0000] {processor.py:842} WARNING - No viable dags retrieved from /opt/airflow/dags/lms_common.py
[2026-06-07T03:38:46.975+0000] {processor.py:183} INFO - Processing /opt/airflow/dags/lms_common.py took 0.067 seconds
[2026-06-07T03:39:17.170+0000] {processor.py:161} INFO - Started process (PID=904) to work on /opt/airflow/dags/lms_common.py
[2026-06-07T03:39:17.171+0000] {processor.py:830} INFO - Processing file /opt/airflow/dags/lms_common.py for tasks to queue
[2026-06-07T03:39:17.173+0000] {logging_mixin.py:188} INFO - [2026-06-07T03:39:17.173+0000] {dagbag.py:545} INFO - Filling up the DagBag from /opt/airflow/dags/lms_common.py
[2026-06-07T03:39:17.188+0000] {processor.py:842} WARNING - No viable dags retrieved from /opt/airflow/dags/lms_common.py
[2026-06-07T03:39:17.207+0000] {processor.py:183} INFO - Processing /opt/airflow/dags/lms_common.py took 0.044 seconds
[2026-06-07T03:39:47.278+0000] {processor.py:161} INFO - Started process (PID=926) to work on /opt/airflow/dags/lms_common.py
[2026-06-07T03:39:47.279+0000] {processor.py:830} INFO - Processing file /opt/airflow/dags/lms_common.py for tasks to queue
[2026-06-07T03:39:47.281+0000] {logging_mixin.py:188} INFO - [2026-06-07T03:39:47.281+0000] {dagbag.py:545} INFO - Filling up the DagBag from /opt/airflow/dags/lms_common.py
[2026-06-07T03:39:47.292+0000] {processor.py:842} WARNING - No viable dags retrieved from /opt/airflow/dags/lms_common.py
[2026-06-07T03:39:47.313+0000] {processor.py:183} INFO - Processing /opt/airflow/dags/lms_common.py took 0.045 seconds
[2026-06-07T03:40:17.911+0000] {processor.py:161} INFO - Started process (PID=948) to work on /opt/airflow/dags/lms_common.py
[2026-06-07T03:40:17.912+0000] {processor.py:830} INFO - Processing file /opt/airflow/dags/lms_common.py for tasks to queue
[2026-06-07T03:40:17.915+0000] {logging_mixin.py:188} INFO - [2026-06-07T03:40:17.914+0000] {dagbag.py:545} INFO - Filling up the DagBag from /opt/airflow/dags/lms_common.py
[2026-06-07T03:40:17.926+0000] {processor.py:842} WARNING - No viable dags retrieved from /opt/airflow/dags/lms_common.py
[2026-06-07T03:40:17.947+0000] {processor.py:183} INFO - Processing /opt/airflow/dags/lms_common.py took 0.044 seconds
[2026-06-07T03:40:48.540+0000] {processor.py:161} INFO - Started process (PID=970) to work on /opt/airflow/dags/lms_common.py
[2026-06-07T03:40:48.542+0000] {processor.py:830} INFO - Processing file /opt/airflow/dags/lms_common.py for tasks to queue
[2026-06-07T03:40:48.547+0000] {logging_mixin.py:188} INFO - [2026-06-07T03:40:48.546+0000] {dagbag.py:545} INFO - Filling up the DagBag from /opt/airflow/dags/lms_common.py
[2026-06-07T03:40:48.567+0000] {processor.py:842} WARNING - No viable dags retrieved from /opt/airflow/dags/lms_common.py
[2026-06-07T03:40:48.606+0000] {processor.py:183} INFO - Processing /opt/airflow/dags/lms_common.py took 0.077 seconds
[2026-06-07T03:41:19.018+0000] {processor.py:161} INFO - Started process (PID=992) to work on /opt/airflow/dags/lms_common.py
[2026-06-07T03:41:19.019+0000] {processor.py:830} INFO - Processing file /opt/airflow/dags/lms_common.py for tasks to queue
[2026-06-07T03:41:19.021+0000] {logging_mixin.py:188} INFO - [2026-06-07T03:41:19.021+0000] {dagbag.py:545} INFO - Filling up the DagBag from /opt/airflow/dags/lms_common.py
[2026-06-07T03:41:19.034+0000] {processor.py:842} WARNING - No viable dags retrieved from /opt/airflow/dags/lms_common.py
[2026-06-07T03:41:19.053+0000] {processor.py:183} INFO - Processing /opt/airflow/dags/lms_common.py took 0.041 seconds
[2026-06-07T03:41:49.500+0000] {processor.py:161} INFO - Started process (PID=1014) to work on /opt/airflow/dags/lms_common.py
[2026-06-07T03:41:49.501+0000] {processor.py:830} INFO - Processing file /opt/airflow/dags/lms_common.py for tasks to queue
[2026-06-07T03:41:49.503+0000] {logging_mixin.py:188} INFO - [2026-06-07T03:41:49.503+0000] {dagbag.py:545} INFO - Filling up the DagBag from /opt/airflow/dags/lms_common.py
[2026-06-07T03:41:49.516+0000] {processor.py:842} WARNING - No viable dags retrieved from /opt/airflow/dags/lms_common.py
[2026-06-07T03:41:49.537+0000] {processor.py:183} INFO - Processing /opt/airflow/dags/lms_common.py took 0.045 seconds
[2026-06-07T03:42:20.078+0000] {processor.py:161} INFO - Started process (PID=1036) to work on /opt/airflow/dags/lms_common.py
[2026-06-07T03:42:20.079+0000] {processor.py:830} INFO - Processing file /opt/airflow/dags/lms_common.py for tasks to queue
[2026-06-07T03:42:20.081+0000] {logging_mixin.py:188} INFO - [2026-06-07T03:42:20.081+0000] {dagbag.py:545} INFO - Filling up the DagBag from /opt/airflow/dags/lms_common.py
[2026-06-07T03:42:20.098+0000] {processor.py:842} WARNING - No viable dags retrieved from /opt/airflow/dags/lms_common.py
[2026-06-07T03:42:20.118+0000] {processor.py:183} INFO - Processing /opt/airflow/dags/lms_common.py took 0.054 seconds
[2026-06-07T03:42:50.646+0000] {processor.py:161} INFO - Started process (PID=1058) to work on /opt/airflow/dags/lms_common.py
[2026-06-07T03:42:50.650+0000] {processor.py:830} INFO - Processing file /opt/airflow/dags/lms_common.py for tasks to queue
[2026-06-07T03:42:50.654+0000] {logging_mixin.py:188} INFO - [2026-06-07T03:42:50.653+0000] {dagbag.py:545} INFO - Filling up the DagBag from /opt/airflow/dags/lms_common.py
[2026-06-07T03:42:50.677+0000] {processor.py:842} WARNING - No viable dags retrieved from /opt/airflow/dags/lms_common.py
[2026-06-07T03:42:50.712+0000] {processor.py:183} INFO - Processing /opt/airflow/dags/lms_common.py took 0.080 seconds
[2026-06-07T03:43:21.129+0000] {processor.py:161} INFO - Started process (PID=1074) to work on /opt/airflow/dags/lms_common.py
[2026-06-07T03:43:21.130+0000] {processor.py:830} INFO - Processing file /opt/airflow/dags/lms_common.py for tasks to queue
[2026-06-07T03:43:21.132+0000] {logging_mixin.py:188} INFO - [2026-06-07T03:43:21.132+0000] {dagbag.py:545} INFO - Filling up the DagBag from /opt/airflow/dags/lms_common.py
[2026-06-07T03:43:21.146+0000] {processor.py:842} WARNING - No viable dags retrieved from /opt/airflow/dags/lms_common.py
[2026-06-07T03:43:21.165+0000] {processor.py:183} INFO - Processing /opt/airflow/dags/lms_common.py took 0.042 seconds
[2026-06-07T03:43:51.289+0000] {processor.py:161} INFO - Started process (PID=1096) to work on /opt/airflow/dags/lms_common.py
[2026-06-07T03:43:51.290+0000] {processor.py:830} INFO - Processing file /opt/airflow/dags/lms_common.py for tasks to queue
[2026-06-07T03:43:51.292+0000] {logging_mixin.py:188} INFO - [2026-06-07T03:43:51.292+0000] {dagbag.py:545} INFO - Filling up the DagBag from /opt/airflow/dags/lms_common.py
[2026-06-07T03:43:51.304+0000] {processor.py:842} WARNING - No viable dags retrieved from /opt/airflow/dags/lms_common.py
[2026-06-07T03:43:51.324+0000] {processor.py:183} INFO - Processing /opt/airflow/dags/lms_common.py took 0.041 seconds
[2026-06-07T03:44:21.782+0000] {processor.py:161} INFO - Started process (PID=1118) to work on /opt/airflow/dags/lms_common.py
[2026-06-07T03:44:21.783+0000] {processor.py:830} INFO - Processing file /opt/airflow/dags/lms_common.py for tasks to queue
[2026-06-07T03:44:21.784+0000] {logging_mixin.py:188} INFO - [2026-06-07T03:44:21.784+0000] {dagbag.py:545} INFO - Filling up the DagBag from /opt/airflow/dags/lms_common.py
[2026-06-07T03:44:21.795+0000] {processor.py:842} WARNING - No viable dags retrieved from /opt/airflow/dags/lms_common.py
[2026-06-07T03:44:21.812+0000] {processor.py:183} INFO - Processing /opt/airflow/dags/lms_common.py took 0.037 seconds
[2026-06-07T03:44:52.262+0000] {processor.py:161} INFO - Started process (PID=1140) to work on /opt/airflow/dags/lms_common.py
[2026-06-07T03:44:52.263+0000] {processor.py:830} INFO - Processing file /opt/airflow/dags/lms_common.py for tasks to queue
[2026-06-07T03:44:52.265+0000] {logging_mixin.py:188} INFO - [2026-06-07T03:44:52.265+0000] {dagbag.py:545} INFO - Filling up the DagBag from /opt/airflow/dags/lms_common.py
[2026-06-07T03:44:52.278+0000] {processor.py:842} WARNING - No viable dags retrieved from /opt/airflow/dags/lms_common.py
[2026-06-07T03:44:52.297+0000] {processor.py:183} INFO - Processing /opt/airflow/dags/lms_common.py took 0.042 seconds
[2026-06-07T03:45:22.729+0000] {processor.py:161} INFO - Started process (PID=1162) to work on /opt/airflow/dags/lms_common.py
[2026-06-07T03:45:22.730+0000] {processor.py:830} INFO - Processing file /opt/airflow/dags/lms_common.py for tasks to queue
[2026-06-07T03:45:22.733+0000] {logging_mixin.py:188} INFO - [2026-06-07T03:45:22.733+0000] {dagbag.py:545} INFO - Filling up the DagBag from /opt/airflow/dags/lms_common.py
[2026-06-07T03:45:22.744+0000] {processor.py:842} WARNING - No viable dags retrieved from /opt/airflow/dags/lms_common.py
[2026-06-07T03:45:22.764+0000] {processor.py:183} INFO - Processing /opt/airflow/dags/lms_common.py took 0.042 seconds
[2026-06-07T03:45:53.214+0000] {processor.py:161} INFO - Started process (PID=1184) to work on /opt/airflow/dags/lms_common.py
[2026-06-07T03:45:53.215+0000] {processor.py:830} INFO - Processing file /opt/airflow/dags/lms_common.py for tasks to queue
[2026-06-07T03:45:53.218+0000] {logging_mixin.py:188} INFO - [2026-06-07T03:45:53.217+0000] {dagbag.py:545} INFO - Filling up the DagBag from /opt/airflow/dags/lms_common.py
[2026-06-07T03:45:53.230+0000] {processor.py:842} WARNING - No viable dags retrieved from /opt/airflow/dags/lms_common.py
[2026-06-07T03:45:53.252+0000] {processor.py:183} INFO - Processing /opt/airflow/dags/lms_common.py took 0.046 seconds
[2026-06-07T03:46:23.664+0000] {processor.py:161} INFO - Started process (PID=1206) to work on /opt/airflow/dags/lms_common.py
[2026-06-07T03:46:23.666+0000] {processor.py:830} INFO - Processing file /opt/airflow/dags/lms_common.py for tasks to queue
[2026-06-07T03:46:23.668+0000] {logging_mixin.py:188} INFO - [2026-06-07T03:46:23.668+0000] {dagbag.py:545} INFO - Filling up the DagBag from /opt/airflow/dags/lms_common.py
[2026-06-07T03:46:23.681+0000] {processor.py:842} WARNING - No viable dags retrieved from /opt/airflow/dags/lms_common.py
[2026-06-07T03:46:23.700+0000] {processor.py:183} INFO - Processing /opt/airflow/dags/lms_common.py took 0.044 seconds
[2026-06-07T03:46:54.147+0000] {processor.py:161} INFO - Started process (PID=1228) to work on /opt/airflow/dags/lms_common.py
[2026-06-07T03:46:54.148+0000] {processor.py:830} INFO - Processing file /opt/airflow/dags/lms_common.py for tasks to queue
[2026-06-07T03:46:54.150+0000] {logging_mixin.py:188} INFO - [2026-06-07T03:46:54.150+0000] {dagbag.py:545} INFO - Filling up the DagBag from /opt/airflow/dags/lms_common.py
[2026-06-07T03:46:54.162+0000] {processor.py:842} WARNING - No viable dags retrieved from /opt/airflow/dags/lms_common.py
[2026-06-07T03:46:54.181+0000] {processor.py:183} INFO - Processing /opt/airflow/dags/lms_common.py took 0.041 seconds
[2026-06-07T03:47:24.277+0000] {processor.py:161} INFO - Started process (PID=1250) to work on /opt/airflow/dags/lms_common.py
[2026-06-07T03:47:24.278+0000] {processor.py:830} INFO - Processing file /opt/airflow/dags/lms_common.py for tasks to queue
[2026-06-07T03:47:24.281+0000] {logging_mixin.py:188} INFO - [2026-06-07T03:47:24.281+0000] {dagbag.py:545} INFO - Filling up the DagBag from /opt/airflow/dags/lms_common.py
[2026-06-07T03:47:24.294+0000] {processor.py:842} WARNING - No viable dags retrieved from /opt/airflow/dags/lms_common.py
[2026-06-07T03:47:24.314+0000] {processor.py:183} INFO - Processing /opt/airflow/dags/lms_common.py took 0.045 seconds
[2026-06-07T03:47:54.492+0000] {processor.py:161} INFO - Started process (PID=1272) to work on /opt/airflow/dags/lms_common.py
[2026-06-07T03:47:54.493+0000] {processor.py:830} INFO - Processing file /opt/airflow/dags/lms_common.py for tasks to queue
[2026-06-07T03:47:54.495+0000] {logging_mixin.py:188} INFO - [2026-06-07T03:47:54.495+0000] {dagbag.py:545} INFO - Filling up the DagBag from /opt/airflow/dags/lms_common.py
[2026-06-07T03:47:54.508+0000] {processor.py:842} WARNING - No viable dags retrieved from /opt/airflow/dags/lms_common.py
[2026-06-07T03:47:54.530+0000] {processor.py:183} INFO - Processing /opt/airflow/dags/lms_common.py took 0.046 seconds
[2026-06-07T03:48:25.002+0000] {processor.py:161} INFO - Started process (PID=1294) to work on /opt/airflow/dags/lms_common.py
[2026-06-07T03:48:25.003+0000] {processor.py:830} INFO - Processing file /opt/airflow/dags/lms_common.py for tasks to queue
[2026-06-07T03:48:25.005+0000] {logging_mixin.py:188} INFO - [2026-06-07T03:48:25.005+0000] {dagbag.py:545} INFO - Filling up the DagBag from /opt/airflow/dags/lms_common.py
[2026-06-07T03:48:25.016+0000] {processor.py:842} WARNING - No viable dags retrieved from /opt/airflow/dags/lms_common.py
[2026-06-07T03:48:25.034+0000] {processor.py:183} INFO - Processing /opt/airflow/dags/lms_common.py took 0.040 seconds
[2026-06-07T03:48:55.475+0000] {processor.py:161} INFO - Started process (PID=1316) to work on /opt/airflow/dags/lms_common.py
[2026-06-07T03:48:55.476+0000] {processor.py:830} INFO - Processing file /opt/airflow/dags/lms_common.py for tasks to queue
[2026-06-07T03:48:55.480+0000] {logging_mixin.py:188} INFO - [2026-06-07T03:48:55.479+0000] {dagbag.py:545} INFO - Filling up the DagBag from /opt/airflow/dags/lms_common.py
[2026-06-07T03:48:55.490+0000] {processor.py:842} WARNING - No viable dags retrieved from /opt/airflow/dags/lms_common.py
[2026-06-07T03:48:55.509+0000] {processor.py:183} INFO - Processing /opt/airflow/dags/lms_common.py took 0.040 seconds
[2026-06-07T03:49:26.049+0000] {processor.py:161} INFO - Started process (PID=1338) to work on /opt/airflow/dags/lms_common.py
[2026-06-07T03:49:26.050+0000] {processor.py:830} INFO - Processing file /opt/airflow/dags/lms_common.py for tasks to queue
[2026-06-07T03:49:26.053+0000] {logging_mixin.py:188} INFO - [2026-06-07T03:49:26.053+0000] {dagbag.py:545} INFO - Filling up the DagBag from /opt/airflow/dags/lms_common.py
[2026-06-07T03:49:26.068+0000] {processor.py:842} WARNING - No viable dags retrieved from /opt/airflow/dags/lms_common.py
[2026-06-07T03:49:26.086+0000] {processor.py:183} INFO - Processing /opt/airflow/dags/lms_common.py took 0.043 seconds
[2026-06-07T03:49:56.533+0000] {processor.py:161} INFO - Started process (PID=1360) to work on /opt/airflow/dags/lms_common.py
[2026-06-07T03:49:56.536+0000] {processor.py:830} INFO - Processing file /opt/airflow/dags/lms_common.py for tasks to queue
[2026-06-07T03:49:56.539+0000] {logging_mixin.py:188} INFO - [2026-06-07T03:49:56.539+0000] {dagbag.py:545} INFO - Filling up the DagBag from /opt/airflow/dags/lms_common.py
[2026-06-07T03:49:56.553+0000] {processor.py:842} WARNING - No viable dags retrieved from /opt/airflow/dags/lms_common.py
[2026-06-07T03:49:56.579+0000] {processor.py:183} INFO - Processing /opt/airflow/dags/lms_common.py took 0.056 seconds
[2026-06-07T03:50:26.808+0000] {processor.py:161} INFO - Started process (PID=1382) to work on /opt/airflow/dags/lms_common.py
[2026-06-07T03:50:26.810+0000] {processor.py:830} INFO - Processing file /opt/airflow/dags/lms_common.py for tasks to queue
[2026-06-07T03:50:26.814+0000] {logging_mixin.py:188} INFO - [2026-06-07T03:50:26.813+0000] {dagbag.py:545} INFO - Filling up the DagBag from /opt/airflow/dags/lms_common.py
[2026-06-07T03:50:26.846+0000] {processor.py:842} WARNING - No viable dags retrieved from /opt/airflow/dags/lms_common.py
[2026-06-07T03:50:26.881+0000] {processor.py:183} INFO - Processing /opt/airflow/dags/lms_common.py took 0.091 seconds
[2026-06-07T03:50:57.769+0000] {processor.py:161} INFO - Started process (PID=1398) to work on /opt/airflow/dags/lms_common.py
[2026-06-07T03:50:57.781+0000] {processor.py:830} INFO - Processing file /opt/airflow/dags/lms_common.py for tasks to queue
[2026-06-07T03:50:57.784+0000] {logging_mixin.py:188} INFO - [2026-06-07T03:50:57.784+0000] {dagbag.py:545} INFO - Filling up the DagBag from /opt/airflow/dags/lms_common.py
[2026-06-07T03:50:57.813+0000] {processor.py:842} WARNING - No viable dags retrieved from /opt/airflow/dags/lms_common.py
[2026-06-07T03:50:57.842+0000] {processor.py:183} INFO - Processing /opt/airflow/dags/lms_common.py took 0.097 seconds
[2026-06-07T03:51:28.022+0000] {processor.py:161} INFO - Started process (PID=1420) to work on /opt/airflow/dags/lms_common.py
[2026-06-07T03:51:28.023+0000] {processor.py:830} INFO - Processing file /opt/airflow/dags/lms_common.py for tasks to queue
[2026-06-07T03:51:28.026+0000] {logging_mixin.py:188} INFO - [2026-06-07T03:51:28.025+0000] {dagbag.py:545} INFO - Filling up the DagBag from /opt/airflow/dags/lms_common.py
[2026-06-07T03:51:28.039+0000] {processor.py:842} WARNING - No viable dags retrieved from /opt/airflow/dags/lms_common.py
[2026-06-07T03:51:28.060+0000] {processor.py:183} INFO - Processing /opt/airflow/dags/lms_common.py took 0.047 seconds
[2026-06-07T03:51:58.399+0000] {processor.py:161} INFO - Started process (PID=1442) to work on /opt/airflow/dags/lms_common.py
[2026-06-07T03:51:58.401+0000] {processor.py:830} INFO - Processing file /opt/airflow/dags/lms_common.py for tasks to queue
[2026-06-07T03:51:58.403+0000] {logging_mixin.py:188} INFO - [2026-06-07T03:51:58.402+0000] {dagbag.py:545} INFO - Filling up the DagBag from /opt/airflow/dags/lms_common.py
[2026-06-07T03:51:58.417+0000] {processor.py:842} WARNING - No viable dags retrieved from /opt/airflow/dags/lms_common.py
[2026-06-07T03:51:58.439+0000] {processor.py:183} INFO - Processing /opt/airflow/dags/lms_common.py took 0.048 seconds
[2026-06-07T03:52:28.927+0000] {processor.py:161} INFO - Started process (PID=1464) to work on /opt/airflow/dags/lms_common.py
[2026-06-07T03:52:28.930+0000] {processor.py:830} INFO - Processing file /opt/airflow/dags/lms_common.py for tasks to queue
[2026-06-07T03:52:28.934+0000] {logging_mixin.py:188} INFO - [2026-06-07T03:52:28.933+0000] {dagbag.py:545} INFO - Filling up the DagBag from /opt/airflow/dags/lms_common.py
[2026-06-07T03:52:28.950+0000] {processor.py:842} WARNING - No viable dags retrieved from /opt/airflow/dags/lms_common.py
[2026-06-07T03:52:28.970+0000] {processor.py:183} INFO - Processing /opt/airflow/dags/lms_common.py took 0.051 seconds
[2026-06-07T03:52:59.461+0000] {processor.py:161} INFO - Started process (PID=1487) to work on /opt/airflow/dags/lms_common.py
[2026-06-07T03:52:59.462+0000] {processor.py:830} INFO - Processing file /opt/airflow/dags/lms_common.py for tasks to queue
[2026-06-07T03:52:59.464+0000] {logging_mixin.py:188} INFO - [2026-06-07T03:52:59.463+0000] {dagbag.py:545} INFO - Filling up the DagBag from /opt/airflow/dags/lms_common.py
[2026-06-07T03:52:59.476+0000] {processor.py:842} WARNING - No viable dags retrieved from /opt/airflow/dags/lms_common.py
[2026-06-07T03:52:59.495+0000] {processor.py:183} INFO - Processing /opt/airflow/dags/lms_common.py took 0.041 seconds
[2026-06-07T03:53:29.565+0000] {processor.py:161} INFO - Started process (PID=1509) to work on /opt/airflow/dags/lms_common.py
[2026-06-07T03:53:29.566+0000] {processor.py:830} INFO - Processing file /opt/airflow/dags/lms_common.py for tasks to queue
[2026-06-07T03:53:29.569+0000] {logging_mixin.py:188} INFO - [2026-06-07T03:53:29.568+0000] {dagbag.py:545} INFO - Filling up the DagBag from /opt/airflow/dags/lms_common.py
[2026-06-07T03:53:29.582+0000] {processor.py:842} WARNING - No viable dags retrieved from /opt/airflow/dags/lms_common.py
[2026-06-07T03:53:29.602+0000] {processor.py:183} INFO - Processing /opt/airflow/dags/lms_common.py took 0.044 seconds
[2026-06-07T03:54:00.106+0000] {processor.py:161} INFO - Started process (PID=1531) to work on /opt/airflow/dags/lms_common.py
[2026-06-07T03:54:00.107+0000] {processor.py:830} INFO - Processing file /opt/airflow/dags/lms_common.py for tasks to queue
[2026-06-07T03:54:00.109+0000] {logging_mixin.py:188} INFO - [2026-06-07T03:54:00.109+0000] {dagbag.py:545} INFO - Filling up the DagBag from /opt/airflow/dags/lms_common.py
[2026-06-07T03:54:00.120+0000] {processor.py:842} WARNING - No viable dags retrieved from /opt/airflow/dags/lms_common.py
[2026-06-07T03:54:00.140+0000] {processor.py:183} INFO - Processing /opt/airflow/dags/lms_common.py took 0.040 seconds
[2026-06-07T03:54:30.651+0000] {processor.py:161} INFO - Started process (PID=1553) to work on /opt/airflow/dags/lms_common.py
[2026-06-07T03:54:30.652+0000] {processor.py:830} INFO - Processing file /opt/airflow/dags/lms_common.py for tasks to queue
[2026-06-07T03:54:30.653+0000] {logging_mixin.py:188} INFO - [2026-06-07T03:54:30.653+0000] {dagbag.py:545} INFO - Filling up the DagBag from /opt/airflow/dags/lms_common.py
[2026-06-07T03:54:30.663+0000] {processor.py:842} WARNING - No viable dags retrieved from /opt/airflow/dags/lms_common.py
[2026-06-07T03:54:30.682+0000] {processor.py:183} INFO - Processing /opt/airflow/dags/lms_common.py took 0.038 seconds
[2026-06-07T03:55:01.123+0000] {processor.py:161} INFO - Started process (PID=1575) to work on /opt/airflow/dags/lms_common.py
[2026-06-07T03:55:01.125+0000] {processor.py:830} INFO - Processing file /opt/airflow/dags/lms_common.py for tasks to queue
[2026-06-07T03:55:01.127+0000] {logging_mixin.py:188} INFO - [2026-06-07T03:55:01.126+0000] {dagbag.py:545} INFO - Filling up the DagBag from /opt/airflow/dags/lms_common.py
[2026-06-07T03:55:01.138+0000] {processor.py:842} WARNING - No viable dags retrieved from /opt/airflow/dags/lms_common.py
[2026-06-07T03:55:01.160+0000] {processor.py:183} INFO - Processing /opt/airflow/dags/lms_common.py took 0.044 seconds
[2026-06-07T03:55:31.693+0000] {processor.py:161} INFO - Started process (PID=1597) to work on /opt/airflow/dags/lms_common.py
[2026-06-07T03:55:31.694+0000] {processor.py:830} INFO - Processing file /opt/airflow/dags/lms_common.py for tasks to queue
[2026-06-07T03:55:31.696+0000] {logging_mixin.py:188} INFO - [2026-06-07T03:55:31.696+0000] {dagbag.py:545} INFO - Filling up the DagBag from /opt/airflow/dags/lms_common.py
[2026-06-07T03:55:31.710+0000] {processor.py:842} WARNING - No viable dags retrieved from /opt/airflow/dags/lms_common.py
[2026-06-07T03:55:31.733+0000] {processor.py:183} INFO - Processing /opt/airflow/dags/lms_common.py took 0.053 seconds
[2026-06-07T03:56:02.136+0000] {processor.py:161} INFO - Started process (PID=1619) to work on /opt/airflow/dags/lms_common.py
[2026-06-07T03:56:02.138+0000] {processor.py:830} INFO - Processing file /opt/airflow/dags/lms_common.py for tasks to queue
[2026-06-07T03:56:02.140+0000] {logging_mixin.py:188} INFO - [2026-06-07T03:56:02.139+0000] {dagbag.py:545} INFO - Filling up the DagBag from /opt/airflow/dags/lms_common.py
[2026-06-07T03:56:02.153+0000] {processor.py:842} WARNING - No viable dags retrieved from /opt/airflow/dags/lms_common.py
[2026-06-07T03:56:02.178+0000] {processor.py:183} INFO - Processing /opt/airflow/dags/lms_common.py took 0.051 seconds
[2026-06-07T03:56:32.689+0000] {processor.py:161} INFO - Started process (PID=1641) to work on /opt/airflow/dags/lms_common.py
[2026-06-07T03:56:32.690+0000] {processor.py:830} INFO - Processing file /opt/airflow/dags/lms_common.py for tasks to queue
[2026-06-07T03:56:32.693+0000] {logging_mixin.py:188} INFO - [2026-06-07T03:56:32.693+0000] {dagbag.py:545} INFO - Filling up the DagBag from /opt/airflow/dags/lms_common.py
[2026-06-07T03:56:32.706+0000] {processor.py:842} WARNING - No viable dags retrieved from /opt/airflow/dags/lms_common.py
[2026-06-07T03:56:32.726+0000] {processor.py:183} INFO - Processing /opt/airflow/dags/lms_common.py took 0.044 seconds
[2026-06-07T03:57:03.072+0000] {processor.py:161} INFO - Started process (PID=1660) to work on /opt/airflow/dags/lms_common.py
[2026-06-07T03:57:03.076+0000] {processor.py:830} INFO - Processing file /opt/airflow/dags/lms_common.py for tasks to queue
[2026-06-07T03:57:03.080+0000] {logging_mixin.py:188} INFO - [2026-06-07T03:57:03.079+0000] {dagbag.py:545} INFO - Filling up the DagBag from /opt/airflow/dags/lms_common.py
[2026-06-07T03:57:03.095+0000] {processor.py:842} WARNING - No viable dags retrieved from /opt/airflow/dags/lms_common.py
[2026-06-07T03:57:03.126+0000] {processor.py:183} INFO - Processing /opt/airflow/dags/lms_common.py took 0.064 seconds
[2026-06-07T03:57:33.415+0000] {processor.py:161} INFO - Started process (PID=1679) to work on /opt/airflow/dags/lms_common.py
[2026-06-07T03:57:33.417+0000] {processor.py:830} INFO - Processing file /opt/airflow/dags/lms_common.py for tasks to queue
[2026-06-07T03:57:33.419+0000] {logging_mixin.py:188} INFO - [2026-06-07T03:57:33.418+0000] {dagbag.py:545} INFO - Filling up the DagBag from /opt/airflow/dags/lms_common.py
[2026-06-07T03:57:33.434+0000] {processor.py:842} WARNING - No viable dags retrieved from /opt/airflow/dags/lms_common.py
[2026-06-07T03:57:33.455+0000] {processor.py:183} INFO - Processing /opt/airflow/dags/lms_common.py took 0.047 seconds
[2026-06-07T03:58:03.549+0000] {processor.py:161} INFO - Started process (PID=1695) to work on /opt/airflow/dags/lms_common.py
[2026-06-07T03:58:03.550+0000] {processor.py:830} INFO - Processing file /opt/airflow/dags/lms_common.py for tasks to queue
[2026-06-07T03:58:03.552+0000] {logging_mixin.py:188} INFO - [2026-06-07T03:58:03.552+0000] {dagbag.py:545} INFO - Filling up the DagBag from /opt/airflow/dags/lms_common.py
[2026-06-07T03:58:03.567+0000] {processor.py:842} WARNING - No viable dags retrieved from /opt/airflow/dags/lms_common.py
[2026-06-07T03:58:03.587+0000] {processor.py:183} INFO - Processing /opt/airflow/dags/lms_common.py took 0.044 seconds
[2026-06-07T03:58:33.853+0000] {processor.py:161} INFO - Started process (PID=1717) to work on /opt/airflow/dags/lms_common.py
[2026-06-07T03:58:33.854+0000] {processor.py:830} INFO - Processing file /opt/airflow/dags/lms_common.py for tasks to queue
[2026-06-07T03:58:33.856+0000] {logging_mixin.py:188} INFO - [2026-06-07T03:58:33.856+0000] {dagbag.py:545} INFO - Filling up the DagBag from /opt/airflow/dags/lms_common.py
[2026-06-07T03:58:33.870+0000] {processor.py:842} WARNING - No viable dags retrieved from /opt/airflow/dags/lms_common.py
[2026-06-07T03:58:33.890+0000] {processor.py:183} INFO - Processing /opt/airflow/dags/lms_common.py took 0.043 seconds
[2026-06-07T03:59:04.234+0000] {processor.py:161} INFO - Started process (PID=1739) to work on /opt/airflow/dags/lms_common.py
[2026-06-07T03:59:04.235+0000] {processor.py:830} INFO - Processing file /opt/airflow/dags/lms_common.py for tasks to queue
[2026-06-07T03:59:04.238+0000] {logging_mixin.py:188} INFO - [2026-06-07T03:59:04.237+0000] {dagbag.py:545} INFO - Filling up the DagBag from /opt/airflow/dags/lms_common.py
[2026-06-07T03:59:04.249+0000] {processor.py:842} WARNING - No viable dags retrieved from /opt/airflow/dags/lms_common.py
[2026-06-07T03:59:04.274+0000] {processor.py:183} INFO - Processing /opt/airflow/dags/lms_common.py took 0.051 seconds
[2026-06-07T03:59:34.666+0000] {processor.py:161} INFO - Started process (PID=1761) to work on /opt/airflow/dags/lms_common.py
[2026-06-07T03:59:34.668+0000] {processor.py:830} INFO - Processing file /opt/airflow/dags/lms_common.py for tasks to queue
[2026-06-07T03:59:34.669+0000] {logging_mixin.py:188} INFO - [2026-06-07T03:59:34.669+0000] {dagbag.py:545} INFO - Filling up the DagBag from /opt/airflow/dags/lms_common.py
[2026-06-07T03:59:34.681+0000] {processor.py:842} WARNING - No viable dags retrieved from /opt/airflow/dags/lms_common.py
[2026-06-07T03:59:34.701+0000] {processor.py:183} INFO - Processing /opt/airflow/dags/lms_common.py took 0.041 seconds
[2026-06-07T23:00:05.041+0000] {processor.py:161} INFO - Started process (PID=1783) to work on /opt/airflow/dags/lms_common.py
[2026-06-07T23:00:05.042+0000] {processor.py:830} INFO - Processing file /opt/airflow/dags/lms_common.py for tasks to queue
[2026-06-07T23:00:05.044+0000] {logging_mixin.py:188} INFO - [2026-06-07T23:00:05.044+0000] {dagbag.py:545} INFO - Filling up the DagBag from /opt/airflow/dags/lms_common.py
[2026-06-07T23:00:05.058+0000] {processor.py:842} WARNING - No viable dags retrieved from /opt/airflow/dags/lms_common.py
[2026-06-07T23:00:05.079+0000] {processor.py:183} INFO - Processing /opt/airflow/dags/lms_common.py took 0.051 seconds
[2026-06-07T23:00:35.367+0000] {processor.py:161} INFO - Started process (PID=1805) to work on /opt/airflow/dags/lms_common.py
[2026-06-07T23:00:35.368+0000] {processor.py:830} INFO - Processing file /opt/airflow/dags/lms_common.py for tasks to queue
[2026-06-07T23:00:35.370+0000] {logging_mixin.py:188} INFO - [2026-06-07T23:00:35.370+0000] {dagbag.py:545} INFO - Filling up the DagBag from /opt/airflow/dags/lms_common.py
[2026-06-07T23:00:35.382+0000] {processor.py:842} WARNING - No viable dags retrieved from /opt/airflow/dags/lms_common.py
[2026-06-07T23:00:35.401+0000] {processor.py:183} INFO - Processing /opt/airflow/dags/lms_common.py took 0.040 seconds
[2026-06-07T23:01:05.671+0000] {processor.py:161} INFO - Started process (PID=1827) to work on /opt/airflow/dags/lms_common.py
[2026-06-07T23:01:05.672+0000] {processor.py:830} INFO - Processing file /opt/airflow/dags/lms_common.py for tasks to queue
[2026-06-07T23:01:05.675+0000] {logging_mixin.py:188} INFO - [2026-06-07T23:01:05.674+0000] {dagbag.py:545} INFO - Filling up the DagBag from /opt/airflow/dags/lms_common.py
[2026-06-07T23:01:05.693+0000] {processor.py:842} WARNING - No viable dags retrieved from /opt/airflow/dags/lms_common.py
[2026-06-07T23:01:05.715+0000] {processor.py:183} INFO - Processing /opt/airflow/dags/lms_common.py took 0.051 seconds
[2026-06-07T23:01:36.387+0000] {processor.py:161} INFO - Started process (PID=1849) to work on /opt/airflow/dags/lms_common.py
[2026-06-07T23:01:36.388+0000] {processor.py:830} INFO - Processing file /opt/airflow/dags/lms_common.py for tasks to queue
[2026-06-07T23:01:36.390+0000] {logging_mixin.py:188} INFO - [2026-06-07T23:01:36.390+0000] {dagbag.py:545} INFO - Filling up the DagBag from /opt/airflow/dags/lms_common.py
[2026-06-07T23:01:36.402+0000] {processor.py:842} WARNING - No viable dags retrieved from /opt/airflow/dags/lms_common.py
[2026-06-07T23:01:36.422+0000] {processor.py:183} INFO - Processing /opt/airflow/dags/lms_common.py took 0.043 seconds
[2026-06-07T23:02:06.679+0000] {processor.py:161} INFO - Started process (PID=1871) to work on /opt/airflow/dags/lms_common.py
[2026-06-07T23:02:06.681+0000] {processor.py:830} INFO - Processing file /opt/airflow/dags/lms_common.py for tasks to queue
[2026-06-07T23:02:06.682+0000] {logging_mixin.py:188} INFO - [2026-06-07T23:02:06.682+0000] {dagbag.py:545} INFO - Filling up the DagBag from /opt/airflow/dags/lms_common.py
[2026-06-07T23:02:06.695+0000] {processor.py:842} WARNING - No viable dags retrieved from /opt/airflow/dags/lms_common.py
[2026-06-07T23:02:06.713+0000] {processor.py:183} INFO - Processing /opt/airflow/dags/lms_common.py took 0.040 seconds
[2026-06-07T23:02:36.984+0000] {processor.py:161} INFO - Started process (PID=1893) to work on /opt/airflow/dags/lms_common.py
[2026-06-07T23:02:36.985+0000] {processor.py:830} INFO - Processing file /opt/airflow/dags/lms_common.py for tasks to queue
[2026-06-07T23:02:36.987+0000] {logging_mixin.py:188} INFO - [2026-06-07T23:02:36.986+0000] {dagbag.py:545} INFO - Filling up the DagBag from /opt/airflow/dags/lms_common.py
[2026-06-07T23:02:37.000+0000] {processor.py:842} WARNING - No viable dags retrieved from /opt/airflow/dags/lms_common.py
[2026-06-07T23:02:37.019+0000] {processor.py:183} INFO - Processing /opt/airflow/dags/lms_common.py took 0.042 seconds
[2026-06-07T23:03:07.279+0000] {processor.py:161} INFO - Started process (PID=1915) to work on /opt/airflow/dags/lms_common.py
[2026-06-07T23:03:07.280+0000] {processor.py:830} INFO - Processing file /opt/airflow/dags/lms_common.py for tasks to queue
[2026-06-07T23:03:07.282+0000] {logging_mixin.py:188} INFO - [2026-06-07T23:03:07.281+0000] {dagbag.py:545} INFO - Filling up the DagBag from /opt/airflow/dags/lms_common.py
[2026-06-07T23:03:07.294+0000] {processor.py:842} WARNING - No viable dags retrieved from /opt/airflow/dags/lms_common.py
[2026-06-07T23:03:07.313+0000] {processor.py:183} INFO - Processing /opt/airflow/dags/lms_common.py took 0.041 seconds
[2026-06-07T23:03:37.371+0000] {processor.py:161} INFO - Started process (PID=1937) to work on /opt/airflow/dags/lms_common.py
[2026-06-07T23:03:37.372+0000] {processor.py:830} INFO - Processing file /opt/airflow/dags/lms_common.py for tasks to queue
[2026-06-07T23:03:37.374+0000] {logging_mixin.py:188} INFO - [2026-06-07T23:03:37.374+0000] {dagbag.py:545} INFO - Filling up the DagBag from /opt/airflow/dags/lms_common.py
[2026-06-07T23:03:37.386+0000] {processor.py:842} WARNING - No viable dags retrieved from /opt/airflow/dags/lms_common.py
[2026-06-07T23:03:37.404+0000] {processor.py:183} INFO - Processing /opt/airflow/dags/lms_common.py took 0.040 seconds
[2026-06-07T23:04:07.724+0000] {processor.py:161} INFO - Started process (PID=1959) to work on /opt/airflow/dags/lms_common.py
[2026-06-07T23:04:07.726+0000] {processor.py:830} INFO - Processing file /opt/airflow/dags/lms_common.py for tasks to queue
[2026-06-07T23:04:07.729+0000] {logging_mixin.py:188} INFO - [2026-06-07T23:04:07.729+0000] {dagbag.py:545} INFO - Filling up the DagBag from /opt/airflow/dags/lms_common.py
[2026-06-07T23:04:07.743+0000] {processor.py:842} WARNING - No viable dags retrieved from /opt/airflow/dags/lms_common.py
[2026-06-07T23:04:07.779+0000] {processor.py:183} INFO - Processing /opt/airflow/dags/lms_common.py took 0.067 seconds
[2026-06-07T23:04:38.041+0000] {processor.py:161} INFO - Started process (PID=1975) to work on /opt/airflow/dags/lms_common.py
[2026-06-07T23:04:38.042+0000] {processor.py:830} INFO - Processing file /opt/airflow/dags/lms_common.py for tasks to queue
[2026-06-07T23:04:38.045+0000] {logging_mixin.py:188} INFO - [2026-06-07T23:04:38.044+0000] {dagbag.py:545} INFO - Filling up the DagBag from /opt/airflow/dags/lms_common.py
[2026-06-07T23:04:38.058+0000] {processor.py:842} WARNING - No viable dags retrieved from /opt/airflow/dags/lms_common.py
[2026-06-07T23:04:38.077+0000] {processor.py:183} INFO - Processing /opt/airflow/dags/lms_common.py took 0.044 seconds
[2026-06-07T23:05:08.343+0000] {processor.py:161} INFO - Started process (PID=1997) to work on /opt/airflow/dags/lms_common.py
[2026-06-07T23:05:08.344+0000] {processor.py:830} INFO - Processing file /opt/airflow/dags/lms_common.py for tasks to queue
[2026-06-07T23:05:08.346+0000] {logging_mixin.py:188} INFO - [2026-06-07T23:05:08.345+0000] {dagbag.py:545} INFO - Filling up the DagBag from /opt/airflow/dags/lms_common.py
[2026-06-07T23:05:08.360+0000] {processor.py:842} WARNING - No viable dags retrieved from /opt/airflow/dags/lms_common.py
[2026-06-07T23:05:08.378+0000] {processor.py:183} INFO - Processing /opt/airflow/dags/lms_common.py took 0.043 seconds
[2026-06-07T23:05:38.644+0000] {processor.py:161} INFO - Started process (PID=2019) to work on /opt/airflow/dags/lms_common.py
[2026-06-07T23:05:38.645+0000] {processor.py:830} INFO - Processing file /opt/airflow/dags/lms_common.py for tasks to queue
[2026-06-07T23:05:38.647+0000] {logging_mixin.py:188} INFO - [2026-06-07T23:05:38.647+0000] {dagbag.py:545} INFO - Filling up the DagBag from /opt/airflow/dags/lms_common.py
[2026-06-07T23:05:38.659+0000] {processor.py:842} WARNING - No viable dags retrieved from /opt/airflow/dags/lms_common.py
[2026-06-07T23:05:38.677+0000] {processor.py:183} INFO - Processing /opt/airflow/dags/lms_common.py took 0.040 seconds
[2026-06-07T23:06:08.933+0000] {processor.py:161} INFO - Started process (PID=2041) to work on /opt/airflow/dags/lms_common.py
[2026-06-07T23:06:08.934+0000] {processor.py:830} INFO - Processing file /opt/airflow/dags/lms_common.py for tasks to queue
[2026-06-07T23:06:08.936+0000] {logging_mixin.py:188} INFO - [2026-06-07T23:06:08.936+0000] {dagbag.py:545} INFO - Filling up the DagBag from /opt/airflow/dags/lms_common.py
[2026-06-07T23:06:08.949+0000] {processor.py:842} WARNING - No viable dags retrieved from /opt/airflow/dags/lms_common.py
[2026-06-07T23:06:08.967+0000] {processor.py:183} INFO - Processing /opt/airflow/dags/lms_common.py took 0.042 seconds
[2026-06-07T23:06:39.229+0000] {processor.py:161} INFO - Started process (PID=2063) to work on /opt/airflow/dags/lms_common.py
[2026-06-07T23:06:39.230+0000] {processor.py:830} INFO - Processing file /opt/airflow/dags/lms_common.py for tasks to queue
[2026-06-07T23:06:39.232+0000] {logging_mixin.py:188} INFO - [2026-06-07T23:06:39.232+0000] {dagbag.py:545} INFO - Filling up the DagBag from /opt/airflow/dags/lms_common.py
[2026-06-07T23:06:39.246+0000] {processor.py:842} WARNING - No viable dags retrieved from /opt/airflow/dags/lms_common.py
[2026-06-07T23:06:39.265+0000] {processor.py:183} INFO - Processing /opt/airflow/dags/lms_common.py took 0.044 seconds
[2026-06-07T23:07:09.772+0000] {processor.py:161} INFO - Started process (PID=2085) to work on /opt/airflow/dags/lms_common.py
[2026-06-07T23:07:09.774+0000] {processor.py:830} INFO - Processing file /opt/airflow/dags/lms_common.py for tasks to queue
[2026-06-07T23:07:09.776+0000] {logging_mixin.py:188} INFO - [2026-06-07T23:07:09.776+0000] {dagbag.py:545} INFO - Filling up the DagBag from /opt/airflow/dags/lms_common.py
[2026-06-07T23:07:09.792+0000] {processor.py:842} WARNING - No viable dags retrieved from /opt/airflow/dags/lms_common.py
[2026-06-07T23:07:09.812+0000] {processor.py:183} INFO - Processing /opt/airflow/dags/lms_common.py took 0.048 seconds
[2026-06-07T23:07:40.238+0000] {processor.py:161} INFO - Started process (PID=2107) to work on /opt/airflow/dags/lms_common.py
[2026-06-07T23:07:40.240+0000] {processor.py:830} INFO - Processing file /opt/airflow/dags/lms_common.py for tasks to queue
[2026-06-07T23:07:40.243+0000] {logging_mixin.py:188} INFO - [2026-06-07T23:07:40.243+0000] {dagbag.py:545} INFO - Filling up the DagBag from /opt/airflow/dags/lms_common.py
[2026-06-07T23:07:40.258+0000] {processor.py:842} WARNING - No viable dags retrieved from /opt/airflow/dags/lms_common.py
[2026-06-07T23:07:40.280+0000] {processor.py:183} INFO - Processing /opt/airflow/dags/lms_common.py took 0.051 seconds
[2026-06-07T23:08:10.667+0000] {processor.py:161} INFO - Started process (PID=2129) to work on /opt/airflow/dags/lms_common.py
[2026-06-07T23:08:10.668+0000] {processor.py:830} INFO - Processing file /opt/airflow/dags/lms_common.py for tasks to queue
[2026-06-07T23:08:10.670+0000] {logging_mixin.py:188} INFO - [2026-06-07T23:08:10.670+0000] {dagbag.py:545} INFO - Filling up the DagBag from /opt/airflow/dags/lms_common.py
[2026-06-07T23:08:10.683+0000] {processor.py:842} WARNING - No viable dags retrieved from /opt/airflow/dags/lms_common.py
[2026-06-07T23:08:10.702+0000] {processor.py:183} INFO - Processing /opt/airflow/dags/lms_common.py took 0.042 seconds
[2026-06-07T23:08:41.126+0000] {processor.py:161} INFO - Started process (PID=2151) to work on /opt/airflow/dags/lms_common.py
[2026-06-07T23:08:41.128+0000] {processor.py:830} INFO - Processing file /opt/airflow/dags/lms_common.py for tasks to queue
[2026-06-07T23:08:41.131+0000] {logging_mixin.py:188} INFO - [2026-06-07T23:08:41.130+0000] {dagbag.py:545} INFO - Filling up the DagBag from /opt/airflow/dags/lms_common.py
[2026-06-07T23:08:41.146+0000] {processor.py:842} WARNING - No viable dags retrieved from /opt/airflow/dags/lms_common.py
[2026-06-07T23:08:41.171+0000] {processor.py:183} INFO - Processing /opt/airflow/dags/lms_common.py took 0.054 seconds
[2026-06-07T23:09:11.332+0000] {processor.py:161} INFO - Started process (PID=2173) to work on /opt/airflow/dags/lms_common.py
[2026-06-07T23:09:11.334+0000] {processor.py:830} INFO - Processing file /opt/airflow/dags/lms_common.py for tasks to queue
[2026-06-07T23:09:11.337+0000] {logging_mixin.py:188} INFO - [2026-06-07T23:09:11.336+0000] {dagbag.py:545} INFO - Filling up the DagBag from /opt/airflow/dags/lms_common.py
[2026-06-07T23:09:11.353+0000] {processor.py:842} WARNING - No viable dags retrieved from /opt/airflow/dags/lms_common.py
[2026-06-07T23:09:11.372+0000] {processor.py:183} INFO - Processing /opt/airflow/dags/lms_common.py took 0.052 seconds
[2026-06-07T23:09:41.918+0000] {processor.py:161} INFO - Started process (PID=2196) to work on /opt/airflow/dags/lms_common.py
[2026-06-07T23:09:41.919+0000] {processor.py:830} INFO - Processing file /opt/airflow/dags/lms_common.py for tasks to queue
[2026-06-07T23:09:41.922+0000] {logging_mixin.py:188} INFO - [2026-06-07T23:09:41.921+0000] {dagbag.py:545} INFO - Filling up the DagBag from /opt/airflow/dags/lms_common.py
[2026-06-07T23:09:41.935+0000] {processor.py:842} WARNING - No viable dags retrieved from /opt/airflow/dags/lms_common.py
[2026-06-07T23:09:41.954+0000] {processor.py:183} INFO - Processing /opt/airflow/dags/lms_common.py took 0.044 seconds
[2026-06-07T23:10:12.207+0000] {processor.py:161} INFO - Started process (PID=2218) to work on /opt/airflow/dags/lms_common.py
[2026-06-07T23:10:12.208+0000] {processor.py:830} INFO - Processing file /opt/airflow/dags/lms_common.py for tasks to queue
[2026-06-07T23:10:12.210+0000] {logging_mixin.py:188} INFO - [2026-06-07T23:10:12.210+0000] {dagbag.py:545} INFO - Filling up the DagBag from /opt/airflow/dags/lms_common.py
[2026-06-07T23:10:12.224+0000] {processor.py:842} WARNING - No viable dags retrieved from /opt/airflow/dags/lms_common.py
[2026-06-07T23:10:12.243+0000] {processor.py:183} INFO - Processing /opt/airflow/dags/lms_common.py took 0.042 seconds
[2026-06-07T23:10:42.823+0000] {processor.py:161} INFO - Started process (PID=2240) to work on /opt/airflow/dags/lms_common.py
[2026-06-07T23:10:42.824+0000] {processor.py:830} INFO - Processing file /opt/airflow/dags/lms_common.py for tasks to queue
[2026-06-07T23:10:42.827+0000] {logging_mixin.py:188} INFO - [2026-06-07T23:10:42.826+0000] {dagbag.py:545} INFO - Filling up the DagBag from /opt/airflow/dags/lms_common.py
[2026-06-07T23:10:42.839+0000] {processor.py:842} WARNING - No viable dags retrieved from /opt/airflow/dags/lms_common.py
[2026-06-07T23:10:42.858+0000] {processor.py:183} INFO - Processing /opt/airflow/dags/lms_common.py took 0.042 seconds
[2026-06-07T23:11:13.137+0000] {processor.py:161} INFO - Started process (PID=2262) to work on /opt/airflow/dags/lms_common.py
[2026-06-07T23:11:13.138+0000] {processor.py:830} INFO - Processing file /opt/airflow/dags/lms_common.py for tasks to queue
[2026-06-07T23:11:13.140+0000] {logging_mixin.py:188} INFO - [2026-06-07T23:11:13.140+0000] {dagbag.py:545} INFO - Filling up the DagBag from /opt/airflow/dags/lms_common.py
[2026-06-07T23:11:13.159+0000] {processor.py:842} WARNING - No viable dags retrieved from /opt/airflow/dags/lms_common.py
[2026-06-07T23:11:13.186+0000] {processor.py:183} INFO - Processing /opt/airflow/dags/lms_common.py took 0.060 seconds
