[2026-06-07T03:24:02.916+0000] {manager.py:470} INFO - Processing files using up to 2 processes at a time 
[2026-06-07T03:24:02.918+0000] {manager.py:471} INFO - Process each file at most once every 30 seconds
[2026-06-07T03:24:02.920+0000] {manager.py:472} INFO - Checking for new files in /opt/airflow/dags every 300 seconds
[2026-06-07T03:24:02.922+0000] {manager.py:737} INFO - Searching for files in /opt/airflow/dags
[2026-06-07T03:24:02.967+0000] {manager.py:740} INFO - There are 3 files in /opt/airflow/dags
[2026-06-07T03:24:03.159+0000] {manager.py:878} INFO - 
================================================================================
DAG File Processing Stats

File Path                                 PID  Runtime      # DAGs    # Errors  Last Runtime    Last Run
--------------------------------------  -----  ---------  --------  ----------  --------------  ----------
/opt/airflow/dags/lms_analytics_dag.py    190  0.10s             0           0
/opt/airflow/dags/lms_common.py                                  0           0
/opt/airflow/dags/lms_etl_dag.py          193  0.05s             0           0
================================================================================
[2026-06-07T03:24:33.895+0000] {manager.py:878} INFO - 
================================================================================
DAG File Processing Stats

File Path                               PID    Runtime      # DAGs    # Errors  Last Runtime    Last Run
--------------------------------------  -----  ---------  --------  ----------  --------------  -------------------
/opt/airflow/dags/lms_analytics_dag.py                           1           0  1.62s           2026-06-07T03:24:04
/opt/airflow/dags/lms_etl_dag.py                                 1           0  1.60s           2026-06-07T03:24:04
/opt/airflow/dags/lms_common.py                                  0           0  0.09s           2026-06-07T03:24:04
================================================================================
[2026-06-07T03:25:04.492+0000] {manager.py:878} INFO - 
================================================================================
DAG File Processing Stats

File Path                               PID    Runtime      # DAGs    # Errors  Last Runtime    Last Run
--------------------------------------  -----  ---------  --------  ----------  --------------  -------------------
/opt/airflow/dags/lms_etl_dag.py                                 1           0  0.60s           2026-06-07T03:24:35
/opt/airflow/dags/lms_analytics_dag.py                           1           0  0.30s           2026-06-07T03:24:35
/opt/airflow/dags/lms_common.py                                  0           0  0.07s           2026-06-07T03:24:35
================================================================================
[2026-06-07T03:25:35.249+0000] {manager.py:878} INFO - 
================================================================================
DAG File Processing Stats

File Path                               PID    Runtime      # DAGs    # Errors  Last Runtime    Last Run
--------------------------------------  -----  ---------  --------  ----------  --------------  -------------------
/opt/airflow/dags/lms_etl_dag.py                                 1           0  0.67s           2026-06-07T03:25:06
/opt/airflow/dags/lms_analytics_dag.py                           1           0  0.41s           2026-06-07T03:25:05
/opt/airflow/dags/lms_common.py                                  0           0  0.07s           2026-06-07T03:25:05
================================================================================
[2026-06-07T03:26:05.751+0000] {manager.py:878} INFO - 
================================================================================
DAG File Processing Stats

File Path                               PID    Runtime      # DAGs    # Errors  Last Runtime    Last Run
--------------------------------------  -----  ---------  --------  ----------  --------------  -------------------
/opt/airflow/dags/lms_etl_dag.py                                 1           0  0.53s           2026-06-07T03:25:36
/opt/airflow/dags/lms_analytics_dag.py                           1           0  0.28s           2026-06-07T03:25:36
/opt/airflow/dags/lms_common.py                                  0           0  0.07s           2026-06-07T03:25:36
================================================================================
[2026-06-07T03:26:36.071+0000] {manager.py:878} INFO - 
================================================================================
DAG File Processing Stats

File Path                               PID    Runtime      # DAGs    # Errors  Last Runtime    Last Run
--------------------------------------  -----  ---------  --------  ----------  --------------  -------------------
/opt/airflow/dags/lms_etl_dag.py                                 1           0  0.96s           2026-06-07T03:26:07
/opt/airflow/dags/lms_analytics_dag.py                           1           0  0.26s           2026-06-07T03:26:07
/opt/airflow/dags/lms_common.py                                  0           0  0.07s           2026-06-07T03:26:06
================================================================================
[2026-06-07T03:27:06.532+0000] {manager.py:878} INFO - 
================================================================================
DAG File Processing Stats

File Path                               PID    Runtime      # DAGs    # Errors  Last Runtime    Last Run
--------------------------------------  -----  ---------  --------  ----------  --------------  -------------------
/opt/airflow/dags/lms_etl_dag.py                                 1           0  0.52s           2026-06-07T03:26:38
/opt/airflow/dags/lms_analytics_dag.py                           1           0  0.24s           2026-06-07T03:26:37
/opt/airflow/dags/lms_common.py                                  0           0  0.08s           2026-06-07T03:26:37
================================================================================
[2026-06-07T03:27:36.675+0000] {manager.py:878} INFO - 
================================================================================
DAG File Processing Stats

File Path                               PID    Runtime      # DAGs    # Errors  Last Runtime    Last Run
--------------------------------------  -----  ---------  --------  ----------  --------------  -------------------
/opt/airflow/dags/lms_etl_dag.py                                 1           0  0.54s           2026-06-07T03:27:09
/opt/airflow/dags/lms_analytics_dag.py                           1           0  0.38s           2026-06-07T03:27:07
/opt/airflow/dags/lms_common.py                                  0           0  0.06s           2026-06-07T03:27:07
================================================================================
[2026-06-07T03:28:07.467+0000] {manager.py:878} INFO - 
================================================================================
DAG File Processing Stats

File Path                               PID    Runtime      # DAGs    # Errors  Last Runtime    Last Run
--------------------------------------  -----  ---------  --------  ----------  --------------  -------------------
/opt/airflow/dags/lms_etl_dag.py                                 1           0  0.61s           2026-06-07T03:27:40
/opt/airflow/dags/lms_analytics_dag.py                           1           0  0.50s           2026-06-07T03:27:39
/opt/airflow/dags/lms_common.py                                  0           0  0.08s           2026-06-07T03:27:37
================================================================================
[2026-06-07T03:28:38.030+0000] {manager.py:878} INFO - 
================================================================================
DAG File Processing Stats

File Path                               PID    Runtime      # DAGs    # Errors  Last Runtime    Last Run
--------------------------------------  -----  ---------  --------  ----------  --------------  -------------------
/opt/airflow/dags/lms_etl_dag.py                                 1           0  0.46s           2026-06-07T03:28:11
/opt/airflow/dags/lms_analytics_dag.py                           1           0  0.31s           2026-06-07T03:28:09
/opt/airflow/dags/lms_common.py                                  0           0  0.07s           2026-06-07T03:28:08
================================================================================
[2026-06-07T03:29:03.021+0000] {manager.py:737} INFO - Searching for files in /opt/airflow/dags
[2026-06-07T03:29:03.052+0000] {manager.py:740} INFO - There are 3 files in /opt/airflow/dags
[2026-06-07T03:29:08.098+0000] {manager.py:878} INFO - 
================================================================================
DAG File Processing Stats

File Path                               PID    Runtime      # DAGs    # Errors  Last Runtime    Last Run
--------------------------------------  -----  ---------  --------  ----------  --------------  -------------------
/opt/airflow/dags/lms_etl_dag.py                                 1           0  0.73s           2026-06-07T03:28:41
/opt/airflow/dags/lms_analytics_dag.py                           1           0  0.32s           2026-06-07T03:28:40
/opt/airflow/dags/lms_common.py                                  0           0  0.08s           2026-06-07T03:28:39
================================================================================
[2026-06-07T03:29:38.109+0000] {manager.py:878} INFO - 
================================================================================
DAG File Processing Stats

File Path                               PID    Runtime      # DAGs    # Errors  Last Runtime    Last Run
--------------------------------------  -----  ---------  --------  ----------  --------------  -------------------
/opt/airflow/dags/lms_etl_dag.py                                 1           0  0.59s           2026-06-07T03:29:12
/opt/airflow/dags/lms_analytics_dag.py                           1           0  0.27s           2026-06-07T03:29:10
/opt/airflow/dags/lms_common.py                                  0           0  0.08s           2026-06-07T03:29:09
================================================================================
[2026-06-07T03:30:08.457+0000] {manager.py:878} INFO - 
================================================================================
DAG File Processing Stats

File Path                               PID    Runtime      # DAGs    # Errors  Last Runtime    Last Run
--------------------------------------  -----  ---------  --------  ----------  --------------  -------------------
/opt/airflow/dags/lms_etl_dag.py                                 1           0  0.54s           2026-06-07T03:29:43
/opt/airflow/dags/lms_analytics_dag.py                           1           0  0.44s           2026-06-07T03:29:42
/opt/airflow/dags/lms_common.py                                  0           0  0.09s           2026-06-07T03:29:39
================================================================================
[2026-06-07T03:30:38.512+0000] {manager.py:878} INFO - 
================================================================================
DAG File Processing Stats

File Path                               PID    Runtime      # DAGs    # Errors  Last Runtime    Last Run
--------------------------------------  -----  ---------  --------  ----------  --------------  -------------------
/opt/airflow/dags/lms_analytics_dag.py                           1           0  0.77s           2026-06-07T03:30:13
/opt/airflow/dags/lms_etl_dag.py                                 1           0  0.74s           2026-06-07T03:30:14
/opt/airflow/dags/lms_common.py                                  0           0  0.08s           2026-06-07T03:30:10
================================================================================
[2026-06-07T03:31:08.609+0000] {manager.py:878} INFO - 
================================================================================
DAG File Processing Stats

File Path                               PID    Runtime      # DAGs    # Errors  Last Runtime    Last Run
--------------------------------------  -----  ---------  --------  ----------  --------------  -------------------
/opt/airflow/dags/lms_etl_dag.py                                 1           0  0.53s           2026-06-07T03:30:45
/opt/airflow/dags/lms_analytics_dag.py                           1           0  0.23s           2026-06-07T03:30:44
/opt/airflow/dags/lms_common.py                                  0           0  0.08s           2026-06-07T03:30:40
================================================================================
[2026-06-07T03:31:38.797+0000] {manager.py:878} INFO - 
================================================================================
DAG File Processing Stats

File Path                               PID    Runtime      # DAGs    # Errors  Last Runtime    Last Run
--------------------------------------  -----  ---------  --------  ----------  --------------  -------------------
/opt/airflow/dags/lms_etl_dag.py                                 1           0  0.55s           2026-06-07T03:31:16
/opt/airflow/dags/lms_analytics_dag.py                           1           0  0.32s           2026-06-07T03:31:14
/opt/airflow/dags/lms_common.py                                  0           0  0.08s           2026-06-07T03:31:11
================================================================================
[2026-06-07T03:32:09.090+0000] {manager.py:878} INFO - 
================================================================================
DAG File Processing Stats

File Path                               PID    Runtime      # DAGs    # Errors  Last Runtime    Last Run
--------------------------------------  -----  ---------  --------  ----------  --------------  -------------------
/opt/airflow/dags/lms_etl_dag.py                                 1           0  0.45s           2026-06-07T03:31:46
/opt/airflow/dags/lms_analytics_dag.py                           1           0  0.21s           2026-06-07T03:31:45
/opt/airflow/dags/lms_common.py                                  0           0  0.07s           2026-06-07T03:31:41
================================================================================
[2026-06-07T03:32:39.118+0000] {manager.py:878} INFO - 
================================================================================
DAG File Processing Stats

File Path                               PID    Runtime      # DAGs    # Errors  Last Runtime    Last Run
--------------------------------------  -----  ---------  --------  ----------  --------------  -------------------
/opt/airflow/dags/lms_etl_dag.py                                 1           0  0.94s           2026-06-07T03:32:18
/opt/airflow/dags/lms_analytics_dag.py                           1           0  0.40s           2026-06-07T03:32:16
/opt/airflow/dags/lms_common.py                                  0           0  0.08s           2026-06-07T03:32:11
================================================================================
[2026-06-07T03:33:09.290+0000] {manager.py:878} INFO - 
================================================================================
DAG File Processing Stats

File Path                               PID    Runtime      # DAGs    # Errors  Last Runtime    Last Run
--------------------------------------  -----  ---------  --------  ----------  --------------  -------------------
/opt/airflow/dags/lms_etl_dag.py                                 1           0  0.84s           2026-06-07T03:32:49
/opt/airflow/dags/lms_analytics_dag.py                           1           0  0.49s           2026-06-07T03:32:46
/opt/airflow/dags/lms_common.py                                  0           0  0.07s           2026-06-07T03:32:42
================================================================================
[2026-06-07T03:33:39.803+0000] {manager.py:878} INFO - 
================================================================================
DAG File Processing Stats

File Path                               PID    Runtime      # DAGs    # Errors  Last Runtime    Last Run
--------------------------------------  -----  ---------  --------  ----------  --------------  -------------------
/opt/airflow/dags/lms_etl_dag.py                                 1           0  0.59s           2026-06-07T03:33:20
/opt/airflow/dags/lms_analytics_dag.py                           1           0  0.28s           2026-06-07T03:33:17
/opt/airflow/dags/lms_common.py                                  0           0  0.07s           2026-06-07T03:33:12
================================================================================
[2026-06-07T03:34:03.335+0000] {manager.py:737} INFO - Searching for files in /opt/airflow/dags
[2026-06-07T03:34:03.369+0000] {manager.py:740} INFO - There are 3 files in /opt/airflow/dags
[2026-06-07T03:34:10.002+0000] {manager.py:878} INFO - 
================================================================================
DAG File Processing Stats

File Path                               PID    Runtime      # DAGs    # Errors  Last Runtime    Last Run
--------------------------------------  -----  ---------  --------  ----------  --------------  -------------------
/opt/airflow/dags/lms_etl_dag.py                                 1           0  0.62s           2026-06-07T03:33:50
/opt/airflow/dags/lms_analytics_dag.py                           1           0  0.34s           2026-06-07T03:33:48
/opt/airflow/dags/lms_common.py                                  0           0  0.07s           2026-06-07T03:33:42
================================================================================
[2026-06-07T03:34:40.467+0000] {manager.py:878} INFO - 
================================================================================
DAG File Processing Stats

File Path                               PID    Runtime      # DAGs    # Errors  Last Runtime    Last Run
--------------------------------------  -----  ---------  --------  ----------  --------------  -------------------
/opt/airflow/dags/lms_etl_dag.py                                 1           0  0.48s           2026-06-07T03:34:21
/opt/airflow/dags/lms_analytics_dag.py                           1           0  0.23s           2026-06-07T03:34:19
/opt/airflow/dags/lms_common.py                                  0           0  0.07s           2026-06-07T03:34:13
================================================================================
[2026-06-07T03:35:10.931+0000] {manager.py:878} INFO - 
================================================================================
DAG File Processing Stats

File Path                               PID    Runtime      # DAGs    # Errors  Last Runtime    Last Run
--------------------------------------  -----  ---------  --------  ----------  --------------  -------------------
/opt/airflow/dags/lms_etl_dag.py                                 1           0  0.52s           2026-06-07T03:34:52
/opt/airflow/dags/lms_analytics_dag.py                           1           0  0.22s           2026-06-07T03:34:49
/opt/airflow/dags/lms_common.py                                  0           0  0.07s           2026-06-07T03:34:43
================================================================================
[2026-06-07T03:35:41.066+0000] {manager.py:878} INFO - 
================================================================================
DAG File Processing Stats

File Path                               PID    Runtime      # DAGs    # Errors  Last Runtime    Last Run
--------------------------------------  -----  ---------  --------  ----------  --------------  -------------------
/opt/airflow/dags/lms_etl_dag.py                                 1           0  0.55s           2026-06-07T03:35:22
/opt/airflow/dags/lms_analytics_dag.py                           1           0  0.35s           2026-06-07T03:35:20
/opt/airflow/dags/lms_common.py                                  0           0  0.07s           2026-06-07T03:35:14
================================================================================
[2026-06-07T03:36:11.630+0000] {manager.py:878} INFO - 
================================================================================
DAG File Processing Stats

File Path                               PID    Runtime      # DAGs    # Errors  Last Runtime    Last Run
--------------------------------------  -----  ---------  --------  ----------  --------------  -------------------
/opt/airflow/dags/lms_etl_dag.py                                 1           0  0.54s           2026-06-07T03:35:53
/opt/airflow/dags/lms_analytics_dag.py                           1           0  0.31s           2026-06-07T03:35:51
/opt/airflow/dags/lms_common.py                                  0           0  0.07s           2026-06-07T03:35:44
================================================================================
[2026-06-07T03:36:42.161+0000] {manager.py:878} INFO - 
================================================================================
DAG File Processing Stats

File Path                               PID    Runtime      # DAGs    # Errors  Last Runtime    Last Run
--------------------------------------  -----  ---------  --------  ----------  --------------  -------------------
/opt/airflow/dags/lms_etl_dag.py                                 1           0  0.52s           2026-06-07T03:36:24
/opt/airflow/dags/lms_analytics_dag.py                           1           0  0.28s           2026-06-07T03:36:22
/opt/airflow/dags/lms_common.py                                  0           0  0.07s           2026-06-07T03:36:14
================================================================================
[2026-06-07T03:37:12.642+0000] {manager.py:878} INFO - 
================================================================================
DAG File Processing Stats

File Path                               PID    Runtime      # DAGs    # Errors  Last Runtime    Last Run
--------------------------------------  -----  ---------  --------  ----------  --------------  -------------------
/opt/airflow/dags/lms_etl_dag.py                                 1           0  0.58s           2026-06-07T03:36:54
/opt/airflow/dags/lms_analytics_dag.py                           1           0  0.24s           2026-06-07T03:36:52
/opt/airflow/dags/lms_common.py                                  0           0  0.09s           2026-06-07T03:36:45
================================================================================
[2026-06-07T03:37:42.674+0000] {manager.py:878} INFO - 
================================================================================
DAG File Processing Stats

File Path                               PID    Runtime      # DAGs    # Errors  Last Runtime    Last Run
--------------------------------------  -----  ---------  --------  ----------  --------------  -------------------
/opt/airflow/dags/lms_etl_dag.py                                 1           0  0.51s           2026-06-07T03:37:25
/opt/airflow/dags/lms_analytics_dag.py                           1           0  0.29s           2026-06-07T03:37:23
/opt/airflow/dags/lms_common.py                                  0           0  0.08s           2026-06-07T03:37:15
================================================================================
[2026-06-07T03:38:12.723+0000] {manager.py:878} INFO - 
================================================================================
DAG File Processing Stats

File Path                               PID    Runtime      # DAGs    # Errors  Last Runtime    Last Run
--------------------------------------  -----  ---------  --------  ----------  --------------  -------------------
/opt/airflow/dags/lms_etl_dag.py                                 1           0  0.60s           2026-06-07T03:37:56
/opt/airflow/dags/lms_analytics_dag.py                           1           0  0.32s           2026-06-07T03:37:53
/opt/airflow/dags/lms_common.py                                  0           0  0.07s           2026-06-07T03:37:46
================================================================================
[2026-06-07T03:38:42.840+0000] {manager.py:878} INFO - 
================================================================================
DAG File Processing Stats

File Path                               PID    Runtime      # DAGs    # Errors  Last Runtime    Last Run
--------------------------------------  -----  ---------  --------  ----------  --------------  -------------------
/opt/airflow/dags/lms_etl_dag.py                                 1           0  0.64s           2026-06-07T03:38:27
/opt/airflow/dags/lms_analytics_dag.py                           1           0  0.30s           2026-06-07T03:38:24
/opt/airflow/dags/lms_common.py                                  0           0  0.07s           2026-06-07T03:38:16
================================================================================
[2026-06-07T03:39:03.451+0000] {manager.py:737} INFO - Searching for files in /opt/airflow/dags
[2026-06-07T03:39:03.488+0000] {manager.py:740} INFO - There are 3 files in /opt/airflow/dags
[2026-06-07T03:39:13.112+0000] {manager.py:878} INFO - 
================================================================================
DAG File Processing Stats

File Path                               PID    Runtime      # DAGs    # Errors  Last Runtime    Last Run
--------------------------------------  -----  ---------  --------  ----------  --------------  -------------------
/opt/airflow/dags/lms_etl_dag.py                                 1           0  0.60s           2026-06-07T03:38:58
/opt/airflow/dags/lms_analytics_dag.py                           1           0  0.43s           2026-06-07T03:38:55
/opt/airflow/dags/lms_common.py                                  0           0  0.12s           2026-06-07T03:38:46
================================================================================
[2026-06-07T03:39:43.173+0000] {manager.py:878} INFO - 
================================================================================
DAG File Processing Stats

File Path                               PID    Runtime      # DAGs    # Errors  Last Runtime    Last Run
--------------------------------------  -----  ---------  --------  ----------  --------------  -------------------
/opt/airflow/dags/lms_etl_dag.py                                 1           0  1.35s           2026-06-07T03:39:30
/opt/airflow/dags/lms_analytics_dag.py                           1           0  0.27s           2026-06-07T03:39:26
/opt/airflow/dags/lms_common.py                                  0           0  0.07s           2026-06-07T03:39:17
================================================================================
[2026-06-07T03:40:13.846+0000] {manager.py:878} INFO - 
================================================================================
DAG File Processing Stats

File Path                               PID    Runtime      # DAGs    # Errors  Last Runtime    Last Run
--------------------------------------  -----  ---------  --------  ----------  --------------  -------------------
/opt/airflow/dags/lms_etl_dag.py                                 1           0  1.40s           2026-06-07T03:40:01
/opt/airflow/dags/lms_analytics_dag.py                           1           0  0.33s           2026-06-07T03:39:57
/opt/airflow/dags/lms_common.py                                  0           0  0.09s           2026-06-07T03:39:47
================================================================================
[2026-06-07T03:40:43.853+0000] {manager.py:878} INFO - 
================================================================================
DAG File Processing Stats

File Path                               PID    Runtime      # DAGs    # Errors  Last Runtime    Last Run
--------------------------------------  -----  ---------  --------  ----------  --------------  -------------------
/opt/airflow/dags/lms_etl_dag.py                                 1           0  0.69s           2026-06-07T03:40:32
/opt/airflow/dags/lms_analytics_dag.py                           1           0  0.26s           2026-06-07T03:40:28
/opt/airflow/dags/lms_common.py                                  0           0  0.08s           2026-06-07T03:40:17
================================================================================
[2026-06-07T03:41:13.953+0000] {manager.py:878} INFO - 
================================================================================
DAG File Processing Stats

File Path                               PID    Runtime      # DAGs    # Errors  Last Runtime    Last Run
--------------------------------------  -----  ---------  --------  ----------  --------------  -------------------
/opt/airflow/dags/lms_etl_dag.py                                 1           0  0.50s           2026-06-07T03:41:03
/opt/airflow/dags/lms_analytics_dag.py                           1           0  0.24s           2026-06-07T03:40:58
/opt/airflow/dags/lms_common.py                                  0           0  0.12s           2026-06-07T03:40:48
================================================================================
[2026-06-07T03:41:44.438+0000] {manager.py:878} INFO - 
================================================================================
DAG File Processing Stats

File Path                               PID    Runtime      # DAGs    # Errors  Last Runtime    Last Run
--------------------------------------  -----  ---------  --------  ----------  --------------  -------------------
/opt/airflow/dags/lms_etl_dag.py                                 1           0  0.48s           2026-06-07T03:41:34
/opt/airflow/dags/lms_analytics_dag.py                           1           0  0.26s           2026-06-07T03:41:29
/opt/airflow/dags/lms_common.py                                  0           0  0.07s           2026-06-07T03:41:19
================================================================================
[2026-06-07T03:42:14.996+0000] {manager.py:878} INFO - 
================================================================================
DAG File Processing Stats

File Path                               PID    Runtime      # DAGs    # Errors  Last Runtime    Last Run
--------------------------------------  -----  ---------  --------  ----------  --------------  -------------------
/opt/airflow/dags/lms_etl_dag.py                                 1           0  0.50s           2026-06-07T03:42:05
/opt/airflow/dags/lms_analytics_dag.py                           1           0  0.34s           2026-06-07T03:41:59
/opt/airflow/dags/lms_common.py                                  0           0  0.07s           2026-06-07T03:41:49
================================================================================
[2026-06-07T03:42:45.559+0000] {manager.py:878} INFO - 
================================================================================
DAG File Processing Stats

File Path                               PID    Runtime      # DAGs    # Errors  Last Runtime    Last Run
--------------------------------------  -----  ---------  --------  ----------  --------------  -------------------
/opt/airflow/dags/lms_etl_dag.py                                 1           0  0.48s           2026-06-07T03:42:35
/opt/airflow/dags/lms_analytics_dag.py                           1           0  0.28s           2026-06-07T03:42:30
/opt/airflow/dags/lms_common.py                                  0           0  0.09s           2026-06-07T03:42:20
================================================================================
[2026-06-07T03:43:16.066+0000] {manager.py:878} INFO - 
================================================================================
DAG File Processing Stats

File Path                               PID    Runtime      # DAGs    # Errors  Last Runtime    Last Run
--------------------------------------  -----  ---------  --------  ----------  --------------  -------------------
/opt/airflow/dags/lms_etl_dag.py                                 1           0  0.48s           2026-06-07T03:43:06
/opt/airflow/dags/lms_analytics_dag.py                           1           0  0.27s           2026-06-07T03:43:00
/opt/airflow/dags/lms_common.py                                  0           0  0.13s           2026-06-07T03:42:50
================================================================================
[2026-06-07T03:43:46.227+0000] {manager.py:878} INFO - 
================================================================================
DAG File Processing Stats

File Path                               PID    Runtime      # DAGs    # Errors  Last Runtime    Last Run
--------------------------------------  -----  ---------  --------  ----------  --------------  -------------------
/opt/airflow/dags/lms_etl_dag.py                                 1           0  0.52s           2026-06-07T03:43:37
/opt/airflow/dags/lms_analytics_dag.py                           1           0  0.37s           2026-06-07T03:43:31
/opt/airflow/dags/lms_common.py                                  0           0  0.07s           2026-06-07T03:43:21
================================================================================
[2026-06-07T03:44:03.582+0000] {manager.py:737} INFO - Searching for files in /opt/airflow/dags
[2026-06-07T03:44:03.614+0000] {manager.py:740} INFO - There are 3 files in /opt/airflow/dags
[2026-06-07T03:44:16.713+0000] {manager.py:878} INFO - 
================================================================================
DAG File Processing Stats

File Path                               PID    Runtime      # DAGs    # Errors  Last Runtime    Last Run
--------------------------------------  -----  ---------  --------  ----------  --------------  -------------------
/opt/airflow/dags/lms_etl_dag.py                                 1           0  0.50s           2026-06-07T03:44:07
/opt/airflow/dags/lms_analytics_dag.py                           1           0  0.23s           2026-06-07T03:44:02
/opt/airflow/dags/lms_common.py                                  0           0  0.07s           2026-06-07T03:43:51
================================================================================
[2026-06-07T03:44:47.202+0000] {manager.py:878} INFO - 
================================================================================
DAG File Processing Stats

File Path                               PID    Runtime      # DAGs    # Errors  Last Runtime    Last Run
--------------------------------------  -----  ---------  --------  ----------  --------------  -------------------
/opt/airflow/dags/lms_etl_dag.py                                 1           0  0.50s           2026-06-07T03:44:38
/opt/airflow/dags/lms_analytics_dag.py                           1           0  0.24s           2026-06-07T03:44:33
/opt/airflow/dags/lms_common.py                                  0           0  0.06s           2026-06-07T03:44:21
================================================================================
[2026-06-07T03:45:17.670+0000] {manager.py:878} INFO - 
================================================================================
DAG File Processing Stats

File Path                               PID    Runtime      # DAGs    # Errors  Last Runtime    Last Run
--------------------------------------  -----  ---------  --------  ----------  --------------  -------------------
/opt/airflow/dags/lms_etl_dag.py                                 1           0  0.60s           2026-06-07T03:45:10
/opt/airflow/dags/lms_analytics_dag.py                           1           0  0.22s           2026-06-07T03:45:03
/opt/airflow/dags/lms_common.py                                  0           0  0.07s           2026-06-07T03:44:52
================================================================================
[2026-06-07T03:45:47.701+0000] {manager.py:878} INFO - 
================================================================================
DAG File Processing Stats

File Path                               PID    Runtime      # DAGs    # Errors  Last Runtime    Last Run
--------------------------------------  -----  ---------  --------  ----------  --------------  -------------------
/opt/airflow/dags/lms_etl_dag.py                                 1           0  0.56s           2026-06-07T03:45:40
/opt/airflow/dags/lms_analytics_dag.py                           1           0  0.25s           2026-06-07T03:45:34
/opt/airflow/dags/lms_common.py                                  0           0  0.07s           2026-06-07T03:45:22
================================================================================
[2026-06-07T03:46:17.981+0000] {manager.py:878} INFO - 
================================================================================
DAG File Processing Stats

File Path                               PID    Runtime      # DAGs    # Errors  Last Runtime    Last Run
--------------------------------------  -----  ---------  --------  ----------  --------------  -------------------
/opt/airflow/dags/lms_etl_dag.py                                 1           0  0.53s           2026-06-07T03:46:11
/opt/airflow/dags/lms_analytics_dag.py                           1           0  0.22s           2026-06-07T03:46:04
/opt/airflow/dags/lms_common.py                                  0           0  0.08s           2026-06-07T03:45:53
================================================================================
[2026-06-07T03:46:48.078+0000] {manager.py:878} INFO - 
================================================================================
DAG File Processing Stats

File Path                               PID    Runtime      # DAGs    # Errors  Last Runtime    Last Run
--------------------------------------  -----  ---------  --------  ----------  --------------  -------------------
/opt/airflow/dags/lms_etl_dag.py                                 1           0  0.48s           2026-06-07T03:46:42
/opt/airflow/dags/lms_analytics_dag.py                           1           0  0.19s           2026-06-07T03:46:34
/opt/airflow/dags/lms_common.py                                  0           0  0.07s           2026-06-07T03:46:23
================================================================================
[2026-06-07T03:47:18.205+0000] {manager.py:878} INFO - 
================================================================================
DAG File Processing Stats

File Path                               PID    Runtime      # DAGs    # Errors  Last Runtime    Last Run
--------------------------------------  -----  ---------  --------  ----------  --------------  -------------------
/opt/airflow/dags/lms_etl_dag.py                                 1           0  0.63s           2026-06-07T03:47:13
/opt/airflow/dags/lms_analytics_dag.py                           1           0  0.26s           2026-06-07T03:47:05
/opt/airflow/dags/lms_common.py                                  0           0  0.07s           2026-06-07T03:46:54
================================================================================
[2026-06-07T03:47:48.415+0000] {manager.py:878} INFO - 
================================================================================
DAG File Processing Stats

File Path                               PID    Runtime      # DAGs    # Errors  Last Runtime    Last Run
--------------------------------------  -----  ---------  --------  ----------  --------------  -------------------
/opt/airflow/dags/lms_etl_dag.py                                 1           0  0.67s           2026-06-07T03:47:44
/opt/airflow/dags/lms_analytics_dag.py                           1           0  0.23s           2026-06-07T03:47:36
/opt/airflow/dags/lms_common.py                                  0           0  0.07s           2026-06-07T03:47:24
================================================================================
[2026-06-07T03:48:18.929+0000] {manager.py:878} INFO - 
================================================================================
DAG File Processing Stats

File Path                               PID    Runtime      # DAGs    # Errors  Last Runtime    Last Run
--------------------------------------  -----  ---------  --------  ----------  --------------  -------------------
/opt/airflow/dags/lms_etl_dag.py                                 1           0  0.57s           2026-06-07T03:48:15
/opt/airflow/dags/lms_analytics_dag.py                           1           0  0.20s           2026-06-07T03:48:06
/opt/airflow/dags/lms_common.py                                  0           0  0.08s           2026-06-07T03:47:54
================================================================================
[2026-06-07T03:48:48.959+0000] {manager.py:878} INFO - 
================================================================================
DAG File Processing Stats

File Path                               PID    Runtime      # DAGs    # Errors  Last Runtime    Last Run
--------------------------------------  -----  ---------  --------  ----------  --------------  -------------------
/opt/airflow/dags/lms_etl_dag.py                                 1           0  0.56s           2026-06-07T03:48:45
/opt/airflow/dags/lms_analytics_dag.py                           1           0  0.24s           2026-06-07T03:48:37
/opt/airflow/dags/lms_common.py                                  0           0  0.07s           2026-06-07T03:48:25
================================================================================
[2026-06-07T03:49:04.512+0000] {manager.py:737} INFO - Searching for files in /opt/airflow/dags
[2026-06-07T03:49:04.544+0000] {manager.py:740} INFO - There are 3 files in /opt/airflow/dags
[2026-06-07T03:49:18.968+0000] {manager.py:878} INFO - 
================================================================================
DAG File Processing Stats

File Path                               PID    Runtime      # DAGs    # Errors  Last Runtime    Last Run
--------------------------------------  -----  ---------  --------  ----------  --------------  -------------------
/opt/airflow/dags/lms_etl_dag.py                                 1           0  0.50s           2026-06-07T03:49:16
/opt/airflow/dags/lms_analytics_dag.py                           1           0  0.30s           2026-06-07T03:49:07
/opt/airflow/dags/lms_common.py                                  0           0  0.07s           2026-06-07T03:48:55
================================================================================
[2026-06-07T03:49:49.425+0000] {manager.py:878} INFO - 
================================================================================
DAG File Processing Stats

File Path                               PID    Runtime      # DAGs    # Errors  Last Runtime    Last Run
--------------------------------------  -----  ---------  --------  ----------  --------------  -------------------
/opt/airflow/dags/lms_etl_dag.py                                 1           0  0.48s           2026-06-07T03:49:47
/opt/airflow/dags/lms_analytics_dag.py                           1           0  0.22s           2026-06-07T03:49:38
/opt/airflow/dags/lms_common.py                                  0           0  0.07s           2026-06-07T03:49:26
================================================================================
[2026-06-07T03:50:19.550+0000] {manager.py:878} INFO - 
================================================================================
DAG File Processing Stats

File Path                               PID    Runtime      # DAGs    # Errors  Last Runtime    Last Run
--------------------------------------  -----  ---------  --------  ----------  --------------  -------------------
/opt/airflow/dags/lms_etl_dag.py                                 1           0  0.74s           2026-06-07T03:50:18
/opt/airflow/dags/lms_analytics_dag.py                           1           0  0.35s           2026-06-07T03:50:08
/opt/airflow/dags/lms_common.py                                  0           0  0.10s           2026-06-07T03:49:56
================================================================================
[2026-06-07T03:50:49.634+0000] {manager.py:878} INFO - 
================================================================================
DAG File Processing Stats

File Path                                 PID  Runtime      # DAGs    # Errors  Last Runtime    Last Run
--------------------------------------  -----  ---------  --------  ----------  --------------  -------------------
/opt/airflow/dags/lms_etl_dag.py         1392  1.03s             1           0  0.74s           2026-06-07T03:50:18
/opt/airflow/dags/lms_analytics_dag.py                           1           0  0.42s           2026-06-07T03:50:39
/opt/airflow/dags/lms_common.py                                  0           0  0.15s           2026-06-07T03:50:26
================================================================================
[2026-06-07T03:51:20.062+0000] {manager.py:878} INFO - 
================================================================================
DAG File Processing Stats

File Path                               PID    Runtime      # DAGs    # Errors  Last Runtime    Last Run
--------------------------------------  -----  ---------  --------  ----------  --------------  -------------------
/opt/airflow/dags/lms_etl_dag.py                                 1           0  1.79s           2026-06-07T03:50:50
/opt/airflow/dags/lms_analytics_dag.py                           1           0  0.39s           2026-06-07T03:51:10
/opt/airflow/dags/lms_common.py                                  0           0  0.14s           2026-06-07T03:50:57
================================================================================
[2026-06-07T03:51:50.277+0000] {manager.py:878} INFO - 
================================================================================
DAG File Processing Stats

File Path                               PID    Runtime      # DAGs    # Errors  Last Runtime    Last Run
--------------------------------------  -----  ---------  --------  ----------  --------------  -------------------
/opt/airflow/dags/lms_etl_dag.py                                 1           0  0.85s           2026-06-07T03:51:21
/opt/airflow/dags/lms_analytics_dag.py                           1           0  0.52s           2026-06-07T03:51:41
/opt/airflow/dags/lms_common.py                                  0           0  0.08s           2026-06-07T03:51:28
================================================================================
[2026-06-07T03:52:20.603+0000] {manager.py:878} INFO - 
================================================================================
DAG File Processing Stats

File Path                               PID    Runtime      # DAGs    # Errors  Last Runtime    Last Run
--------------------------------------  -----  ---------  --------  ----------  --------------  -------------------
/opt/airflow/dags/lms_etl_dag.py                                 1           0  1.00s           2026-06-07T03:51:53
/opt/airflow/dags/lms_analytics_dag.py                           1           0  0.29s           2026-06-07T03:52:12
/opt/airflow/dags/lms_common.py                                  0           0  0.09s           2026-06-07T03:51:58
================================================================================
[2026-06-07T03:52:51.139+0000] {manager.py:878} INFO - 
================================================================================
DAG File Processing Stats

File Path                               PID    Runtime      # DAGs    # Errors  Last Runtime    Last Run
--------------------------------------  -----  ---------  --------  ----------  --------------  -------------------
/opt/airflow/dags/lms_etl_dag.py                                 1           0  0.78s           2026-06-07T03:52:24
/opt/airflow/dags/lms_analytics_dag.py                           1           0  0.30s           2026-06-07T03:52:43
/opt/airflow/dags/lms_common.py                                  0           0  0.08s           2026-06-07T03:52:28
================================================================================
[2026-06-07T03:53:21.671+0000] {manager.py:878} INFO - 
================================================================================
DAG File Processing Stats

File Path                               PID    Runtime      # DAGs    # Errors  Last Runtime    Last Run
--------------------------------------  -----  ---------  --------  ----------  --------------  -------------------
/opt/airflow/dags/lms_etl_dag.py                                 1           0  0.58s           2026-06-07T03:52:55
/opt/airflow/dags/lms_analytics_dag.py                           1           0  0.35s           2026-06-07T03:53:13
/opt/airflow/dags/lms_common.py                                  0           0  0.07s           2026-06-07T03:52:59
================================================================================
[2026-06-07T03:53:51.786+0000] {manager.py:878} INFO - 
================================================================================
DAG File Processing Stats

File Path                               PID    Runtime      # DAGs    # Errors  Last Runtime    Last Run
--------------------------------------  -----  ---------  --------  ----------  --------------  -------------------
/opt/airflow/dags/lms_etl_dag.py                                 1           0  0.51s           2026-06-07T03:53:26
/opt/airflow/dags/lms_analytics_dag.py                           1           0  0.31s           2026-06-07T03:53:44
/opt/airflow/dags/lms_common.py                                  0           0  0.07s           2026-06-07T03:53:29
================================================================================
[2026-06-07T03:54:05.133+0000] {manager.py:737} INFO - Searching for files in /opt/airflow/dags
[2026-06-07T03:54:05.175+0000] {manager.py:740} INFO - There are 3 files in /opt/airflow/dags
[2026-06-07T03:54:22.342+0000] {manager.py:878} INFO - 
================================================================================
DAG File Processing Stats

File Path                               PID    Runtime      # DAGs    # Errors  Last Runtime    Last Run
--------------------------------------  -----  ---------  --------  ----------  --------------  -------------------
/opt/airflow/dags/lms_etl_dag.py                                 1           0  0.66s           2026-06-07T03:53:57
/opt/airflow/dags/lms_analytics_dag.py                           1           0  0.24s           2026-06-07T03:54:15
/opt/airflow/dags/lms_common.py                                  0           0  0.07s           2026-06-07T03:54:00
================================================================================
[2026-06-07T03:54:52.838+0000] {manager.py:878} INFO - 
================================================================================
DAG File Processing Stats

File Path                               PID    Runtime      # DAGs    # Errors  Last Runtime    Last Run
--------------------------------------  -----  ---------  --------  ----------  --------------  -------------------
/opt/airflow/dags/lms_etl_dag.py                                 1           0  0.49s           2026-06-07T03:54:28
/opt/airflow/dags/lms_analytics_dag.py                           1           0  0.23s           2026-06-07T03:54:45
/opt/airflow/dags/lms_common.py                                  0           0  0.06s           2026-06-07T03:54:30
================================================================================
[2026-06-07T03:55:23.329+0000] {manager.py:878} INFO - 
================================================================================
DAG File Processing Stats

File Path                               PID    Runtime      # DAGs    # Errors  Last Runtime    Last Run
--------------------------------------  -----  ---------  --------  ----------  --------------  -------------------
/opt/airflow/dags/lms_etl_dag.py                                 1           0  0.67s           2026-06-07T03:54:59
/opt/airflow/dags/lms_analytics_dag.py                           1           0  0.32s           2026-06-07T03:55:16
/opt/airflow/dags/lms_common.py                                  0           0  0.07s           2026-06-07T03:55:01
================================================================================
[2026-06-07T03:55:53.912+0000] {manager.py:878} INFO - 
================================================================================
DAG File Processing Stats

File Path                               PID    Runtime      # DAGs    # Errors  Last Runtime    Last Run
--------------------------------------  -----  ---------  --------  ----------  --------------  -------------------
/opt/airflow/dags/lms_etl_dag.py                                 1           0  0.49s           2026-06-07T03:55:30
/opt/airflow/dags/lms_analytics_dag.py                           1           0  0.22s           2026-06-07T03:55:46
/opt/airflow/dags/lms_common.py                                  0           0  0.09s           2026-06-07T03:55:31
================================================================================
[2026-06-07T03:56:24.339+0000] {manager.py:878} INFO - 
================================================================================
DAG File Processing Stats

File Path                               PID    Runtime      # DAGs    # Errors  Last Runtime    Last Run
--------------------------------------  -----  ---------  --------  ----------  --------------  -------------------
/opt/airflow/dags/lms_etl_dag.py                                 1           0  0.49s           2026-06-07T03:56:01
/opt/airflow/dags/lms_analytics_dag.py                           1           0  0.31s           2026-06-07T03:56:17
/opt/airflow/dags/lms_common.py                                  0           0  0.09s           2026-06-07T03:56:02
================================================================================
[2026-06-07T03:56:54.933+0000] {manager.py:878} INFO - 
================================================================================
DAG File Processing Stats

File Path                               PID    Runtime      # DAGs    # Errors  Last Runtime    Last Run
--------------------------------------  -----  ---------  --------  ----------  --------------  -------------------
/opt/airflow/dags/lms_etl_dag.py                                 1           0  0.49s           2026-06-07T03:56:32
/opt/airflow/dags/lms_analytics_dag.py                           1           0  0.22s           2026-06-07T03:56:47
/opt/airflow/dags/lms_common.py                                  0           0  0.08s           2026-06-07T03:56:32
================================================================================
[2026-06-07T03:57:25.329+0000] {manager.py:878} INFO - 
================================================================================
DAG File Processing Stats

File Path                               PID    Runtime      # DAGs    # Errors  Last Runtime    Last Run
--------------------------------------  -----  ---------  --------  ----------  --------------  -------------------
/opt/airflow/dags/lms_etl_dag.py                                 1           0  0.58s           2026-06-07T03:57:03
/opt/airflow/dags/lms_analytics_dag.py                           1           0  0.39s           2026-06-07T03:57:18
/opt/airflow/dags/lms_common.py                                  0           0  0.10s           2026-06-07T03:57:03
================================================================================
[2026-06-07T03:57:55.464+0000] {manager.py:878} INFO - 
================================================================================
DAG File Processing Stats

File Path                               PID    Runtime      # DAGs    # Errors  Last Runtime    Last Run
--------------------------------------  -----  ---------  --------  ----------  --------------  -------------------
/opt/airflow/dags/lms_etl_dag.py                                 1           0  0.68s           2026-06-07T03:57:35
/opt/airflow/dags/lms_analytics_dag.py                           1           0  0.23s           2026-06-07T03:57:49
/opt/airflow/dags/lms_common.py                                  0           0  0.07s           2026-06-07T03:57:33
================================================================================
[2026-06-07T03:58:25.755+0000] {manager.py:878} INFO - 
================================================================================
DAG File Processing Stats

File Path                               PID    Runtime      # DAGs    # Errors  Last Runtime    Last Run
--------------------------------------  -----  ---------  --------  ----------  --------------  -------------------
/opt/airflow/dags/lms_etl_dag.py                                 1           0  0.87s           2026-06-07T03:58:06
/opt/airflow/dags/lms_analytics_dag.py                           1           0  0.38s           2026-06-07T03:58:19
/opt/airflow/dags/lms_common.py                                  0           0  0.07s           2026-06-07T03:58:03
================================================================================
[2026-06-07T03:58:56.076+0000] {manager.py:878} INFO - 
================================================================================
DAG File Processing Stats

File Path                               PID    Runtime      # DAGs    # Errors  Last Runtime    Last Run
--------------------------------------  -----  ---------  --------  ----------  --------------  -------------------
/opt/airflow/dags/lms_etl_dag.py                                 1           0  0.47s           2026-06-07T03:58:37
/opt/airflow/dags/lms_analytics_dag.py                           1           0  0.38s           2026-06-07T03:58:50
/opt/airflow/dags/lms_common.py                                  0           0  0.07s           2026-06-07T03:58:33
================================================================================
[2026-06-07T03:59:05.206+0000] {manager.py:737} INFO - Searching for files in /opt/airflow/dags
[2026-06-07T03:59:05.246+0000] {manager.py:740} INFO - There are 3 files in /opt/airflow/dags
[2026-06-07T03:59:26.577+0000] {manager.py:878} INFO - 
================================================================================
DAG File Processing Stats

File Path                               PID    Runtime      # DAGs    # Errors  Last Runtime    Last Run
--------------------------------------  -----  ---------  --------  ----------  --------------  -------------------
/opt/airflow/dags/lms_etl_dag.py                                 1           0  0.55s           2026-06-07T03:59:08
/opt/airflow/dags/lms_analytics_dag.py                           1           0  0.29s           2026-06-07T03:59:20
/opt/airflow/dags/lms_common.py                                  0           0  0.09s           2026-06-07T03:59:04
================================================================================
[2026-06-07T03:59:56.945+0000] {manager.py:878} INFO - 
================================================================================
DAG File Processing Stats

File Path                               PID    Runtime      # DAGs    # Errors  Last Runtime    Last Run
--------------------------------------  -----  ---------  --------  ----------  --------------  -------------------
/opt/airflow/dags/lms_etl_dag.py                                 1           0  0.73s           2026-06-07T03:59:40
/opt/airflow/dags/lms_analytics_dag.py                           1           0  0.22s           2026-06-07T03:59:51
/opt/airflow/dags/lms_common.py                                  0           0  0.08s           2026-06-07T03:59:34
================================================================================
[2026-06-07T23:00:27.279+0000] {manager.py:878} INFO - 
================================================================================
DAG File Processing Stats

File Path                               PID    Runtime      # DAGs    # Errors  Last Runtime    Last Run
--------------------------------------  -----  ---------  --------  ----------  --------------  -------------------
/opt/airflow/dags/lms_etl_dag.py                                 1           0  0.58s           2026-06-07T23:00:11
/opt/airflow/dags/lms_analytics_dag.py                           1           0  0.21s           2026-06-07T23:00:21
/opt/airflow/dags/lms_common.py                                  0           0  0.08s           2026-06-07T23:00:05
================================================================================
[2026-06-07T23:00:57.575+0000] {manager.py:878} INFO - 
================================================================================
DAG File Processing Stats

File Path                               PID    Runtime      # DAGs    # Errors  Last Runtime    Last Run
--------------------------------------  -----  ---------  --------  ----------  --------------  -------------------
/opt/airflow/dags/lms_etl_dag.py                                 1           0  0.84s           2026-06-07T23:00:43
/opt/airflow/dags/lms_analytics_dag.py                           1           0  0.33s           2026-06-07T23:00:51
/opt/airflow/dags/lms_common.py                                  0           0  0.07s           2026-06-07T23:00:35
================================================================================
[2026-06-07T23:01:28.293+0000] {manager.py:878} INFO - 
================================================================================
DAG File Processing Stats

File Path                               PID    Runtime      # DAGs    # Errors  Last Runtime    Last Run
--------------------------------------  -----  ---------  --------  ----------  --------------  -------------------
/opt/airflow/dags/lms_etl_dag.py                                 1           0  0.47s           2026-06-07T23:01:14
/opt/airflow/dags/lms_analytics_dag.py                           1           0  0.22s           2026-06-07T23:01:22
/opt/airflow/dags/lms_common.py                                  0           0  0.08s           2026-06-07T23:01:05
================================================================================
[2026-06-07T23:01:58.595+0000] {manager.py:878} INFO - 
================================================================================
DAG File Processing Stats

File Path                               PID    Runtime      # DAGs    # Errors  Last Runtime    Last Run
--------------------------------------  -----  ---------  --------  ----------  --------------  -------------------
/opt/airflow/dags/lms_etl_dag.py                                 1           0  0.61s           2026-06-07T23:01:45
/opt/airflow/dags/lms_analytics_dag.py                           1           0  0.26s           2026-06-07T23:01:52
/opt/airflow/dags/lms_common.py                                  0           0  0.07s           2026-06-07T23:01:36
================================================================================
[2026-06-07T23:02:28.891+0000] {manager.py:878} INFO - 
================================================================================
DAG File Processing Stats

File Path                               PID    Runtime      # DAGs    # Errors  Last Runtime    Last Run
--------------------------------------  -----  ---------  --------  ----------  --------------  -------------------
/opt/airflow/dags/lms_etl_dag.py                                 1           0  0.79s           2026-06-07T23:02:16
/opt/airflow/dags/lms_analytics_dag.py                           1           0  0.23s           2026-06-07T23:02:23
/opt/airflow/dags/lms_common.py                                  0           0  0.07s           2026-06-07T23:02:06
================================================================================
[2026-06-07T23:02:59.195+0000] {manager.py:878} INFO - 
================================================================================
DAG File Processing Stats

File Path                               PID    Runtime      # DAGs    # Errors  Last Runtime    Last Run
--------------------------------------  -----  ---------  --------  ----------  --------------  -------------------
/opt/airflow/dags/lms_etl_dag.py                                 1           0  0.47s           2026-06-07T23:02:47
/opt/airflow/dags/lms_analytics_dag.py                           1           0  0.35s           2026-06-07T23:02:53
/opt/airflow/dags/lms_common.py                                  0           0  0.07s           2026-06-07T23:02:37
================================================================================
[2026-06-07T23:03:29.266+0000] {manager.py:878} INFO - 
================================================================================
DAG File Processing Stats

File Path                               PID    Runtime      # DAGs    # Errors  Last Runtime    Last Run
--------------------------------------  -----  ---------  --------  ----------  --------------  -------------------
/opt/airflow/dags/lms_etl_dag.py                                 1           0  0.61s           2026-06-07T23:03:18
/opt/airflow/dags/lms_analytics_dag.py                           1           0  0.21s           2026-06-07T23:03:24
/opt/airflow/dags/lms_common.py                                  0           0  0.07s           2026-06-07T23:03:07
================================================================================
[2026-06-07T23:03:59.583+0000] {manager.py:878} INFO - 
================================================================================
DAG File Processing Stats

File Path                               PID    Runtime      # DAGs    # Errors  Last Runtime    Last Run
--------------------------------------  -----  ---------  --------  ----------  --------------  -------------------
/opt/airflow/dags/lms_etl_dag.py                                 1           0  0.60s           2026-06-07T23:03:50
/opt/airflow/dags/lms_analytics_dag.py                           1           0  0.22s           2026-06-07T23:03:54
/opt/airflow/dags/lms_common.py                                  0           0  0.07s           2026-06-07T23:03:37
================================================================================
[2026-06-07T23:04:05.624+0000] {manager.py:737} INFO - Searching for files in /opt/airflow/dags
[2026-06-07T23:04:05.655+0000] {manager.py:740} INFO - There are 3 files in /opt/airflow/dags
[2026-06-07T23:04:29.955+0000] {manager.py:878} INFO - 
================================================================================
DAG File Processing Stats

File Path                               PID    Runtime      # DAGs    # Errors  Last Runtime    Last Run
--------------------------------------  -----  ---------  --------  ----------  --------------  -------------------
/opt/airflow/dags/lms_etl_dag.py                                 1           0  0.64s           2026-06-07T23:04:21
/opt/airflow/dags/lms_analytics_dag.py                           1           0  0.24s           2026-06-07T23:04:25
/opt/airflow/dags/lms_common.py                                  0           0  0.10s           2026-06-07T23:04:07
================================================================================
[2026-06-07T23:05:00.257+0000] {manager.py:878} INFO - 
================================================================================
DAG File Processing Stats

File Path                               PID    Runtime      # DAGs    # Errors  Last Runtime    Last Run
--------------------------------------  -----  ---------  --------  ----------  --------------  -------------------
/opt/airflow/dags/lms_etl_dag.py                                 1           0  0.72s           2026-06-07T23:04:52
/opt/airflow/dags/lms_analytics_dag.py                           1           0  0.33s           2026-06-07T23:04:55
/opt/airflow/dags/lms_common.py                                  0           0  0.07s           2026-06-07T23:04:38
================================================================================
[2026-06-07T23:05:30.553+0000] {manager.py:878} INFO - 
================================================================================
DAG File Processing Stats

File Path                               PID    Runtime      # DAGs    # Errors  Last Runtime    Last Run
--------------------------------------  -----  ---------  --------  ----------  --------------  -------------------
/opt/airflow/dags/lms_etl_dag.py                                 1           0  0.81s           2026-06-07T23:05:24
/opt/airflow/dags/lms_analytics_dag.py                           1           0  0.25s           2026-06-07T23:05:26
/opt/airflow/dags/lms_common.py                                  0           0  0.07s           2026-06-07T23:05:08
================================================================================
[2026-06-07T23:06:00.844+0000] {manager.py:878} INFO - 
================================================================================
DAG File Processing Stats

File Path                               PID    Runtime      # DAGs    # Errors  Last Runtime    Last Run
--------------------------------------  -----  ---------  --------  ----------  --------------  -------------------
/opt/airflow/dags/lms_etl_dag.py                                 1           0  0.72s           2026-06-07T23:05:55
/opt/airflow/dags/lms_analytics_dag.py                           1           0  0.27s           2026-06-07T23:05:57
/opt/airflow/dags/lms_common.py                                  0           0  0.07s           2026-06-07T23:05:38
================================================================================
[2026-06-07T23:06:31.135+0000] {manager.py:878} INFO - 
================================================================================
DAG File Processing Stats

File Path                               PID    Runtime      # DAGs    # Errors  Last Runtime    Last Run
--------------------------------------  -----  ---------  --------  ----------  --------------  -------------------
/opt/airflow/dags/lms_etl_dag.py                                 1           0  0.65s           2026-06-07T23:06:26
/opt/airflow/dags/lms_analytics_dag.py                           1           0  0.26s           2026-06-07T23:06:27
/opt/airflow/dags/lms_common.py                                  0           0  0.07s           2026-06-07T23:06:08
================================================================================
[2026-06-07T23:07:01.682+0000] {manager.py:878} INFO - 
================================================================================
DAG File Processing Stats

File Path                               PID    Runtime      # DAGs    # Errors  Last Runtime    Last Run
--------------------------------------  -----  ---------  --------  ----------  --------------  -------------------
/opt/airflow/dags/lms_etl_dag.py                                 1           0  0.65s           2026-06-07T23:06:57
/opt/airflow/dags/lms_analytics_dag.py                           1           0  0.24s           2026-06-07T23:06:57
/opt/airflow/dags/lms_common.py                                  0           0  0.07s           2026-06-07T23:06:39
================================================================================
[2026-06-07T23:07:31.711+0000] {manager.py:878} INFO - 
================================================================================
DAG File Processing Stats

File Path                               PID    Runtime      # DAGs    # Errors  Last Runtime    Last Run
--------------------------------------  -----  ---------  --------  ----------  --------------  -------------------
/opt/airflow/dags/lms_etl_dag.py                                 1           0  0.57s           2026-06-07T23:07:28
/opt/airflow/dags/lms_analytics_dag.py                           1           0  0.21s           2026-06-07T23:07:28
/opt/airflow/dags/lms_common.py                                  0           0  0.08s           2026-06-07T23:07:09
================================================================================
[2026-06-07T23:08:02.098+0000] {manager.py:878} INFO - 
================================================================================
DAG File Processing Stats

File Path                               PID    Runtime      # DAGs    # Errors  Last Runtime    Last Run
--------------------------------------  -----  ---------  --------  ----------  --------------  -------------------
/opt/airflow/dags/lms_etl_dag.py                                 1           0  0.63s           2026-06-07T23:08:00
/opt/airflow/dags/lms_analytics_dag.py                           1           0  0.20s           2026-06-07T23:07:58
/opt/airflow/dags/lms_common.py                                  0           0  0.09s           2026-06-07T23:07:40
================================================================================
[2026-06-07T23:08:32.477+0000] {manager.py:878} INFO - 
================================================================================
DAG File Processing Stats

File Path                               PID    Runtime      # DAGs    # Errors  Last Runtime    Last Run
--------------------------------------  -----  ---------  --------  ----------  --------------  -------------------
/opt/airflow/dags/lms_etl_dag.py                                 1           0  0.60s           2026-06-07T23:08:31
/opt/airflow/dags/lms_analytics_dag.py                           1           0  0.21s           2026-06-07T23:08:28
/opt/airflow/dags/lms_common.py                                  0           0  0.07s           2026-06-07T23:08:10
================================================================================
[2026-06-07T23:09:02.594+0000] {manager.py:878} INFO - 
================================================================================
DAG File Processing Stats

File Path                               PID    Runtime      # DAGs    # Errors  Last Runtime    Last Run
--------------------------------------  -----  ---------  --------  ----------  --------------  -------------------
/opt/airflow/dags/lms_etl_dag.py                                 1           0  0.59s           2026-06-07T23:09:02
/opt/airflow/dags/lms_analytics_dag.py                           1           0  0.30s           2026-06-07T23:08:59
/opt/airflow/dags/lms_common.py                                  0           0  0.10s           2026-06-07T23:08:41
================================================================================
[2026-06-07T23:09:06.201+0000] {manager.py:737} INFO - Searching for files in /opt/airflow/dags
[2026-06-07T23:09:06.240+0000] {manager.py:740} INFO - There are 3 files in /opt/airflow/dags
[2026-06-07T23:09:32.823+0000] {manager.py:878} INFO - 
================================================================================
DAG File Processing Stats

File Path                                 PID  Runtime      # DAGs    # Errors  Last Runtime    Last Run
--------------------------------------  -----  ---------  --------  ----------  --------------  -------------------
/opt/airflow/dags/lms_etl_dag.py         2190  0.29s             1           0  0.59s           2026-06-07T23:09:02
/opt/airflow/dags/lms_analytics_dag.py                           1           0  0.36s           2026-06-07T23:09:30
/opt/airflow/dags/lms_common.py                                  0           0  0.08s           2026-06-07T23:09:11
================================================================================
[2026-06-07T23:10:03.110+0000] {manager.py:878} INFO - 
================================================================================
DAG File Processing Stats

File Path                               PID    Runtime      # DAGs    # Errors  Last Runtime    Last Run
--------------------------------------  -----  ---------  --------  ----------  --------------  -------------------
/opt/airflow/dags/lms_etl_dag.py                                 1           0  0.69s           2026-06-07T23:09:33
/opt/airflow/dags/lms_analytics_dag.py                           1           0  0.32s           2026-06-07T23:10:01
/opt/airflow/dags/lms_common.py                                  0           0  0.07s           2026-06-07T23:09:41
================================================================================
[2026-06-07T23:10:33.410+0000] {manager.py:878} INFO - 
================================================================================
DAG File Processing Stats

File Path                               PID    Runtime      # DAGs    # Errors  Last Runtime    Last Run
--------------------------------------  -----  ---------  --------  ----------  --------------  -------------------
/opt/airflow/dags/lms_etl_dag.py                                 1           0  0.99s           2026-06-07T23:10:04
/opt/airflow/dags/lms_analytics_dag.py                           1           0  0.32s           2026-06-07T23:10:31
/opt/airflow/dags/lms_common.py                                  0           0  0.07s           2026-06-07T23:10:12
================================================================================
[2026-06-07T23:11:04.017+0000] {manager.py:878} INFO - 
================================================================================
DAG File Processing Stats

File Path                               PID    Runtime      # DAGs    # Errors  Last Runtime    Last Run
--------------------------------------  -----  ---------  --------  ----------  --------------  -------------------
/opt/airflow/dags/lms_etl_dag.py                                 1           0  0.72s           2026-06-07T23:10:35
/opt/airflow/dags/lms_analytics_dag.py                           1           0  0.36s           2026-06-07T23:11:02
/opt/airflow/dags/lms_common.py                                  0           0  0.07s           2026-06-07T23:10:42
================================================================================
[2026-06-07T23:11:21.420+0000] {manager.py:452} INFO - Exiting gracefully upon receiving signal 15
